#
# A fatal error has been detected by the Java Runtime Environment:
#
#  EXCEPTION_ACCESS_VIOLATION (0xc0000005) at pc=0x00007fffa0406a87, pid=17008, tid=7228
#
# JRE version: OpenJDK Runtime Environment (19.0+36) (build 19+36-2238)
# Java VM: OpenJDK 64-Bit Server VM (19+36-2238, mixed mode, sharing, tiered, compressed oops, compressed class ptrs, g1 gc, windows-amd64)
# Problematic frame:
# C  [glass.dll+0x26a87]
#
# No core dump will be written. Minidumps are not enabled by default on client versions of Windows
#
# If you would like to submit a bug report, please visit:
#   https://bugreport.java.com/bugreport/crash.jsp
#

---------------  S U M M A R Y ------------

Command Line: -javaagent:C:\Program Files\JetBrains\IntelliJ IDEA Community Edition 2021.3.2\lib\idea_rt.jar=58974:C:\Program Files\JetBrains\IntelliJ IDEA Community Edition 2021.3.2\bin -Dfile.encoding=UTF-8 --module-path=C:\Users\makod\.m2\repository\org\openjfx\javafx-base\17.0.1\javafx-base-17.0.1-win.jar;C:\Users\makod\.m2\repository\org\openjfx\javafx-controls\17.0.1\javafx-controls-17.0.1-win.jar;C:\Users\makod\IdeaProjects\CourseProject2\target\classes;C:\Users\makod\.m2\repository\org\openjfx\javafx-fxml\17.0.1\javafx-fxml-17.0.1-win.jar;C:\Users\makod\.m2\repository\org\openjfx\javafx-graphics\17.0.1\javafx-graphics-17.0.1-win.jar -Djdk.module.main=sample.courseproject2 sample.courseproject2/sample.courseproject2.App

Host: Intel(R) Core(TM) i5-1035G1 CPU @ 1.00GHz, 8 cores, 15G,  Windows 11 , 64 bit Build 22000 (10.0.22000.708)
Time: Sun Oct  9 00:50:09 2022 RTZ 2 (s 11 , 64 bit Build 22000 (10.0.22000.708) elapsed time: 87.444348 seconds (0d 0h 1m 27s)

---------------  T H R E A D  ---------------

Current thread (0x0000024828c80910):  VMThread "VM Thread" [stack: 0x00000062dca00000,0x00000062dcb00000] [id=7228]

Stack: [0x00000062dca00000,0x00000062dcb00000],  sp=0x00000062dcafee30,  free space=1019k
Native frames: (J=compiled Java code, j=interpreted, Vv=VM code, C=native code)
C  [glass.dll+0x26a87]


siginfo: EXCEPTION_ACCESS_VIOLATION (0xc0000005), reading address 0x0000000000000000


Registers:
RAX=0x0000000000000000, RBX=0x0000024828c953f0, RCX=0x0000024828c80910, RDX=0x00000062dcafee30
RSP=0x00000062dcafee30, RBP=0x000002482db9da88, RSI=0x000002482db9da60, RDI=0x00006c46d8b3e7c5
R8 =0x0000000000010002, R9 =0x00006c46d8b3e7c5, R10=0x85f13e9656da4870, R11=0x00000062dcafedc0
R12=0x00007fffa0404354, R13=0x0000000000000001, R14=0x00000062dcafef38, R15=0x000002482db9da60
RIP=0x00007fffa0406a87, EFLAGS=0x0000000000010206


Register to memory mapping:

RIP=0x00007fffa0406a87 glass.dll
RAX=0x0 is NULL
RBX=0x0000024828c953f0 is a global jni handle
RCX=0x0000024828c80910 points into unknown readable memory: 0x00007fff753645d8 | d8 45 36 75 ff 7f 00 00
RDX=0x00000062dcafee30 points into unknown readable memory: 0x0000000000000000 | 00 00 00 00 00 00 00 00
RSP=0x00000062dcafee30 points into unknown readable memory: 0x0000000000000000 | 00 00 00 00 00 00 00 00
RBP=0x000002482db9da88 points into unknown readable memory: 0x00006c46d8b3e7c5 | c5 e7 b3 d8 46 6c 00 00
RSI=0x000002482db9da60 points into unknown readable memory: 0x000f93b2d0b42a45 | 45 2a b4 d0 b2 93 0f 00
RDI=0x00006c46d8b3e7c5 is an unknown value
R8 =0x0000000000010002 is an unknown value
R9 =0x00006c46d8b3e7c5 is an unknown value
R10=0x85f13e9656da4870 is an unknown value
R11=0x00000062dcafedc0 points into unknown readable memory: 0x000002482db9da60 | 60 da b9 2d 48 02 00 00
R12=0x00007fffa0404354 glass.dll
R13=0x0000000000000001 is an unknown value
R14=0x00000062dcafef38 points into unknown readable memory: 0x00000062dcafef20 | 20 ef af dc 62 00 00 00
R15=0x000002482db9da60 points into unknown readable memory: 0x000f93b2d0b42a45 | 45 2a b4 d0 b2 93 0f 00


Top of Stack: (sp=0x00000062dcafee30)
0x00000062dcafee30:   0000000000000000 000002482db9da60
0x00000062dcafee40:   0000000000000001 00007fffa0404354
0x00000062dcafee50:   000002482db9da68 00007fffba9cbea0
0x00000062dcafee60:   00006c46d8b3e7c5 0000024800000000
0x00000062dcafee70:   000002482db9da88 000002482db9da60
0x00000062dcafee80:   fffffffffffffffe 0000000000000000
0x00000062dcafee90:   0000000000000001 00007fffa03e0000
0x00000062dcafeea0:   00000062dcafef28 00007fffba9cbdb7
0x00000062dcafeeb0:   0000000000000000 00000062dcafef38
0x00000062dcafeec0:   00000062dcaff220 00007fffbaab12b0
0x00000062dcafeed0:   0000000000000001 00007fffba9cbd6d
0x00000062dcafeee0:   0000000000000000 0000000000000001
0x00000062dcafeef0:   0000000000000000 00000062dcafef28
0x00000062dcafef00:   fffffffffffffffe 00000062dcaff200
0x00000062dcafef10:   0000000000000000 00007fffa04041e1
0x00000062dcafef20:   00007fffa041a138 0000000000000002 

Instructions: (pc=0x00007fffa0406a87)
0x00007fffa0406987:   8b 4d 58 e8 01 cf ff ff 48 8b 4d 60 e8 f8 ce ff
0x00007fffa0406997:   ff 48 8b 95 80 00 00 00 48 8b 8d 18 01 00 00 e8
0x00007fffa04069a7:   c6 c3 ff ff 33 d2 33 c9 e8 3c e1 ff ff 90 48 89
0x00007fffa04069b7:   54 24 10 55 48 83 ec 20 48 8b ea 48 b8 00 00 00
0x00007fffa04069c7:   00 00 00 00 00 48 83 c4 20 5d c3 cc 40 55 48 8b
0x00007fffa04069d7:   ea 48 8b 01 33 c9 81 38 05 00 00 c0 0f 94 c1 8b
0x00007fffa04069e7:   c1 5d c3 cc 40 55 48 83 ec 20 48 8b ea 8a 4d 40
0x00007fffa04069f7:   48 83 c4 20 5d e9 f7 d2 ff ff cc 40 55 48 83 ec
0x00007fffa0406a07:   20 48 8b ea 8a 4d 20 e8 e5 d2 ff ff 90 48 83 c4
0x00007fffa0406a17:   20 5d c3 cc 40 55 48 83 ec 20 48 8b ea 48 83 c4
0x00007fffa0406a27:   20 5d e9 46 d1 ff ff cc 40 55 48 83 ec 30 48 8b
0x00007fffa0406a37:   ea 48 8b 01 8b 10 48 89 4c 24 28 89 54 24 20 4c
0x00007fffa0406a47:   8d 0d e7 d5 ff ff 4c 8b 45 70 8b 55 68 48 8b 4d
0x00007fffa0406a57:   60 e8 87 d0 ff ff 90 48 83 c4 30 5d c3 cc cc cc
0x00007fffa0406a67:   cc cc cc cc cc cc cc cc cc 40 53 48 83 ec 20 48
0x00007fffa0406a77:   8b 1d b3 30 01 00 48 85 db 74 16 e8 09 8b ff ff
0x00007fffa0406a87:   4c 8b 00 48 8b d3 48 8b c8 41 ff 90 b0 00 00 00
0x00007fffa0406a97:   90 48 83 c4 20 5b c3 cc cc 40 53 48 83 ec 20 48
0x00007fffa0406aa7:   8b 1d 2b 32 01 00 48 85 db 74 57 b8 ff ff ff ff
0x00007fffa0406ab7:   f0 0f c1 43 10 83 f8 01 75 3d 48 85 db 74 38 48
0x00007fffa0406ac7:   8b 0b 48 85 c9 74 0d ff 15 d4 07 00 00 48 c7 03
0x00007fffa0406ad7:   00 00 00 00 48 8b 4b 08 48 85 c9 74 0d e8 a7 cd
0x00007fffa0406ae7:   ff ff 48 c7 43 08 00 00 00 00 ba 18 00 00 00 48
0x00007fffa0406af7:   8b cb e8 92 cd ff ff 48 c7 05 cf 31 01 00 00 00
0x00007fffa0406b07:   00 00 48 83 c4 20 5b c3 cc 40 53 48 83 ec 20 48
0x00007fffa0406b17:   8b 1d 9b 31 01 00 48 85 db 74 57 b8 ff ff ff ff
0x00007fffa0406b27:   f0 0f c1 43 10 83 f8 01 75 3d 48 85 db 74 38 48
0x00007fffa0406b37:   8b 0b 48 85 c9 74 0d ff 15 64 07 00 00 48 c7 03
0x00007fffa0406b47:   00 00 00 00 48 8b 4b 08 48 85 c9 74 0d e8 37 cd
0x00007fffa0406b57:   ff ff 48 c7 43 08 00 00 00 00 ba 18 00 00 00 48
0x00007fffa0406b67:   8b cb e8 22 cd ff ff 48 c7 05 3f 31 01 00 00 00
0x00007fffa0406b77:   00 00 48 83 c4 20 5b c3 cc 40 53 48 83 ec 20 48 


Stack slot to memory mapping:
stack at sp + 0 slots: 0x0 is NULL
stack at sp + 1 slots: 0x000002482db9da60 points into unknown readable memory: 0x000f93b2d0b42a45 | 45 2a b4 d0 b2 93 0f 00
stack at sp + 2 slots: 0x0000000000000001 is an unknown value
stack at sp + 3 slots: 0x00007fffa0404354 glass.dll
stack at sp + 4 slots: 0x000002482db9da68 points into unknown readable memory: 0x00006c46d8b3e7c5 | c5 e7 b3 d8 46 6c 00 00
stack at sp + 5 slots: 0x00007fffba9cbea0 ucrtbase.dll
stack at sp + 6 slots: 0x00006c46d8b3e7c5 is an unknown value
stack at sp + 7 slots: 0x0000024800000000 is an unknown value

VM_Operation (0x00000062dc1fef10): Exit, mode: safepoint, requested by thread 0x000002482d406070


---------------  P R O C E S S  ---------------

Threads class SMR info:
_java_thread_list=0x000002482dd16640, length=20, elements={
0x00000248059ac690, 0x0000024828c9d8d0, 0x0000024828c9e4a0, 0x0000024828ca3c30,
0x0000024828ca4700, 0x0000024828ca51d0, 0x0000024828cb3b10, 0x0000024828cb78a0,
0x0000024828cb89f0, 0x0000024828c6d750, 0x000002482d4cbd60, 0x000002482d255080,
0x000002482d986570, 0x000002482db9e180, 0x000002482dcf87f0, 0x000002482dd03a90,
0x000002482ded4b60, 0x000002482ded3b70, 0x000002482ded30d0, 0x000002482d406070
}

Java Threads: ( => current thread )
  0x00000248059ac690 JavaThread "main" [_thread_blocked, id=504, stack(0x00000062dc400000,0x00000062dc500000)]
  0x0000024828c9d8d0 JavaThread "Reference Handler" daemon [_thread_blocked, id=4000, stack(0x00000062dcb00000,0x00000062dcc00000)]
  0x0000024828c9e4a0 JavaThread "Finalizer" daemon [_thread_blocked, id=18932, stack(0x00000062dcc00000,0x00000062dcd00000)]
  0x0000024828ca3c30 JavaThread "Attach Listener" daemon [_thread_blocked, id=22024, stack(0x00000062dce00000,0x00000062dcf00000)]
  0x0000024828ca4700 JavaThread "Service Thread" daemon [_thread_blocked, id=13552, stack(0x00000062dcf00000,0x00000062dd000000)]
  0x0000024828ca51d0 JavaThread "Monitor Deflation Thread" daemon [_thread_blocked, id=14860, stack(0x00000062dd000000,0x00000062dd100000)]
  0x0000024828cb3b10 JavaThread "C2 CompilerThread0" daemon [_thread_blocked, id=22984, stack(0x00000062dd100000,0x00000062dd200000)]
  0x0000024828cb78a0 JavaThread "C1 CompilerThread0" daemon [_thread_blocked, id=16292, stack(0x00000062dd200000,0x00000062dd300000)]
  0x0000024828cb89f0 JavaThread "Sweeper thread" daemon [_thread_blocked, id=23048, stack(0x00000062dd300000,0x00000062dd400000)]
  0x0000024828c6d750 JavaThread "Common-Cleaner" daemon [_thread_blocked, id=6568, stack(0x00000062dd400000,0x00000062dd500000)]
  0x000002482d4cbd60 JavaThread "Monitor Ctrl-Break" daemon [_thread_in_native, id=12276, stack(0x00000062dd700000,0x00000062dd800000)]
  0x000002482d255080 JavaThread "Notification Thread" daemon [_thread_blocked, id=5860, stack(0x00000062dd800000,0x00000062dd900000)]
  0x000002482d986570 JavaThread "QuantumRenderer-0" daemon [_thread_blocked, id=23520, stack(0x00000062dda00000,0x00000062ddb00000)]
  0x000002482db9e180 JavaThread "InvokeLaterDispatcher" daemon [_thread_blocked, id=8396, stack(0x00000062ddb00000,0x00000062ddc00000)]
  0x000002482dcf87f0 JavaThread "JavaFX Application Thread" [_thread_in_native, id=17536, stack(0x00000062ddc00000,0x00000062ddd00000)]
  0x000002482dd03a90 JavaThread "Thread-1" daemon [_thread_in_native, id=16376, stack(0x00000062de000000,0x00000062de100000)]
  0x000002482ded4b60 JavaThread "JavaFX-Launcher" [_thread_blocked, id=2792, stack(0x00000062de100000,0x00000062de200000)]
  0x000002482ded3b70 JavaThread "Prism Font Disposer" daemon [_thread_blocked, id=19312, stack(0x00000062dea00000,0x00000062deb00000)]
  0x000002482ded30d0 JavaThread "Cleaner-0" daemon [_thread_blocked, id=14960, stack(0x00000062deb00000,0x00000062dec00000)]
  0x000002482d406070 JavaThread "SIGINT handler" daemon [_thread_blocked, id=23052, stack(0x00000062dc100000,0x00000062dc200000)]

Other Threads:
=>0x0000024828c80910 VMThread "VM Thread" [stack: 0x00000062dca00000,0x00000062dcb00000] [id=7228]
  0x0000024805a1df70 WorkerThread "GC Thread#0" [stack: 0x00000062dc500000,0x00000062dc600000] [id=15516]
  0x000002482debb270 WorkerThread "GC Thread#1" [stack: 0x00000062de200000,0x00000062de300000] [id=20852]
  0x000002482dec8b70 WorkerThread "GC Thread#2" [stack: 0x00000062de300000,0x00000062de400000] [id=12180]
  0x000002482df4d6c0 WorkerThread "GC Thread#3" [stack: 0x00000062de400000,0x00000062de500000] [id=11468]
  0x000002482df0ef30 WorkerThread "GC Thread#4" [stack: 0x00000062de500000,0x00000062de600000] [id=11928]
  0x000002482dd043e0 WorkerThread "GC Thread#5" [stack: 0x00000062de600000,0x00000062de700000] [id=4952]
  0x000002482e3a5bf0 WorkerThread "GC Thread#6" [stack: 0x00000062dd500000,0x00000062dd600000] [id=14808]
  0x000002482e3a4b10 WorkerThread "GC Thread#7" [stack: 0x00000062dd600000,0x00000062dd700000] [id=17220]
  0x0000024805a2fdb0 ConcurrentGCThread "G1 Main Marker" terminated
  0x0000024805a30e90 WorkerThread "G1 Conc#0" [stack: 0x00000062dc700000,0x00000062dc800000] [id=15248]
  0x0000024828b3a520 ConcurrentGCThread "G1 Refine#0" terminated
  0x0000024828b3ae70 ConcurrentGCThread "G1 Service" terminated

Threads with active compile tasks:
C2 CompilerThread0  
[error occurred during error reporting (printing all threads), id 0xc0000005, EXCEPTION_ACCESS_VIOLATION (0xc0000005) at pc=0x00007fff75150753]

VM state: at safepoint (shutting down)

VM Mutex/Monitor currently owned by a thread:  ([mutex/lock_event])
[0x00000248059aa2f0] Threads_lock - owner thread: 0x0000024828c80910
[0x00000248059a98d0] Heap_lock - owner thread: 0x000002482d406070

Heap address: 0x0000000703400000, size: 4044 MB, Compressed Oops mode: Zero based, Oop shift amount: 3

CDS archive(s) mapped at: [0x0000000800000000-0x0000000800c40000-0x0000000800c40000), size 12845056, SharedBaseAddress: 0x0000000800000000, ArchiveRelocationMode: 0.
Compressed class space mapped at: 0x0000000801000000-0x0000000841000000, reserved size: 1073741824
Narrow klass base: 0x0000000800000000, Narrow klass shift: 0, Narrow klass range: 0x100000000

GC Precious Log:
 CardTable entry size: 512
 Card Set container configuration: InlinePtr #cards 4 size 8 Array Of Cards #cards 8 size 32 Howl #buckets 8 coarsen threshold 3686 Howl Bitmap #cards 512 size 80 coarsen threshold 460 Card regions per heap region 1 cards per card region 4096
 CPUs: 8 total, 8 available
 Memory: 16174M
 Large Page Support: Disabled
 NUMA Support: Disabled
 Compressed Oops: Enabled (Zero based)
 Heap Region Size: 2M
 Heap Min Capacity: 8M
 Heap Initial Capacity: 254M
 Heap Max Capacity: 4044M
 Pre-touch: Disabled
 Parallel Workers: 8
 Concurrent Workers: 2
 Concurrent Refinement Workers: 8
 Periodic GC: Disabled

Heap:
 garbage-first heap   total 260096K, used 13963K [0x0000000703400000, 0x0000000800000000)
  region size 2048K, 6 young (12288K), 3 survivors (6144K)
 Metaspace       used 15610K, committed 15872K, reserved 1114112K
  class space    used 2123K, committed 2240K, reserved 1048576K

Heap Regions: E=young(eden), S=young(survivor), O=old, HS=humongous(starts), HC=humongous(continues), CS=collection set, F=free, OA=open archive, CA=closed archive, TAMS=top-at-mark-start (previous, next)
|   0|0x0000000703400000, 0x0000000703600000, 0x0000000703600000|100%|HS|  |TAMS 0x0000000703400000, 0x0000000703400000| Complete 
|   1|0x0000000703600000, 0x00000007037a2c00, 0x0000000703800000| 81%| O|  |TAMS 0x0000000703600000, 0x0000000703600000| Untracked 
|   2|0x0000000703800000, 0x0000000703800000, 0x0000000703a00000|  0%| F|  |TAMS 0x0000000703800000, 0x0000000703800000| Untracked 
|   3|0x0000000703a00000, 0x0000000703a00000, 0x0000000703c00000|  0%| F|  |TAMS 0x0000000703a00000, 0x0000000703a00000| Untracked 
|   4|0x0000000703c00000, 0x0000000703c00000, 0x0000000703e00000|  0%| F|  |TAMS 0x0000000703c00000, 0x0000000703c00000| Untracked 
|   5|0x0000000703e00000, 0x0000000703e00000, 0x0000000704000000|  0%| F|  |TAMS 0x0000000703e00000, 0x0000000703e00000| Untracked 
|   6|0x0000000704000000, 0x0000000704000000, 0x0000000704200000|  0%| F|  |TAMS 0x0000000704000000, 0x0000000704000000| Untracked 
|   7|0x0000000704200000, 0x0000000704200000, 0x0000000704400000|  0%| F|  |TAMS 0x0000000704200000, 0x0000000704200000| Untracked 
|   8|0x0000000704400000, 0x0000000704400000, 0x0000000704600000|  0%| F|  |TAMS 0x0000000704400000, 0x0000000704400000| Untracked 
|   9|0x0000000704600000, 0x0000000704600000, 0x0000000704800000|  0%| F|  |TAMS 0x0000000704600000, 0x0000000704600000| Untracked 
|  10|0x0000000704800000, 0x0000000704800000, 0x0000000704a00000|  0%| F|  |TAMS 0x0000000704800000, 0x0000000704800000| Untracked 
|  11|0x0000000704a00000, 0x0000000704a00000, 0x0000000704c00000|  0%| F|  |TAMS 0x0000000704a00000, 0x0000000704a00000| Untracked 
|  12|0x0000000704c00000, 0x0000000704c00000, 0x0000000704e00000|  0%| F|  |TAMS 0x0000000704c00000, 0x0000000704c00000| Untracked 
|  13|0x0000000704e00000, 0x0000000704e00000, 0x0000000705000000|  0%| F|  |TAMS 0x0000000704e00000, 0x0000000704e00000| Untracked 
|  14|0x0000000705000000, 0x0000000705000000, 0x0000000705200000|  0%| F|  |TAMS 0x0000000705000000, 0x0000000705000000| Untracked 
|  15|0x0000000705200000, 0x0000000705200000, 0x0000000705400000|  0%| F|  |TAMS 0x0000000705200000, 0x0000000705200000| Untracked 
|  16|0x0000000705400000, 0x0000000705400000, 0x0000000705600000|  0%| F|  |TAMS 0x0000000705400000, 0x0000000705400000| Untracked 
|  17|0x0000000705600000, 0x0000000705600000, 0x0000000705800000|  0%| F|  |TAMS 0x0000000705600000, 0x0000000705600000| Untracked 
|  18|0x0000000705800000, 0x0000000705800000, 0x0000000705a00000|  0%| F|  |TAMS 0x0000000705800000, 0x0000000705800000| Untracked 
|  19|0x0000000705a00000, 0x0000000705a00000, 0x0000000705c00000|  0%| F|  |TAMS 0x0000000705a00000, 0x0000000705a00000| Untracked 
|  20|0x0000000705c00000, 0x0000000705c00000, 0x0000000705e00000|  0%| F|  |TAMS 0x0000000705c00000, 0x0000000705c00000| Untracked 
|  21|0x0000000705e00000, 0x0000000705e00000, 0x0000000706000000|  0%| F|  |TAMS 0x0000000705e00000, 0x0000000705e00000| Untracked 
|  22|0x0000000706000000, 0x0000000706000000, 0x0000000706200000|  0%| F|  |TAMS 0x0000000706000000, 0x0000000706000000| Untracked 
|  23|0x0000000706200000, 0x0000000706200000, 0x0000000706400000|  0%| F|  |TAMS 0x0000000706200000, 0x0000000706200000| Untracked 
|  24|0x0000000706400000, 0x0000000706400000, 0x0000000706600000|  0%| F|  |TAMS 0x0000000706400000, 0x0000000706400000| Untracked 
|  25|0x0000000706600000, 0x0000000706600000, 0x0000000706800000|  0%| F|  |TAMS 0x0000000706600000, 0x0000000706600000| Untracked 
|  26|0x0000000706800000, 0x0000000706800000, 0x0000000706a00000|  0%| F|  |TAMS 0x0000000706800000, 0x0000000706800000| Untracked 
|  27|0x0000000706a00000, 0x0000000706a00000, 0x0000000706c00000|  0%| F|  |TAMS 0x0000000706a00000, 0x0000000706a00000| Untracked 
|  28|0x0000000706c00000, 0x0000000706c00000, 0x0000000706e00000|  0%| F|  |TAMS 0x0000000706c00000, 0x0000000706c00000| Untracked 
|  29|0x0000000706e00000, 0x0000000706e00000, 0x0000000707000000|  0%| F|  |TAMS 0x0000000706e00000, 0x0000000706e00000| Untracked 
|  30|0x0000000707000000, 0x0000000707000000, 0x0000000707200000|  0%| F|  |TAMS 0x0000000707000000, 0x0000000707000000| Untracked 
|  31|0x0000000707200000, 0x0000000707200000, 0x0000000707400000|  0%| F|  |TAMS 0x0000000707200000, 0x0000000707200000| Untracked 
|  32|0x0000000707400000, 0x0000000707400000, 0x0000000707600000|  0%| F|  |TAMS 0x0000000707400000, 0x0000000707400000| Untracked 
|  33|0x0000000707600000, 0x0000000707600000, 0x0000000707800000|  0%| F|  |TAMS 0x0000000707600000, 0x0000000707600000| Untracked 
|  34|0x0000000707800000, 0x0000000707800000, 0x0000000707a00000|  0%| F|  |TAMS 0x0000000707800000, 0x0000000707800000| Untracked 
|  35|0x0000000707a00000, 0x0000000707a00000, 0x0000000707c00000|  0%| F|  |TAMS 0x0000000707a00000, 0x0000000707a00000| Untracked 
|  36|0x0000000707c00000, 0x0000000707c00000, 0x0000000707e00000|  0%| F|  |TAMS 0x0000000707c00000, 0x0000000707c00000| Untracked 
|  37|0x0000000707e00000, 0x0000000707e00000, 0x0000000708000000|  0%| F|  |TAMS 0x0000000707e00000, 0x0000000707e00000| Untracked 
|  38|0x0000000708000000, 0x0000000708000000, 0x0000000708200000|  0%| F|  |TAMS 0x0000000708000000, 0x0000000708000000| Untracked 
|  39|0x0000000708200000, 0x0000000708200000, 0x0000000708400000|  0%| F|  |TAMS 0x0000000708200000, 0x0000000708200000| Untracked 
|  40|0x0000000708400000, 0x0000000708400000, 0x0000000708600000|  0%| F|  |TAMS 0x0000000708400000, 0x0000000708400000| Untracked 
|  41|0x0000000708600000, 0x0000000708600000, 0x0000000708800000|  0%| F|  |TAMS 0x0000000708600000, 0x0000000708600000| Untracked 
|  42|0x0000000708800000, 0x0000000708800000, 0x0000000708a00000|  0%| F|  |TAMS 0x0000000708800000, 0x0000000708800000| Untracked 
|  43|0x0000000708a00000, 0x0000000708a00000, 0x0000000708c00000|  0%| F|  |TAMS 0x0000000708a00000, 0x0000000708a00000| Untracked 
|  44|0x0000000708c00000, 0x0000000708c00000, 0x0000000708e00000|  0%| F|  |TAMS 0x0000000708c00000, 0x0000000708c00000| Untracked 
|  45|0x0000000708e00000, 0x0000000708e00000, 0x0000000709000000|  0%| F|  |TAMS 0x0000000708e00000, 0x0000000708e00000| Untracked 
|  46|0x0000000709000000, 0x0000000709000000, 0x0000000709200000|  0%| F|  |TAMS 0x0000000709000000, 0x0000000709000000| Untracked 
|  47|0x0000000709200000, 0x0000000709200000, 0x0000000709400000|  0%| F|  |TAMS 0x0000000709200000, 0x0000000709200000| Untracked 
|  48|0x0000000709400000, 0x0000000709400000, 0x0000000709600000|  0%| F|  |TAMS 0x0000000709400000, 0x0000000709400000| Untracked 
|  49|0x0000000709600000, 0x0000000709600000, 0x0000000709800000|  0%| F|  |TAMS 0x0000000709600000, 0x0000000709600000| Untracked 
|  50|0x0000000709800000, 0x0000000709800000, 0x0000000709a00000|  0%| F|  |TAMS 0x0000000709800000, 0x0000000709800000| Untracked 
|  51|0x0000000709a00000, 0x0000000709a00000, 0x0000000709c00000|  0%| F|  |TAMS 0x0000000709a00000, 0x0000000709a00000| Untracked 
|  52|0x0000000709c00000, 0x0000000709c00000, 0x0000000709e00000|  0%| F|  |TAMS 0x0000000709c00000, 0x0000000709c00000| Untracked 
|  53|0x0000000709e00000, 0x0000000709e00000, 0x000000070a000000|  0%| F|  |TAMS 0x0000000709e00000, 0x0000000709e00000| Untracked 
|  54|0x000000070a000000, 0x000000070a000000, 0x000000070a200000|  0%| F|  |TAMS 0x000000070a000000, 0x000000070a000000| Untracked 
|  55|0x000000070a200000, 0x000000070a200000, 0x000000070a400000|  0%| F|  |TAMS 0x000000070a200000, 0x000000070a200000| Untracked 
|  56|0x000000070a400000, 0x000000070a400000, 0x000000070a600000|  0%| F|  |TAMS 0x000000070a400000, 0x000000070a400000| Untracked 
|  57|0x000000070a600000, 0x000000070a600000, 0x000000070a800000|  0%| F|  |TAMS 0x000000070a600000, 0x000000070a600000| Untracked 
|  58|0x000000070a800000, 0x000000070a800000, 0x000000070aa00000|  0%| F|  |TAMS 0x000000070a800000, 0x000000070a800000| Untracked 
|  59|0x000000070aa00000, 0x000000070aa00000, 0x000000070ac00000|  0%| F|  |TAMS 0x000000070aa00000, 0x000000070aa00000| Untracked 
|  60|0x000000070ac00000, 0x000000070ac00000, 0x000000070ae00000|  0%| F|  |TAMS 0x000000070ac00000, 0x000000070ac00000| Untracked 
|  61|0x000000070ae00000, 0x000000070ae00000, 0x000000070b000000|  0%| F|  |TAMS 0x000000070ae00000, 0x000000070ae00000| Untracked 
|  62|0x000000070b000000, 0x000000070b000000, 0x000000070b200000|  0%| F|  |TAMS 0x000000070b000000, 0x000000070b000000| Untracked 
|  63|0x000000070b200000, 0x000000070b200000, 0x000000070b400000|  0%| F|  |TAMS 0x000000070b200000, 0x000000070b200000| Untracked 
|  64|0x000000070b400000, 0x000000070b400000, 0x000000070b600000|  0%| F|  |TAMS 0x000000070b400000, 0x000000070b400000| Untracked 
|  65|0x000000070b600000, 0x000000070b600000, 0x000000070b800000|  0%| F|  |TAMS 0x000000070b600000, 0x000000070b600000| Untracked 
|  66|0x000000070b800000, 0x000000070b800000, 0x000000070ba00000|  0%| F|  |TAMS 0x000000070b800000, 0x000000070b800000| Untracked 
|  67|0x000000070ba00000, 0x000000070ba00000, 0x000000070bc00000|  0%| F|  |TAMS 0x000000070ba00000, 0x000000070ba00000| Untracked 
|  68|0x000000070bc00000, 0x000000070bc00000, 0x000000070be00000|  0%| F|  |TAMS 0x000000070bc00000, 0x000000070bc00000| Untracked 
|  69|0x000000070be00000, 0x000000070be00000, 0x000000070c000000|  0%| F|  |TAMS 0x000000070be00000, 0x000000070be00000| Untracked 
|  70|0x000000070c000000, 0x000000070c000000, 0x000000070c200000|  0%| F|  |TAMS 0x000000070c000000, 0x000000070c000000| Untracked 
|  71|0x000000070c200000, 0x000000070c200000, 0x000000070c400000|  0%| F|  |TAMS 0x000000070c200000, 0x000000070c200000| Untracked 
|  72|0x000000070c400000, 0x000000070c400000, 0x000000070c600000|  0%| F|  |TAMS 0x000000070c400000, 0x000000070c400000| Untracked 
|  73|0x000000070c600000, 0x000000070c600000, 0x000000070c800000|  0%| F|  |TAMS 0x000000070c600000, 0x000000070c600000| Untracked 
|  74|0x000000070c800000, 0x000000070c800000, 0x000000070ca00000|  0%| F|  |TAMS 0x000000070c800000, 0x000000070c800000| Untracked 
|  75|0x000000070ca00000, 0x000000070ca00000, 0x000000070cc00000|  0%| F|  |TAMS 0x000000070ca00000, 0x000000070ca00000| Untracked 
|  76|0x000000070cc00000, 0x000000070cc00000, 0x000000070ce00000|  0%| F|  |TAMS 0x000000070cc00000, 0x000000070cc00000| Untracked 
|  77|0x000000070ce00000, 0x000000070ce00000, 0x000000070d000000|  0%| F|  |TAMS 0x000000070ce00000, 0x000000070ce00000| Untracked 
|  78|0x000000070d000000, 0x000000070d000000, 0x000000070d200000|  0%| F|  |TAMS 0x000000070d000000, 0x000000070d000000| Untracked 
|  79|0x000000070d200000, 0x000000070d200000, 0x000000070d400000|  0%| F|  |TAMS 0x000000070d200000, 0x000000070d200000| Untracked 
|  80|0x000000070d400000, 0x000000070d400000, 0x000000070d600000|  0%| F|  |TAMS 0x000000070d400000, 0x000000070d400000| Untracked 
|  81|0x000000070d600000, 0x000000070d600000, 0x000000070d800000|  0%| F|  |TAMS 0x000000070d600000, 0x000000070d600000| Untracked 
|  82|0x000000070d800000, 0x000000070d800000, 0x000000070da00000|  0%| F|  |TAMS 0x000000070d800000, 0x000000070d800000| Untracked 
|  83|0x000000070da00000, 0x000000070da00000, 0x000000070dc00000|  0%| F|  |TAMS 0x000000070da00000, 0x000000070da00000| Untracked 
|  84|0x000000070dc00000, 0x000000070dc00000, 0x000000070de00000|  0%| F|  |TAMS 0x000000070dc00000, 0x000000070dc00000| Untracked 
|  85|0x000000070de00000, 0x000000070de00000, 0x000000070e000000|  0%| F|  |TAMS 0x000000070de00000, 0x000000070de00000| Untracked 
|  86|0x000000070e000000, 0x000000070e000000, 0x000000070e200000|  0%| F|  |TAMS 0x000000070e000000, 0x000000070e000000| Untracked 
|  87|0x000000070e200000, 0x000000070e200000, 0x000000070e400000|  0%| F|  |TAMS 0x000000070e200000, 0x000000070e200000| Untracked 
|  88|0x000000070e400000, 0x000000070e400000, 0x000000070e600000|  0%| F|  |TAMS 0x000000070e400000, 0x000000070e400000| Untracked 
|  89|0x000000070e600000, 0x000000070e600000, 0x000000070e800000|  0%| F|  |TAMS 0x000000070e600000, 0x000000070e600000| Untracked 
|  90|0x000000070e800000, 0x000000070e800000, 0x000000070ea00000|  0%| F|  |TAMS 0x000000070e800000, 0x000000070e800000| Untracked 
|  91|0x000000070ea00000, 0x000000070ea00000, 0x000000070ec00000|  0%| F|  |TAMS 0x000000070ea00000, 0x000000070ea00000| Untracked 
|  92|0x000000070ec00000, 0x000000070ec00000, 0x000000070ee00000|  0%| F|  |TAMS 0x000000070ec00000, 0x000000070ec00000| Untracked 
|  93|0x000000070ee00000, 0x000000070ee00000, 0x000000070f000000|  0%| F|  |TAMS 0x000000070ee00000, 0x000000070ee00000| Untracked 
|  94|0x000000070f000000, 0x000000070f000000, 0x000000070f200000|  0%| F|  |TAMS 0x000000070f000000, 0x000000070f000000| Untracked 
|  95|0x000000070f200000, 0x000000070f200000, 0x000000070f400000|  0%| F|  |TAMS 0x000000070f200000, 0x000000070f200000| Untracked 
|  96|0x000000070f400000, 0x000000070f400000, 0x000000070f600000|  0%| F|  |TAMS 0x000000070f400000, 0x000000070f400000| Untracked 
|  97|0x000000070f600000, 0x000000070f600000, 0x000000070f800000|  0%| F|  |TAMS 0x000000070f600000, 0x000000070f600000| Untracked 
|  98|0x000000070f800000, 0x000000070f800000, 0x000000070fa00000|  0%| F|  |TAMS 0x000000070f800000, 0x000000070f800000| Untracked 
|  99|0x000000070fa00000, 0x000000070fa00000, 0x000000070fc00000|  0%| F|  |TAMS 0x000000070fa00000, 0x000000070fa00000| Untracked 
| 100|0x000000070fc00000, 0x000000070fc00000, 0x000000070fe00000|  0%| F|  |TAMS 0x000000070fc00000, 0x000000070fc00000| Untracked 
| 101|0x000000070fe00000, 0x000000070fe00000, 0x0000000710000000|  0%| F|  |TAMS 0x000000070fe00000, 0x000000070fe00000| Untracked 
| 102|0x0000000710000000, 0x0000000710000000, 0x0000000710200000|  0%| F|  |TAMS 0x0000000710000000, 0x0000000710000000| Untracked 
| 103|0x0000000710200000, 0x0000000710200000, 0x0000000710400000|  0%| F|  |TAMS 0x0000000710200000, 0x0000000710200000| Untracked 
| 104|0x0000000710400000, 0x0000000710600000, 0x0000000710600000|100%| S|CS|TAMS 0x0000000710400000, 0x0000000710400000| Complete 
| 105|0x0000000710600000, 0x0000000710800000, 0x0000000710800000|100%| S|CS|TAMS 0x0000000710600000, 0x0000000710600000| Complete 
| 106|0x0000000710800000, 0x0000000710a00000, 0x0000000710a00000|100%| S|CS|TAMS 0x0000000710800000, 0x0000000710800000| Complete 
| 107|0x0000000710a00000, 0x0000000710a00000, 0x0000000710c00000|  0%| F|  |TAMS 0x0000000710a00000, 0x0000000710a00000| Untracked 
| 108|0x0000000710c00000, 0x0000000710c00000, 0x0000000710e00000|  0%| F|  |TAMS 0x0000000710c00000, 0x0000000710c00000| Untracked 
| 109|0x0000000710e00000, 0x0000000710e00000, 0x0000000711000000|  0%| F|  |TAMS 0x0000000710e00000, 0x0000000710e00000| Untracked 
| 110|0x0000000711000000, 0x0000000711000000, 0x0000000711200000|  0%| F|  |TAMS 0x0000000711000000, 0x0000000711000000| Untracked 
| 111|0x0000000711200000, 0x0000000711200000, 0x0000000711400000|  0%| F|  |TAMS 0x0000000711200000, 0x0000000711200000| Untracked 
| 112|0x0000000711400000, 0x0000000711400000, 0x0000000711600000|  0%| F|  |TAMS 0x0000000711400000, 0x0000000711400000| Untracked 
| 113|0x0000000711600000, 0x0000000711600000, 0x0000000711800000|  0%| F|  |TAMS 0x0000000711600000, 0x0000000711600000| Untracked 
| 114|0x0000000711800000, 0x0000000711800000, 0x0000000711a00000|  0%| F|  |TAMS 0x0000000711800000, 0x0000000711800000| Untracked 
| 115|0x0000000711a00000, 0x0000000711a00000, 0x0000000711c00000|  0%| F|  |TAMS 0x0000000711a00000, 0x0000000711a00000| Untracked 
| 116|0x0000000711c00000, 0x0000000711c00000, 0x0000000711e00000|  0%| F|  |TAMS 0x0000000711c00000, 0x0000000711c00000| Untracked 
| 117|0x0000000711e00000, 0x0000000711e00000, 0x0000000712000000|  0%| F|  |TAMS 0x0000000711e00000, 0x0000000711e00000| Untracked 
| 118|0x0000000712000000, 0x0000000712000000, 0x0000000712200000|  0%| F|  |TAMS 0x0000000712000000, 0x0000000712000000| Untracked 
| 119|0x0000000712200000, 0x0000000712200000, 0x0000000712400000|  0%| F|  |TAMS 0x0000000712200000, 0x0000000712200000| Untracked 
| 120|0x0000000712400000, 0x0000000712400000, 0x0000000712600000|  0%| F|  |TAMS 0x0000000712400000, 0x0000000712400000| Untracked 
| 121|0x0000000712600000, 0x0000000712600000, 0x0000000712800000|  0%| F|  |TAMS 0x0000000712600000, 0x0000000712600000| Untracked 
| 122|0x0000000712800000, 0x0000000712800000, 0x0000000712a00000|  0%| F|  |TAMS 0x0000000712800000, 0x0000000712800000| Untracked 
| 123|0x0000000712a00000, 0x0000000712a00000, 0x0000000712c00000|  0%| F|  |TAMS 0x0000000712a00000, 0x0000000712a00000| Untracked 
| 124|0x0000000712c00000, 0x0000000712c61cc0, 0x0000000712e00000| 19%| E|  |TAMS 0x0000000712c00000, 0x0000000712c00000| Complete 
| 125|0x0000000712e00000, 0x0000000713000000, 0x0000000713000000|100%| E|CS|TAMS 0x0000000712e00000, 0x0000000712e00000| Complete 
| 126|0x0000000713000000, 0x0000000713200000, 0x0000000713200000|100%| E|CS|TAMS 0x0000000713000000, 0x0000000713000000| Complete 

Card table byte_map: [0x000002481d430000,0x000002481dc20000] _byte_map_base: 0x0000024819c16000

Marking Bits (Prev, Next): (CMBitMap*) 0x0000024805a1f4c0, (CMBitMap*) 0x0000024805a1f500
 Prev Bits: [0x000002481e410000, 0x0000024822340000)
 Next Bits: [0x0000024822340000, 0x0000024826270000)

Polling page: 0x0000024803960000

Metaspace:

Usage:
  Non-class:     13.17 MB used.
      Class:      2.07 MB used.
       Both:     15.24 MB used.

Virtual space:
  Non-class space:       64.00 MB reserved,      13.31 MB ( 21%) committed,  1 nodes.
      Class space:        1.00 GB reserved,       2.19 MB ( <1%) committed,  1 nodes.
             Both:        1.06 GB reserved,      15.50 MB (  1%) committed. 

Chunk freelists:
   Non-Class:  1.81 MB
       Class:  1.76 MB
        Both:  3.58 MB

MaxMetaspaceSize: unlimited
CompressedClassSpaceSize: 1.00 GB
Initial GC threshold: 21.00 MB
Current GC threshold: 21.00 MB
CDS: on
MetaspaceReclaimPolicy: balanced
 - commit_granule_bytes: 65536.
 - commit_granule_words: 8192.
 - virtual_space_node_default_size: 8388608.
 - enlarge_chunks_in_place: 1.
 - new_chunks_are_fully_committed: 0.
 - uncommit_free_chunks: 1.
 - use_allocation_guard: 0.


Internal statistics:

num_allocs_failed_limit: 0.
num_arena_births: 332.
num_arena_deaths: 0.
num_vsnodes_births: 2.
num_vsnodes_deaths: 0.
num_space_committed: 248.
num_space_uncommitted: 0.
num_chunks_returned_to_freelist: 0.
num_chunks_taken_from_freelist: 805.
num_chunk_merges: 0.
num_chunk_splits: 557.
num_chunks_enlarged: 424.
num_inconsistent_stats: 0.

CodeHeap 'non-profiled nmethods': size=120000Kb used=998Kb max_used=998Kb free=119001Kb
 bounds [0x00000248153e0000, 0x0000024815650000, 0x000002481c910000]
CodeHeap 'profiled nmethods': size=120000Kb used=4737Kb max_used=4737Kb free=115262Kb
 bounds [0x000002480d910000, 0x000002480ddc0000, 0x0000024814e40000]
CodeHeap 'non-nmethods': size=5760Kb used=1522Kb max_used=1558Kb free=4238Kb
 bounds [0x0000024814e40000, 0x00000248150b0000, 0x00000248153e0000]
 total_blobs=3398 nmethods=2609 adapters=699
 compilation: enabled
              stopped_count=0, restarted_count=0
 full_count=0

Compilation events (20 events):
Event: 81.279 Thread 0x0000024828cb78a0 nmethod 2601 0x000002480ddab690 code [0x000002480ddab8c0, 0x000002480ddabee8]
Event: 81.279 Thread 0x0000024828cb78a0 2602       3       com.sun.javafx.tk.quantum.GlassViewEventHandler::lambda$handleMouseEvent$2 (18 bytes)
Event: 81.280 Thread 0x0000024828cb78a0 nmethod 2602 0x000002480ddac210 code [0x000002480ddac440, 0x000002480ddac9e8]
Event: 81.280 Thread 0x0000024828cb78a0 2603       3       com.sun.javafx.tk.quantum.GlassViewEventHandler$MouseEventNotification::run (5 bytes)
Event: 81.280 Thread 0x0000024828cb78a0 nmethod 2603 0x000002480ddacc90 code [0x000002480ddace40, 0x000002480ddacf88]
Event: 81.280 Thread 0x0000024828cb78a0 2604   !   3       com.sun.javafx.tk.quantum.GlassViewEventHandler$MouseEventNotification::run (703 bytes)
Event: 81.281 Thread 0x0000024828cb78a0 nmethod 2604 0x000002480ddad010 code [0x000002480ddad360, 0x000002480ddae748]
Event: 81.408 Thread 0x0000024828cb78a0 2605       3       com.sun.javafx.stage.WindowCloseRequestHandler::dispatchBubblingEvent (23 bytes)
Event: 81.408 Thread 0x0000024828cb78a0 nmethod 2605 0x000002480ddaef90 code [0x000002480ddaf160, 0x000002480ddaf538]
Event: 81.408 Thread 0x0000024828cb78a0 2606       3       com.sun.javafx.event.BasicEventDispatcher::dispatchBubblingEvent (2 bytes)
Event: 81.408 Thread 0x0000024828cb78a0 nmethod 2606 0x000002480ddaf690 code [0x000002480ddaf820, 0x000002480ddaf938]
Event: 81.471 Thread 0x0000024828cb3b10 2607       4       com.sun.javafx.event.EventHandlerManager::dispatchCapturingEvent (41 bytes)
Event: 81.471 Thread 0x0000024828cb78a0 2608       3       com.sun.javafx.scene.KeyboardShortcutsHandler::dispatchBubblingEvent (60 bytes)
Event: 81.472 Thread 0x0000024828cb78a0 nmethod 2608 0x000002480ddafa10 code [0x000002480ddafc00, 0x000002480ddb0308]
Event: 81.481 Thread 0x0000024828cb3b10 nmethod 2607 0x00000248154d8210 code [0x00000248154d83e0, 0x00000248154d8770]
Event: 86.381 Thread 0x0000024828cb3b10 2609       4       com.sun.javafx.tk.quantum.QuantumToolkit::postPulse (133 bytes)
Event: 86.388 Thread 0x0000024828cb3b10 nmethod 2609 0x00000248154d8b10 code [0x00000248154d8ce0, 0x00000248154d8f30]
Event: 86.637 Thread 0x0000024828cb3b10 2610       4       com.sun.javafx.tk.quantum.QuantumToolkit$$Lambda$80/0x000000080103b218::run (8 bytes)
Event: 86.644 Thread 0x0000024828cb3b10 nmethod 2610 0x00000248154d9210 code [0x00000248154d93e0, 0x00000248154d96c0]
Event: 87.084 Thread 0x0000024828cb3b10 2611       4       jdk.internal.org.objectweb.asm.SymbolTable::addConstantUtf8Reference (101 bytes)

GC Heap History (4 events):
Event: 0.677 GC heap before
{Heap before GC invocations=0 (full 0):
 garbage-first heap   total 260096K, used 20480K [0x0000000703400000, 0x0000000800000000)
  region size 2048K, 11 young (22528K), 0 survivors (0K)
 Metaspace       used 5163K, committed 5376K, reserved 1114112K
  class space    used 582K, committed 704K, reserved 1048576K
}
Event: 0.681 GC heap after
{Heap after GC invocations=1 (full 0):
 garbage-first heap   total 260096K, used 2815K [0x0000000703400000, 0x0000000800000000)
  region size 2048K, 2 young (4096K), 2 survivors (4096K)
 Metaspace       used 5163K, committed 5376K, reserved 1114112K
  class space    used 582K, committed 704K, reserved 1048576K
}
Event: 4.062 GC heap before
{Heap before GC invocations=1 (full 0):
 garbage-first heap   total 260096K, used 39679K [0x0000000703400000, 0x0000000800000000)
  region size 2048K, 20 young (40960K), 2 survivors (4096K)
 Metaspace       used 15220K, committed 15552K, reserved 1114112K
  class space    used 2111K, committed 2240K, reserved 1048576K
}
Event: 4.074 GC heap after
{Heap after GC invocations=2 (full 0):
 garbage-first heap   total 260096K, used 9867K [0x0000000703400000, 0x0000000800000000)
  region size 2048K, 3 young (6144K), 3 survivors (6144K)
 Metaspace       used 15220K, committed 15552K, reserved 1114112K
  class space    used 2111K, committed 2240K, reserved 1048576K
}

Dll operation events (20 events):
Event: 0.392 Loaded shared library C:\Users\makod\.openjfx\cache\17.0.1\api-ms-win-crt-filesystem-l1-1-0.dll
Event: 0.396 Loaded shared library C:\Users\makod\.openjfx\cache\17.0.1\api-ms-win-crt-heap-l1-1-0.dll
Event: 0.399 Loaded shared library C:\Users\makod\.openjfx\cache\17.0.1\api-ms-win-crt-locale-l1-1-0.dll
Event: 0.404 Loaded shared library C:\Users\makod\.openjfx\cache\17.0.1\api-ms-win-crt-math-l1-1-0.dll
Event: 0.408 Loaded shared library C:\Users\makod\.openjfx\cache\17.0.1\api-ms-win-crt-multibyte-l1-1-0.dll
Event: 0.412 Loaded shared library C:\Users\makod\.openjfx\cache\17.0.1\api-ms-win-crt-private-l1-1-0.dll
Event: 0.417 Loaded shared library C:\Users\makod\.openjfx\cache\17.0.1\api-ms-win-crt-process-l1-1-0.dll
Event: 0.420 Loaded shared library C:\Users\makod\.openjfx\cache\17.0.1\api-ms-win-crt-runtime-l1-1-0.dll
Event: 0.423 Loaded shared library C:\Users\makod\.openjfx\cache\17.0.1\api-ms-win-crt-stdio-l1-1-0.dll
Event: 0.427 Loaded shared library C:\Users\makod\.openjfx\cache\17.0.1\api-ms-win-crt-string-l1-1-0.dll
Event: 0.431 Loaded shared library C:\Users\makod\.openjfx\cache\17.0.1\api-ms-win-crt-time-l1-1-0.dll
Event: 0.435 Loaded shared library C:\Users\makod\.openjfx\cache\17.0.1\api-ms-win-crt-utility-l1-1-0.dll
Event: 0.449 Loaded shared library C:\Users\makod\.openjfx\cache\17.0.1\ucrtbase.dll
Event: 0.453 Loaded shared library C:\Users\makod\.openjfx\cache\17.0.1\vcruntime140.dll
Event: 0.456 Loaded shared library C:\Users\makod\.openjfx\cache\17.0.1\vcruntime140_1.dll
Event: 0.464 Loaded shared library C:\Users\makod\.openjfx\cache\17.0.1\msvcp140.dll
Event: 0.503 Loaded shared library C:\Users\makod\.openjfx\cache\17.0.1\prism_d3d.dll
Event: 0.565 Loaded shared library C:\Users\makod\.openjfx\cache\17.0.1\glass.dll
Event: 0.672 Loaded shared library C:\Users\makod\.jdks\openjdk-19\bin\jimage.dll
Event: 0.890 Loaded shared library C:\Users\makod\.openjfx\cache\17.0.1\javafx_font.dll

Deoptimization events (20 events):
Event: 3.244 Thread 0x000002482dcf87f0 Uncommon trap: trap_request=0xffffff45 fr.pc=0x0000024815462868 relative=0x0000000000000148
Event: 3.244 Thread 0x000002482dcf87f0 Uncommon trap: reason=unstable_if action=reinterpret pc=0x0000024815462868 method=java.lang.String.startsWith(Ljava/lang/String;I)Z @ 50 c2
Event: 3.244 Thread 0x000002482dcf87f0 DEOPT PACKING pc=0x0000024815462868 sp=0x00000062ddcfcbc0
Event: 3.244 Thread 0x000002482dcf87f0 DEOPT UNPACKING pc=0x0000024814eaa5a3 sp=0x00000062ddcfcac8 mode 2
Event: 3.244 Thread 0x000002482dcf87f0 Uncommon trap: trap_request=0xffffff45 fr.pc=0x000002481541b024 relative=0x0000000000000184
Event: 3.244 Thread 0x000002482dcf87f0 Uncommon trap: reason=unstable_if action=reinterpret pc=0x000002481541b024 method=java.lang.String.startsWith(Ljava/lang/String;I)Z @ 50 c2
Event: 3.244 Thread 0x000002482dcf87f0 DEOPT PACKING pc=0x000002481541b024 sp=0x00000062ddcfcb50
Event: 3.244 Thread 0x000002482dcf87f0 DEOPT UNPACKING pc=0x0000024814eaa5a3 sp=0x00000062ddcfcac8 mode 2
Event: 3.291 Thread 0x000002482dcf87f0 Uncommon trap: trap_request=0xffffff45 fr.pc=0x0000024815430c78 relative=0x0000000000000158
Event: 3.291 Thread 0x000002482dcf87f0 Uncommon trap: reason=unstable_if action=reinterpret pc=0x0000024815430c78 method=java.lang.String.indexOf(II)I @ 4 c2
Event: 3.291 Thread 0x000002482dcf87f0 DEOPT PACKING pc=0x0000024815430c78 sp=0x00000062ddcfc150
Event: 3.291 Thread 0x000002482dcf87f0 DEOPT UNPACKING pc=0x0000024814eaa5a3 sp=0x00000062ddcfc080 mode 2
Event: 3.291 Thread 0x000002482dcf87f0 Uncommon trap: trap_request=0xffffff45 fr.pc=0x00000248153f252c relative=0x000000000000018c
Event: 3.291 Thread 0x000002482dcf87f0 Uncommon trap: reason=unstable_if action=reinterpret pc=0x00000248153f252c method=java.lang.String.isLatin1()Z @ 10 c2
Event: 3.291 Thread 0x000002482dcf87f0 DEOPT PACKING pc=0x00000248153f252c sp=0x00000062ddcfc0e0
Event: 3.291 Thread 0x000002482dcf87f0 DEOPT UNPACKING pc=0x0000024814eaa5a3 sp=0x00000062ddcfc020 mode 2
Event: 5.406 Thread 0x000002482dcf87f0 Uncommon trap: trap_request=0xffffff45 fr.pc=0x00000248153ed020 relative=0x0000000000000180
Event: 5.406 Thread 0x000002482dcf87f0 Uncommon trap: reason=unstable_if action=reinterpret pc=0x00000248153ed020 method=java.lang.StringCoding.countPositives([BII)I @ 17 c2
Event: 5.407 Thread 0x000002482dcf87f0 DEOPT PACKING pc=0x00000248153ed020 sp=0x00000062ddcfa150
Event: 5.407 Thread 0x000002482dcf87f0 DEOPT UNPACKING pc=0x0000024814eaa5a3 sp=0x00000062ddcfa110 mode 2

Classes loaded (20 events):
Event: 7.388 Loading class java/text/BreakIterator
Event: 7.388 Loading class java/text/BreakIterator done
Event: 7.389 Loading class sun/util/locale/provider/BreakIteratorProviderImpl
Event: 7.390 Loading class sun/util/locale/provider/BreakIteratorProviderImpl done
Event: 7.391 Loading class sun/text/resources/BreakIteratorInfo
Event: 7.391 Loading class sun/text/resources/BreakIteratorInfo done
Event: 7.392 Loading class sun/text/resources/BreakIteratorResources
Event: 7.392 Loading class sun/util/resources/BreakIteratorResourceBundle
Event: 7.392 Loading class sun/util/resources/BreakIteratorResourceBundle done
Event: 7.392 Loading class sun/text/resources/BreakIteratorResources done
Event: 7.393 Loading class sun/text/RuleBasedBreakIterator
Event: 7.394 Loading class sun/text/RuleBasedBreakIterator done
Event: 7.395 Loading class sun/text/CompactByteArray
Event: 7.395 Loading class sun/text/CompactByteArray done
Event: 7.395 Loading class sun/text/SupplementaryCharacterData
Event: 7.395 Loading class sun/text/SupplementaryCharacterData done
Event: 7.395 Loading class java/text/BreakIterator$BreakIteratorCache
Event: 7.395 Loading class java/text/BreakIterator$BreakIteratorCache done
Event: 87.082 Loading class jdk/internal/misc/Signal$1
Event: 87.082 Loading class jdk/internal/misc/Signal$1 done

Classes unloaded (0 events):
No events

Classes redefined (0 events):
No events

Internal exceptions (20 events):
Event: 1.018 Thread 0x000002482dcf87f0 Exception <a 'java/lang/NoSuchMethodError'{0x00000007122fbe20}: 'int java.lang.invoke.DirectMethodHandle$Holder.invokeSpecial(java.lang.Object, java.lang.Object, java.lang.Object)'> (0x00000007122fbe20) 
thrown [s\open\src\hotspot\share\interpreter\linkResolver.cpp, line 774]
Event: 1.025 Thread 0x000002482dcf87f0 Exception <a 'sun/nio/fs/WindowsException'{0x0000000712320670}> (0x0000000712320670) 
thrown [s\open\src\hotspot\share\prims\jni.cpp, line 517]
Event: 1.111 Thread 0x000002482dcf87f0 Implicit null exception at 0x00000248154070d8 to 0x000002481540716e
Event: 1.151 Thread 0x000002482dcf87f0 Implicit null exception at 0x000002481544e0af to 0x000002481544e328
Event: 1.152 Thread 0x000002482dcf87f0 Implicit null exception at 0x000002481544c2ad to 0x000002481544c4d8
Event: 1.156 Thread 0x000002482dcf87f0 Implicit null exception at 0x00000248153fcd2f to 0x00000248153fcda9
Event: 1.237 Thread 0x000002482dcf87f0 Implicit null exception at 0x000002481544778c to 0x0000024815447dcc
Event: 1.294 Thread 0x000002482dcf87f0 Exception <a 'java/lang/ClassNotFoundException'{0x00000007117c7c78}: com/sun/javafx/scene/control/skin/resources/controls> (0x00000007117c7c78) 
thrown [s\open\src\hotspot\share\prims\jni.cpp, line 536]
Event: 1.295 Thread 0x000002482dcf87f0 Exception <a 'java/lang/ClassNotFoundException'{0x00000007117d5a50}: com/sun/javafx/scene/control/skin/resources/controls_ru> (0x00000007117d5a50) 
thrown [s\open\src\hotspot\share\prims\jni.cpp, line 536]
Event: 1.296 Thread 0x000002482dcf87f0 Exception <a 'java/lang/ClassNotFoundException'{0x00000007117d69f8}: com/sun/javafx/scene/control/skin/resources/controls_ru_RU> (0x00000007117d69f8) 
thrown [s\open\src\hotspot\share\prims\jni.cpp, line 536]
Event: 1.348 Thread 0x000002482dcf87f0 Exception <a 'java/lang/NoSuchMethodError'{0x000000071158daa8}: 'void java.lang.invoke.DirectMethodHandle$Holder.invokeSpecial(java.lang.Object, java.lang.Object, java.lang.Object, java.lang.Object, java.lang.Object, java.lang.Object)'> (0x000000071158daa8) 
thrown [s\open\src\hotspot\share\interpreter\linkResolver.cpp, line 774]
Event: 1.393 Thread 0x000002482dcf87f0 Exception <a 'java/lang/NoSuchMethodError'{0x0000000711090f78}: 'java.lang.Object java.lang.invoke.DirectMethodHandle$Holder.invokeInterface(java.lang.Object, java.lang.Object, java.lang.Object)'> (0x0000000711090f78) 
thrown [s\open\src\hotspot\share\interpreter\linkResolver.cpp, line 774]
Event: 1.393 Thread 0x000002482dcf87f0 Exception <a 'java/lang/IncompatibleClassChangeError'{0x0000000711094908}: Found class java.lang.Object, but interface was expected> (0x0000000711094908) 
thrown [s\open\src\hotspot\share\interpreter\linkResolver.cpp, line 841]
Event: 1.457 Thread 0x000002482dcf87f0 Exception <a 'java/lang/NoSuchMethodError'{0x0000000710e343c0}: 'int java.lang.invoke.DirectMethodHandle$Holder.invokeSpecial(java.lang.Object, java.lang.Object, int)'> (0x0000000710e343c0) 
thrown [s\open\src\hotspot\share\interpreter\linkResolver.cpp, line 774]
Event: 1.469 Thread 0x000002482dcf87f0 Exception <a 'java/lang/NoSuchMethodError'{0x0000000710e770a8}: 'java.lang.Object java.lang.invoke.DirectMethodHandle$Holder.newInvokeSpecial(java.lang.Object, java.lang.Object, int)'> (0x0000000710e770a8) 
thrown [s\open\src\hotspot\share\interpreter\linkResolver.cpp, line 774]
Event: 1.496 Thread 0x000002482d986570 Exception <a 'java/lang/NoSuchMethodError'{0x0000000710f27b30}: 'int java.lang.invoke.DirectMethodHandle$Holder.invokeStaticInit(java.lang.Object, java.lang.Object)'> (0x0000000710f27b30) 
thrown [s\open\src\hotspot\share\interpreter\linkResolver.cpp, line 774]
Event: 1.509 Thread 0x000002482dcf87f0 Exception <a 'java/lang/NoSuchMethodError'{0x0000000710f69368}: 'long java.lang.invoke.DirectMethodHandle$Holder.invokeStatic(java.lang.Object, java.lang.Object, java.lang.Object)'> (0x0000000710f69368) 
thrown [s\open\src\hotspot\share\interpreter\linkResolver.cpp, line 774]
Event: 1.510 Thread 0x000002482dcf87f0 Exception <a 'java/lang/NoSuchMethodError'{0x0000000710f6c9e0}: 'long java.lang.invoke.DirectMethodHandle$Holder.invokeStaticInit(java.lang.Object, java.lang.Object, java.lang.Object)'> (0x0000000710f6c9e0) 
thrown [s\open\src\hotspot\share\interpreter\linkResolver.cpp, line 774]
Event: 1.513 Thread 0x000002482dcf87f0 Exception <a 'java/lang/NoSuchMethodError'{0x0000000710fed8e8}: 'java.lang.Object java.lang.invoke.DirectMethodHandle$Holder.newInvokeSpecial(java.lang.Object, java.lang.Object, long)'> (0x0000000710fed8e8) 
thrown [s\open\src\hotspot\share\interpreter\linkResolver.cpp, line 774]
Event: 1.514 Thread 0x000002482dcf87f0 Exception <a 'java/lang/NoSuchMethodError'{0x0000000710ff1470}: 'java.lang.Object java.lang.invoke.Invokers$Holder.linkToTargetMethod(java.lang.Object, long, java.lang.Object)'> (0x0000000710ff1470) 
thrown [s\open\src\hotspot\share\interpreter\linkResolver.cpp, line 774]

VM Operations (20 events):
Event: 19.079 Executing VM operation: Cleanup done
Event: 24.081 Executing VM operation: Cleanup
Event: 24.081 Executing VM operation: Cleanup done
Event: 73.547 Executing VM operation: Cleanup
Event: 73.547 Executing VM operation: Cleanup done
Event: 74.557 Executing VM operation: Cleanup
Event: 74.557 Executing VM operation: Cleanup done
Event: 75.571 Executing VM operation: Cleanup
Event: 75.571 Executing VM operation: Cleanup done
Event: 76.575 Executing VM operation: Cleanup
Event: 76.575 Executing VM operation: Cleanup done
Event: 78.602 Executing VM operation: Cleanup
Event: 78.602 Executing VM operation: Cleanup done
Event: 79.603 Executing VM operation: Cleanup
Event: 79.603 Executing VM operation: Cleanup done
Event: 81.603 Executing VM operation: Cleanup
Event: 81.603 Executing VM operation: Cleanup done
Event: 83.604 Executing VM operation: Cleanup
Event: 83.604 Executing VM operation: Cleanup done
Event: 87.085 Executing VM operation: Exit

Events (20 events):
Event: 0.115 Thread 0x000002482d137bb0 Thread added: 0x000002482d137bb0
Event: 0.198 Thread 0x000002482d4cbd60 Thread added: 0x000002482d4cbd60
Event: 0.198 Thread 0x000002482d255080 Thread added: 0x000002482d255080
Event: 0.494 Thread 0x000002482d986570 Thread added: 0x000002482d986570
Event: 0.566 Thread 0x000002482db9e180 Thread added: 0x000002482db9e180
Event: 0.569 Thread 0x000002482dcf87f0 Thread added: 0x000002482dcf87f0
Event: 0.637 Thread 0x000002482dd03a90 Thread added: 0x000002482dd03a90
Event: 0.641 Thread 0x000002482ded4b60 Thread added: 0x000002482ded4b60
Event: 1.365 Thread 0x000002482ded3b70 Thread added: 0x000002482ded3b70
Event: 1.570 Thread 0x000002482ded30d0 Thread added: 0x000002482ded30d0
Event: 1.591 Thread 0x000002482d137bb0 Thread exited: 0x000002482d137bb0
Event: 1.604 Thread 0x000002482d0dc330 Thread exited: 0x000002482d0dc330
Event: 5.478 Thread 0x000002482e3994d0 Thread added: 0x000002482e3994d0
Event: 6.136 Thread 0x000002482e3994d0 Thread exited: 0x000002482e3994d0
Event: 87.083 Thread 0x000002482d406070 Thread added: 0x000002482d406070
Event: 87.083 Thread 0x000002482d400620 Thread added: 0x000002482d400620
Event: 87.083 Thread 0x000002482d4045e0 Thread added: 0x000002482d4045e0
Event: 87.084 Thread 0x000002482d400620 Thread exited: 0x000002482d400620
Event: 87.085 Thread 0x000002482d4045e0 Thread exited: 0x000002482d4045e0
Event: 87.085 Thread 0x0000024828ca0f90 Thread exited: 0x0000024828ca0f90


Dynamic libraries:
0x00007ff685e40000 - 0x00007ff685e4e000 	C:\Users\makod\.jdks\openjdk-19\bin\java.exe
0x00007fffbccc0000 - 0x00007fffbcec9000 	C:\WINDOWS\SYSTEM32\ntdll.dll
0x00007fffbb580000 - 0x00007fffbb63d000 	C:\WINDOWS\System32\KERNEL32.DLL
0x00007fffba430000 - 0x00007fffba7ac000 	C:\WINDOWS\System32\KERNELBASE.dll
0x00007fffba9b0000 - 0x00007fffbaac1000 	C:\WINDOWS\System32\ucrtbase.dll
0x00007fffa5900000 - 0x00007fffa591b000 	C:\Users\makod\.jdks\openjdk-19\bin\VCRUNTIME140.dll
0x00007fffa58e0000 - 0x00007fffa58f7000 	C:\Users\makod\.jdks\openjdk-19\bin\jli.dll
0x00007fffbafb0000 - 0x00007fffbb15d000 	C:\WINDOWS\System32\USER32.dll
0x00007fffa2150000 - 0x00007fffa23f5000 	C:\WINDOWS\WinSxS\amd64_microsoft.windows.common-controls_6595b64144ccf1df_6.0.22000.120_none_9d947278b86cc467\COMCTL32.dll
0x00007fffbca90000 - 0x00007fffbcb33000 	C:\WINDOWS\System32\msvcrt.dll
0x00007fffba7b0000 - 0x00007fffba7d6000 	C:\WINDOWS\System32\win32u.dll
0x00007fffbc5c0000 - 0x00007fffbc5e9000 	C:\WINDOWS\System32\GDI32.dll
0x00007fffba310000 - 0x00007fffba429000 	C:\WINDOWS\System32\gdi32full.dll
0x00007fffba7e0000 - 0x00007fffba87d000 	C:\WINDOWS\System32\msvcp_win.dll
0x00007fffbb640000 - 0x00007fffbb671000 	C:\WINDOWS\System32\IMM32.DLL
0x00007fffb38b0000 - 0x00007fffb38bc000 	C:\Users\makod\.jdks\openjdk-19\bin\vcruntime140_1.dll
0x00007fffa11d0000 - 0x00007fffa125e000 	C:\Users\makod\.jdks\openjdk-19\bin\msvcp140.dll
0x00007fff74940000 - 0x00007fff75600000 	C:\Users\makod\.jdks\openjdk-19\bin\server\jvm.dll
0x00007fffbcb40000 - 0x00007fffbcbee000 	C:\WINDOWS\System32\ADVAPI32.dll
0x00007fffbab50000 - 0x00007fffbabee000 	C:\WINDOWS\System32\sechost.dll
0x00007fffbacf0000 - 0x00007fffbae10000 	C:\WINDOWS\System32\RPCRT4.dll
0x00007fffb3770000 - 0x00007fffb37a3000 	C:\WINDOWS\SYSTEM32\WINMM.dll
0x00007fffb2b70000 - 0x00007fffb2b7a000 	C:\WINDOWS\SYSTEM32\VERSION.dll
0x00007fffb3870000 - 0x00007fffb3879000 	C:\WINDOWS\SYSTEM32\WSOCK32.dll
0x00007fffbb2c0000 - 0x00007fffbb32f000 	C:\WINDOWS\System32\WS2_32.dll
0x00007fffb9380000 - 0x00007fffb9398000 	C:\WINDOWS\SYSTEM32\kernel.appcore.dll
0x00007fffb37f0000 - 0x00007fffb37fa000 	C:\Users\makod\.jdks\openjdk-19\bin\jimage.dll
0x00007fffb7730000 - 0x00007fffb7951000 	C:\WINDOWS\SYSTEM32\DBGHELP.DLL
0x00007fffb0e70000 - 0x00007fffb0ea1000 	C:\WINDOWS\SYSTEM32\dbgcore.DLL
0x00007fffbaad0000 - 0x00007fffbab4f000 	C:\WINDOWS\System32\bcryptPrimitives.dll
0x00007fffae5f0000 - 0x00007fffae5fe000 	C:\Users\makod\.jdks\openjdk-19\bin\instrument.dll
0x00007fffa1a00000 - 0x00007fffa1a26000 	C:\Users\makod\.jdks\openjdk-19\bin\java.dll
0x00007fffa0b20000 - 0x00007fffa0bf7000 	C:\Users\makod\.jdks\openjdk-19\bin\jsvml.dll
0x00007fffbb680000 - 0x00007fffbbe38000 	C:\WINDOWS\System32\SHELL32.dll
0x00007fffb82e0000 - 0x00007fffb8b48000 	C:\WINDOWS\SYSTEM32\windows.storage.dll
0x00007fffbc710000 - 0x00007fffbca89000 	C:\WINDOWS\System32\combase.dll
0x00007fffb8170000 - 0x00007fffb82d6000 	C:\WINDOWS\SYSTEM32\wintypes.dll
0x00007fffbb430000 - 0x00007fffbb51a000 	C:\WINDOWS\System32\SHCORE.dll
0x00007fffbc4a0000 - 0x00007fffbc4fd000 	C:\WINDOWS\System32\shlwapi.dll
0x00007fffba0d0000 - 0x00007fffba0f1000 	C:\WINDOWS\SYSTEM32\profapi.dll
0x00007fffa1bd0000 - 0x00007fffa1be3000 	C:\Users\makod\.jdks\openjdk-19\bin\net.dll
0x00007fffb3d00000 - 0x00007fffb3e0c000 	C:\WINDOWS\SYSTEM32\WINHTTP.dll
0x00007fffb97b0000 - 0x00007fffb9817000 	C:\WINDOWS\system32\mswsock.dll
0x00007fffa19e0000 - 0x00007fffa19f6000 	C:\Users\makod\.jdks\openjdk-19\bin\nio.dll
0x00007fffa19c0000 - 0x00007fffa19d8000 	C:\Users\makod\.jdks\openjdk-19\bin\zip.dll
0x00007fffa16b0000 - 0x00007fffa16ca000 	C:\Program Files\JetBrains\IntelliJ IDEA Community Edition 2021.3.2\bin\breakgen64.dll
0x00000248039b0000 - 0x00000248039b3000 	C:\Users\makod\.openjfx\cache\17.0.1\api-ms-win-core-console-l1-1-0.dll
0x00000248039c0000 - 0x00000248039c3000 	C:\Users\makod\.openjfx\cache\17.0.1\api-ms-win-core-console-l1-2-0.dll
0x0000024805940000 - 0x0000024805943000 	C:\Users\makod\.openjfx\cache\17.0.1\api-ms-win-core-datetime-l1-1-0.dll
0x0000024805950000 - 0x0000024805953000 	C:\Users\makod\.openjfx\cache\17.0.1\api-ms-win-core-debug-l1-1-0.dll
0x0000024805960000 - 0x0000024805963000 	C:\Users\makod\.openjfx\cache\17.0.1\api-ms-win-core-errorhandling-l1-1-0.dll
0x0000024805970000 - 0x0000024805974000 	C:\Users\makod\.openjfx\cache\17.0.1\api-ms-win-core-file-l1-1-0.dll
0x0000024828e00000 - 0x0000024828e03000 	C:\Users\makod\.openjfx\cache\17.0.1\api-ms-win-core-file-l1-2-0.dll
0x0000024828e10000 - 0x0000024828e13000 	C:\Users\makod\.openjfx\cache\17.0.1\api-ms-win-core-file-l2-1-0.dll
0x0000024828e20000 - 0x0000024828e23000 	C:\Users\makod\.openjfx\cache\17.0.1\api-ms-win-core-handle-l1-1-0.dll
0x0000024828e30000 - 0x0000024828e33000 	C:\Users\makod\.openjfx\cache\17.0.1\api-ms-win-core-heap-l1-1-0.dll
0x0000024828e40000 - 0x0000024828e43000 	C:\Users\makod\.openjfx\cache\17.0.1\api-ms-win-core-interlocked-l1-1-0.dll
0x0000024828e50000 - 0x0000024828e53000 	C:\Users\makod\.openjfx\cache\17.0.1\api-ms-win-core-libraryloader-l1-1-0.dll
0x0000024828e60000 - 0x0000024828e63000 	C:\Users\makod\.openjfx\cache\17.0.1\api-ms-win-core-localization-l1-2-0.dll
0x0000024828e70000 - 0x0000024828e73000 	C:\Users\makod\.openjfx\cache\17.0.1\api-ms-win-core-memory-l1-1-0.dll
0x0000024828e80000 - 0x0000024828e83000 	C:\Users\makod\.openjfx\cache\17.0.1\api-ms-win-core-namedpipe-l1-1-0.dll
0x0000024828e90000 - 0x0000024828e93000 	C:\Users\makod\.openjfx\cache\17.0.1\api-ms-win-core-processenvironment-l1-1-0.dll
0x0000024828ea0000 - 0x0000024828ea3000 	C:\Users\makod\.openjfx\cache\17.0.1\api-ms-win-core-processthreads-l1-1-0.dll
0x0000024828eb0000 - 0x0000024828eb3000 	C:\Users\makod\.openjfx\cache\17.0.1\api-ms-win-core-processthreads-l1-1-1.dll
0x0000024828ec0000 - 0x0000024828ec3000 	C:\Users\makod\.openjfx\cache\17.0.1\api-ms-win-core-profile-l1-1-0.dll
0x0000024828ed0000 - 0x0000024828ed3000 	C:\Users\makod\.openjfx\cache\17.0.1\api-ms-win-core-rtlsupport-l1-1-0.dll
0x0000024828ee0000 - 0x0000024828ee3000 	C:\Users\makod\.openjfx\cache\17.0.1\api-ms-win-core-string-l1-1-0.dll
0x0000024828ef0000 - 0x0000024828ef3000 	C:\Users\makod\.openjfx\cache\17.0.1\api-ms-win-core-synch-l1-1-0.dll
0x0000024828f00000 - 0x0000024828f03000 	C:\Users\makod\.openjfx\cache\17.0.1\api-ms-win-core-synch-l1-2-0.dll
0x0000024828f10000 - 0x0000024828f13000 	C:\Users\makod\.openjfx\cache\17.0.1\api-ms-win-core-sysinfo-l1-1-0.dll
0x0000024828f20000 - 0x0000024828f23000 	C:\Users\makod\.openjfx\cache\17.0.1\api-ms-win-core-timezone-l1-1-0.dll
0x0000024828f30000 - 0x0000024828f33000 	C:\Users\makod\.openjfx\cache\17.0.1\api-ms-win-core-util-l1-1-0.dll
0x0000024828f40000 - 0x0000024828f43000 	C:\Users\makod\.openjfx\cache\17.0.1\api-ms-win-crt-conio-l1-1-0.dll
0x0000024828f50000 - 0x0000024828f54000 	C:\Users\makod\.openjfx\cache\17.0.1\api-ms-win-crt-convert-l1-1-0.dll
0x0000024828f60000 - 0x0000024828f63000 	C:\Users\makod\.openjfx\cache\17.0.1\api-ms-win-crt-environment-l1-1-0.dll
0x0000024828f70000 - 0x0000024828f73000 	C:\Users\makod\.openjfx\cache\17.0.1\api-ms-win-crt-filesystem-l1-1-0.dll
0x0000024828f80000 - 0x0000024828f83000 	C:\Users\makod\.openjfx\cache\17.0.1\api-ms-win-crt-heap-l1-1-0.dll
0x0000024828f90000 - 0x0000024828f93000 	C:\Users\makod\.openjfx\cache\17.0.1\api-ms-win-crt-locale-l1-1-0.dll
0x0000024828fa0000 - 0x0000024828fa5000 	C:\Users\makod\.openjfx\cache\17.0.1\api-ms-win-crt-math-l1-1-0.dll
0x0000024828fb0000 - 0x0000024828fb5000 	C:\Users\makod\.openjfx\cache\17.0.1\api-ms-win-crt-multibyte-l1-1-0.dll
0x0000024828fc0000 - 0x0000024828fd0000 	C:\Users\makod\.openjfx\cache\17.0.1\api-ms-win-crt-private-l1-1-0.dll
0x0000024828fd0000 - 0x0000024828fd3000 	C:\Users\makod\.openjfx\cache\17.0.1\api-ms-win-crt-process-l1-1-0.dll
0x0000024828fe0000 - 0x0000024828fe4000 	C:\Users\makod\.openjfx\cache\17.0.1\api-ms-win-crt-runtime-l1-1-0.dll
0x0000024828ff0000 - 0x0000024828ff4000 	C:\Users\makod\.openjfx\cache\17.0.1\api-ms-win-crt-stdio-l1-1-0.dll
0x000002482ebd0000 - 0x000002482ebd4000 	C:\Users\makod\.openjfx\cache\17.0.1\api-ms-win-crt-string-l1-1-0.dll
0x000002482ebe0000 - 0x000002482ebe3000 	C:\Users\makod\.openjfx\cache\17.0.1\api-ms-win-crt-time-l1-1-0.dll
0x000002482ebf0000 - 0x000002482ebf3000 	C:\Users\makod\.openjfx\cache\17.0.1\api-ms-win-crt-utility-l1-1-0.dll
0x00007fffa0a20000 - 0x00007fffa0b1c000 	C:\Users\makod\.openjfx\cache\17.0.1\ucrtbase.dll
0x00007fffa1380000 - 0x00007fffa139a000 	C:\Users\makod\.openjfx\cache\17.0.1\vcruntime140.dll
0x00007fffae480000 - 0x00007fffae48c000 	C:\Users\makod\.openjfx\cache\17.0.1\vcruntime140_1.dll
0x00007fffa0990000 - 0x00007fffa0a1d000 	C:\Users\makod\.openjfx\cache\17.0.1\msvcp140.dll
0x00007fffa12c0000 - 0x00007fffa12ea000 	C:\Users\makod\.openjfx\cache\17.0.1\prism_d3d.dll
0x00007fffa8180000 - 0x00007fffa8326000 	C:\WINDOWS\system32\d3d9.dll
0x00007fffb7b00000 - 0x00007fffb7b2f000 	C:\WINDOWS\SYSTEM32\dwmapi.dll
0x00007fffb7990000 - 0x00007fffb79c8000 	C:\WINDOWS\SYSTEM32\dxcore.dll
0x00007fffb68d0000 - 0x00007fffb697c000 	C:\WINDOWS\system32\uxtheme.dll
0x00007fff591b0000 - 0x00007fff59313000 	C:\WINDOWS\System32\DriverStore\FileRepository\iigd_dch.inf_amd64_a447fbb12ee262cf\igdumdim64.dll
0x00007fffbae10000 - 0x00007fffbafaa000 	C:\WINDOWS\System32\ole32.dll
0x00007fff297d0000 - 0x00007fff2df55000 	C:\WINDOWS\System32\DriverStore\FileRepository\iigd_dch.inf_amd64_a447fbb12ee262cf\igd9dxva64.dll
0x00007fffbb160000 - 0x00007fffbb236000 	C:\WINDOWS\System32\OLEAUT32.dll
0x00007fffbbe40000 - 0x00007fffbc2ac000 	C:\WINDOWS\System32\SETUPAPI.dll
0x00007fffb9ea0000 - 0x00007fffb9eec000 	C:\WINDOWS\SYSTEM32\cfgmgr32.dll
0x00007fffaf980000 - 0x00007fffafc01000 	C:\WINDOWS\System32\DriverStore\FileRepository\iigd_dch.inf_amd64_a447fbb12ee262cf\igdgmm64.dll
0x00007fffb2810000 - 0x00007fffb2854000 	C:\WINDOWS\SYSTEM32\directxdatabasehelper.dll
0x00007fffb7b30000 - 0x00007fffb7b64000 	C:\WINDOWS\SYSTEM32\ntmarta.dll
0x00007fffa03e0000 - 0x00007fffa0422000 	C:\Users\makod\.openjfx\cache\17.0.1\glass.dll
0x00007fffbabf0000 - 0x00007fffbacdc000 	C:\WINDOWS\System32\COMDLG32.dll
0x00007fffbc5f0000 - 0x00007fffbc70e000 	C:\WINDOWS\System32\MSCTF.dll
0x00007fff9f8d0000 - 0x00007fff9f8f7000 	C:\WINDOWS\System32\DriverStore\FileRepository\iigd_dch.inf_amd64_a447fbb12ee262cf\igdinfo64.dll
0x00007fffa9b90000 - 0x00007fffac9d4000 	C:\WINDOWS\System32\DriverStore\FileRepository\iigd_dch.inf_amd64_a447fbb12ee262cf\igc64.dll
0x00007fffa0970000 - 0x00007fffa0984000 	C:\Users\makod\.openjfx\cache\17.0.1\javafx_font.dll
0x00007fffb6fb0000 - 0x00007fffb720f000 	C:\WINDOWS\SYSTEM32\dwrite.dll
0x00007fffbc500000 - 0x00007fffbc5af000 	C:\WINDOWS\System32\clbcatq.dll
0x00007fffb0fa0000 - 0x00007fffb114e000 	C:\WINDOWS\SYSTEM32\WindowsCodecs.dll
0x00007fff7ea60000 - 0x00007fff7eabd000 	C:\WINDOWS\system32\dataexchange.dll
0x00007fffb08a0000 - 0x00007fffb0b06000 	C:\WINDOWS\system32\twinapi.appcore.dll
0x00007fff8cc70000 - 0x00007fff8cca2000 	C:\Program Files\Common Files\Microsoft Shared\Ink\rtscom.dll
0x00007fffa77d0000 - 0x00007fffa78fd000 	C:\WINDOWS\SYSTEM32\textinputframework.dll
0x00007fffb55c0000 - 0x00007fffb56f2000 	C:\WINDOWS\SYSTEM32\CoreMessaging.dll
0x00007fffb1ee0000 - 0x00007fffb224d000 	C:\WINDOWS\SYSTEM32\CoreUIComponents.dll
0x00007fffb9a10000 - 0x00007fffb9a1c000 	C:\WINDOWS\SYSTEM32\CRYPTBASE.DLL

dbghelp: loaded successfully - version: 4.0.5 - missing functions: none
symbol engine: initialized successfully - sym options: 0x614 - pdb path: .;C:\Users\makod\.jdks\openjdk-19\bin;C:\WINDOWS\SYSTEM32;C:\WINDOWS\WinSxS\amd64_microsoft.windows.common-controls_6595b64144ccf1df_6.0.22000.120_none_9d947278b86cc467;C:\Users\makod\.jdks\openjdk-19\bin\server;C:\Program Files\JetBrains\IntelliJ IDEA Community Edition 2021.3.2\bin;C:\Users\makod\.openjfx\cache\17.0.1;C:\WINDOWS\System32\DriverStore\FileRepository\iigd_dch.inf_amd64_a447fbb12ee262cf;C:\Program Files\Common Files\Microsoft Shared\Ink

VM Arguments:
jvm_args: -javaagent:C:\Program Files\JetBrains\IntelliJ IDEA Community Edition 2021.3.2\lib\idea_rt.jar=58974:C:\Program Files\JetBrains\IntelliJ IDEA Community Edition 2021.3.2\bin -Dfile.encoding=UTF-8 --module-path=C:\Users\makod\.m2\repository\org\openjfx\javafx-base\17.0.1\javafx-base-17.0.1-win.jar;C:\Users\makod\.m2\repository\org\openjfx\javafx-controls\17.0.1\javafx-controls-17.0.1-win.jar;C:\Users\makod\IdeaProjects\CourseProject2\target\classes;C:\Users\makod\.m2\repository\org\openjfx\javafx-fxml\17.0.1\javafx-fxml-17.0.1-win.jar;C:\Users\makod\.m2\repository\org\openjfx\javafx-graphics\17.0.1\javafx-graphics-17.0.1-win.jar -Djdk.module.main=sample.courseproject2 
java_command: sample.courseproject2/sample.courseproject2.App
java_class_path (initial): C:\Users\makod\.m2\repository\org\openjfx\javafx-controls\17.0.1\javafx-controls-17.0.1.jar;C:\Users\makod\.m2\repository\org\openjfx\javafx-graphics\17.0.1\javafx-graphics-17.0.1.jar;C:\Users\makod\.m2\repository\org\openjfx\javafx-base\17.0.1\javafx-base-17.0.1.jar;C:\Users\makod\.m2\repository\org\openjfx\javafx-fxml\17.0.1\javafx-fxml-17.0.1.jar;C:\Users\makod\IdeaProjects\CourseProject2\mysql-connector-java-8.0.30.jar
Launcher Type: SUN_STANDARD

[Global flags]
     intx CICompilerCount                          = 4                                         {product} {ergonomic}
     uint ConcGCThreads                            = 2                                         {product} {ergonomic}
     uint G1ConcRefinementThreads                  = 8                                         {product} {ergonomic}
   size_t G1HeapRegionSize                         = 2097152                                   {product} {ergonomic}
    uintx GCDrainStackTargetSize                   = 64                                        {product} {ergonomic}
   size_t InitialHeapSize                          = 266338304                                 {product} {ergonomic}
   size_t MarkStackSize                            = 4194304                                   {product} {ergonomic}
   size_t MaxHeapSize                              = 4240441344                                {product} {ergonomic}
   size_t MaxNewSize                               = 2543845376                                {product} {ergonomic}
   size_t MinHeapDeltaBytes                        = 2097152                                   {product} {ergonomic}
   size_t MinHeapSize                              = 8388608                                   {product} {ergonomic}
    uintx NonNMethodCodeHeapSize                   = 5839372                                {pd product} {ergonomic}
    uintx NonProfiledCodeHeapSize                  = 122909434                              {pd product} {ergonomic}
    uintx ProfiledCodeHeapSize                     = 122909434                              {pd product} {ergonomic}
    uintx ReservedCodeCacheSize                    = 251658240                              {pd product} {ergonomic}
     bool SegmentedCodeCache                       = true                                      {product} {ergonomic}
   size_t SoftMaxHeapSize                          = 4240441344                             {manageable} {ergonomic}
     bool UseCompressedClassPointers               = true                           {product lp64_product} {ergonomic}
     bool UseCompressedOops                        = true                           {product lp64_product} {ergonomic}
     bool UseG1GC                                  = true                                      {product} {ergonomic}
     bool UseLargePagesIndividualAllocation        = false                                  {pd product} {ergonomic}

Logging:
Log output configuration:
 #0: stdout all=off uptime,level,tags foldmultilines=false
 #1: stderr all=off uptime,level,tags foldmultilines=false

Environment Variables:
PATH=C:\Program Files (x86)\Common Files\Oracle\Java\javapath;C:\WINDOWS\system32;C:\WINDOWS;C:\WINDOWS\System32\Wbem;C:\WINDOWS\System32\WindowsPowerShell\v1.0\;C:\WINDOWS\System32\OpenSSH\;C:\Program Files\NVIDIA Corporation\NVIDIA NvDLISR;C:\Program Files (x86)\NVIDIA Corporation\PhysX\Common;C:\Program Files (x86)\dotnet\;C:\Program Files\PuTTY\;C:\Program Files\dotnet\;C:\Program Files\Git\cmd;C:\Users\makod\AppData\Local\Programs\Python\Python310\Scripts\;C:\Users\makod\AppData\Local\Programs\Python\Python310\;C:\Users\makod\AppData\Local\Microsoft\WindowsApps;C:\Program Files\JetBrains\PyCharm Community Edition 2022.1.2\bin;;C:\Users\makod\AppData\Local\GitHubDesktop\bin;C:\Users\makod\.dotnet\tools
USERNAME=makod
OS=Windows_NT
PROCESSOR_IDENTIFIER=Intel64 Family 6 Model 126 Stepping 5, GenuineIntel
TMP=C:\Users\makod\AppData\Local\Temp
TEMP=C:\Users\makod\AppData\Local\Temp



---------------  S Y S T E M  ---------------

OS:
 Windows 11 , 64 bit Build 22000 (10.0.22000.708)
OS uptime: 3 days 5:05 hours

CPU: total 8 (initial active 8) (4 cores per cpu, 2 threads per core) family 6 model 126 stepping 5 microcode 0xa0, cx8, cmov, fxsr, ht, mmx, 3dnowpref, sse, sse2, sse3, ssse3, sse4.1, sse4.2, popcnt, lzcnt, tsc, tscinvbit, avx, avx2, aes, erms, clmul, bmi1, bmi2, adx, avx512f, avx512dq, avx512cd, avx512bw, avx512vl, sha, fma, vzeroupper, avx512_vpopcntdq, avx512_vpclmulqdq, avx512_vaes, avx512_vnni, clflush, clflushopt, avx512_vbmi2, avx512_vbmi, rdtscp, rdpid, fsrm, gfni, avx512_bitalg

Memory: 4k page, system-wide physical 16174M (4034M free)
TotalPageFile size 20686M (AvailPageFile size 3201M)
current process WorkingSet (physical memory assigned to process): 156M, peak: 173M
current process commit charge ("private bytes"): 406M, peak: 424M

vm_info: OpenJDK 64-Bit Server VM (19+36-2238) for windows-amd64 JRE (19+36-2238), built on 2022-08-12T20:29:01Z by "mach5one" with MS VC++ 17.1 (VS2022)

END.
