#
# A fatal error has been detected by the Java Runtime Environment:
#
#  EXCEPTION_ACCESS_VIOLATION (0xc0000005) at pc=0x00007fff6a196a87, pid=21360, tid=10756
#
# JRE version: OpenJDK Runtime Environment (19.0+36) (build 19+36-2238)
# Java VM: OpenJDK 64-Bit Server VM (19+36-2238, mixed mode, sharing, tiered, compressed oops, compressed class ptrs, g1 gc, windows-amd64)
# Problematic frame:
# C  [glass.dll+0x26a87]
#
# No core dump will be written. Minidumps are not enabled by default on client versions of Windows
#
# If you would like to submit a bug report, please visit:
#   https://bugreport.java.com/bugreport/crash.jsp
#

---------------  S U M M A R Y ------------

Command Line: -javaagent:C:\Program Files\JetBrains\IntelliJ IDEA Community Edition 2021.3.2\lib\idea_rt.jar=59042:C:\Program Files\JetBrains\IntelliJ IDEA Community Edition 2021.3.2\bin -Dfile.encoding=UTF-8 --module-path=C:\Users\makod\.m2\repository\org\openjfx\javafx-base\17.0.1\javafx-base-17.0.1-win.jar;C:\Users\makod\.m2\repository\org\openjfx\javafx-controls\17.0.1\javafx-controls-17.0.1-win.jar;C:\Users\makod\IdeaProjects\CourseProject2\target\classes;C:\Users\makod\.m2\repository\org\openjfx\javafx-fxml\17.0.1\javafx-fxml-17.0.1-win.jar;C:\Users\makod\.m2\repository\org\openjfx\javafx-graphics\17.0.1\javafx-graphics-17.0.1-win.jar -Djdk.module.main=sample.courseproject2 sample.courseproject2/sample.courseproject2.App

Host: Intel(R) Core(TM) i5-1035G1 CPU @ 1.00GHz, 8 cores, 15G,  Windows 11 , 64 bit Build 22000 (10.0.22000.708)
Time: Sun Oct  9 01:03:19 2022 RTZ 2 (s 11 , 64 bit Build 22000 (10.0.22000.708) elapsed time: 145.000853 seconds (0d 0h 2m 25s)

---------------  T H R E A D  ---------------

Current thread (0x0000023c50175a90):  VMThread "VM Thread" [stack: 0x0000009abff00000,0x0000009ac0000000] [id=10756]

Stack: [0x0000009abff00000,0x0000009ac0000000],  sp=0x0000009abffff090,  free space=1020k
Native frames: (J=compiled Java code, j=interpreted, Vv=VM code, C=native code)
C  [glass.dll+0x26a87]


siginfo: EXCEPTION_ACCESS_VIOLATION (0xc0000005), reading address 0x0000000000000000


Registers:
RAX=0x0000000000000000, RBX=0x0000023c50185228, RCX=0x0000023c50175a90, RDX=0x0000009abffff090
RSP=0x0000009abffff090, RBP=0x0000023c55161258, RSI=0x0000023c55161230, RDI=0x0000e780998c5da4
R8 =0x0000000000010002, R9 =0x0000e780998c5da4, R10=0x85f13e9656da4870, R11=0x0000009abffff020
R12=0x00007fff6a194354, R13=0x0000000000000001, R14=0x0000009abffff198, R15=0x0000023c55161230
RIP=0x00007fff6a196a87, EFLAGS=0x0000000000010206


Register to memory mapping:

RIP=0x00007fff6a196a87 glass.dll
RAX=0x0 is NULL
RBX=0x0000023c50185228 is a global jni handle
RCX=0x0000023c50175a90 points into unknown readable memory: 0x00007fff696c45d8 | d8 45 6c 69 ff 7f 00 00
RDX=0x0000009abffff090 points into unknown readable memory: 0x0000000000000000 | 00 00 00 00 00 00 00 00
RSP=0x0000009abffff090 points into unknown readable memory: 0x0000000000000000 | 00 00 00 00 00 00 00 00
RBP=0x0000023c55161258 points into unknown readable memory: 0x0000e780998c5da4 | a4 5d 8c 99 80 e7 00 00
RSI=0x0000023c55161230 points into unknown readable memory: 0xa1930140998ba252 | 52 a2 8b 99 40 01 93 a1
RDI=0x0000e780998c5da4 is an unknown value
R8 =0x0000000000010002 is an unknown value
R9 =0x0000e780998c5da4 is an unknown value
R10=0x85f13e9656da4870 is an unknown value
R11=0x0000009abffff020 points into unknown readable memory: 0x0000023c55161230 | 30 12 16 55 3c 02 00 00
R12=0x00007fff6a194354 glass.dll
R13=0x0000000000000001 is an unknown value
R14=0x0000009abffff198 points into unknown readable memory: 0x0000009abffff180 | 80 f1 ff bf 9a 00 00 00
R15=0x0000023c55161230 points into unknown readable memory: 0xa1930140998ba252 | 52 a2 8b 99 40 01 93 a1


Top of Stack: (sp=0x0000009abffff090)
0x0000009abffff090:   0000000000000000 0000023c55161230
0x0000009abffff0a0:   0000000000000001 00007fff6a194354
0x0000009abffff0b0:   0000023c55161238 00007fffba9cbea0
0x0000009abffff0c0:   0000e780998c5da4 0000023c00000000
0x0000009abffff0d0:   0000023c55161258 0000023c55161230
0x0000009abffff0e0:   fffffffffffffffe 0000000000000000
0x0000009abffff0f0:   0000000000000001 00007fff6a170000
0x0000009abffff100:   0000009abffff188 00007fffba9cbdb7
0x0000009abffff110:   0000000000000000 0000009abffff198
0x0000009abffff120:   0000009abffff480 00007fffbaab12b0
0x0000009abffff130:   0000000000000001 00007fffba9cbd6d
0x0000009abffff140:   0000000000000000 0000000000000001
0x0000009abffff150:   0000000000000000 0000009abffff188
0x0000009abffff160:   fffffffffffffffe 0000009abffff400
0x0000009abffff170:   0000000000000000 00007fff6a1941e1
0x0000009abffff180:   00007fff6a1aa138 0000000000000002 

Instructions: (pc=0x00007fff6a196a87)
0x00007fff6a196987:   8b 4d 58 e8 01 cf ff ff 48 8b 4d 60 e8 f8 ce ff
0x00007fff6a196997:   ff 48 8b 95 80 00 00 00 48 8b 8d 18 01 00 00 e8
0x00007fff6a1969a7:   c6 c3 ff ff 33 d2 33 c9 e8 3c e1 ff ff 90 48 89
0x00007fff6a1969b7:   54 24 10 55 48 83 ec 20 48 8b ea 48 b8 00 00 00
0x00007fff6a1969c7:   00 00 00 00 00 48 83 c4 20 5d c3 cc 40 55 48 8b
0x00007fff6a1969d7:   ea 48 8b 01 33 c9 81 38 05 00 00 c0 0f 94 c1 8b
0x00007fff6a1969e7:   c1 5d c3 cc 40 55 48 83 ec 20 48 8b ea 8a 4d 40
0x00007fff6a1969f7:   48 83 c4 20 5d e9 f7 d2 ff ff cc 40 55 48 83 ec
0x00007fff6a196a07:   20 48 8b ea 8a 4d 20 e8 e5 d2 ff ff 90 48 83 c4
0x00007fff6a196a17:   20 5d c3 cc 40 55 48 83 ec 20 48 8b ea 48 83 c4
0x00007fff6a196a27:   20 5d e9 46 d1 ff ff cc 40 55 48 83 ec 30 48 8b
0x00007fff6a196a37:   ea 48 8b 01 8b 10 48 89 4c 24 28 89 54 24 20 4c
0x00007fff6a196a47:   8d 0d e7 d5 ff ff 4c 8b 45 70 8b 55 68 48 8b 4d
0x00007fff6a196a57:   60 e8 87 d0 ff ff 90 48 83 c4 30 5d c3 cc cc cc
0x00007fff6a196a67:   cc cc cc cc cc cc cc cc cc 40 53 48 83 ec 20 48
0x00007fff6a196a77:   8b 1d b3 30 01 00 48 85 db 74 16 e8 09 8b ff ff
0x00007fff6a196a87:   4c 8b 00 48 8b d3 48 8b c8 41 ff 90 b0 00 00 00
0x00007fff6a196a97:   90 48 83 c4 20 5b c3 cc cc 40 53 48 83 ec 20 48
0x00007fff6a196aa7:   8b 1d 2b 32 01 00 48 85 db 74 57 b8 ff ff ff ff
0x00007fff6a196ab7:   f0 0f c1 43 10 83 f8 01 75 3d 48 85 db 74 38 48
0x00007fff6a196ac7:   8b 0b 48 85 c9 74 0d ff 15 d4 07 00 00 48 c7 03
0x00007fff6a196ad7:   00 00 00 00 48 8b 4b 08 48 85 c9 74 0d e8 a7 cd
0x00007fff6a196ae7:   ff ff 48 c7 43 08 00 00 00 00 ba 18 00 00 00 48
0x00007fff6a196af7:   8b cb e8 92 cd ff ff 48 c7 05 cf 31 01 00 00 00
0x00007fff6a196b07:   00 00 48 83 c4 20 5b c3 cc 40 53 48 83 ec 20 48
0x00007fff6a196b17:   8b 1d 9b 31 01 00 48 85 db 74 57 b8 ff ff ff ff
0x00007fff6a196b27:   f0 0f c1 43 10 83 f8 01 75 3d 48 85 db 74 38 48
0x00007fff6a196b37:   8b 0b 48 85 c9 74 0d ff 15 64 07 00 00 48 c7 03
0x00007fff6a196b47:   00 00 00 00 48 8b 4b 08 48 85 c9 74 0d e8 37 cd
0x00007fff6a196b57:   ff ff 48 c7 43 08 00 00 00 00 ba 18 00 00 00 48
0x00007fff6a196b67:   8b cb e8 22 cd ff ff 48 c7 05 3f 31 01 00 00 00
0x00007fff6a196b77:   00 00 48 83 c4 20 5b c3 cc 40 53 48 83 ec 20 48 


Stack slot to memory mapping:
stack at sp + 0 slots: 0x0 is NULL
stack at sp + 1 slots: 0x0000023c55161230 points into unknown readable memory: 0xa1930140998ba252 | 52 a2 8b 99 40 01 93 a1
stack at sp + 2 slots: 0x0000000000000001 is an unknown value
stack at sp + 3 slots: 0x00007fff6a194354 glass.dll
stack at sp + 4 slots: 0x0000023c55161238 points into unknown readable memory: 0x0000e780998c5da4 | a4 5d 8c 99 80 e7 00 00
stack at sp + 5 slots: 0x00007fffba9cbea0 ucrtbase.dll
stack at sp + 6 slots: 0x0000e780998c5da4 is an unknown value
stack at sp + 7 slots: 0x0000023c00000000 is an unknown value

VM_Operation (0x0000009abf6ff2c0): Exit, mode: safepoint, requested by thread 0x0000023c54c36320


---------------  P R O C E S S  ---------------

Threads class SMR info:
_java_thread_list=0x0000023c55ae8580, length=20, elements={
0x0000023c2aef3e40, 0x0000023c5018f5e0, 0x0000023c5018ff10, 0x0000023c501992a0,
0x0000023c50192d30, 0x0000023c50193660, 0x0000023c501943b0, 0x0000023c501a86d0,
0x0000023c501ca060, 0x0000023c544b8de0, 0x0000023c54f8a440, 0x0000023c55050720,
0x0000023c5504f730, 0x0000023c550501d0, 0x0000023c55050c70, 0x0000023c55051710,
0x0000023c55051c60, 0x0000023c5504e740, 0x0000023c5504f1e0, 0x0000023c54c36320
}

Java Threads: ( => current thread )
  0x0000023c2aef3e40 JavaThread "main" [_thread_blocked, id=6524, stack(0x0000009abf900000,0x0000009abfa00000)]
  0x0000023c5018f5e0 JavaThread "Reference Handler" daemon [_thread_blocked, id=14536, stack(0x0000009ac0000000,0x0000009ac0100000)]
  0x0000023c5018ff10 JavaThread "Finalizer" daemon [_thread_blocked, id=17888, stack(0x0000009ac0100000,0x0000009ac0200000)]
  0x0000023c501992a0 JavaThread "Attach Listener" daemon [_thread_blocked, id=19952, stack(0x0000009ac0300000,0x0000009ac0400000)]
  0x0000023c50192d30 JavaThread "Service Thread" daemon [_thread_blocked, id=22936, stack(0x0000009ac0400000,0x0000009ac0500000)]
  0x0000023c50193660 JavaThread "Monitor Deflation Thread" daemon [_thread_blocked, id=17724, stack(0x0000009ac0500000,0x0000009ac0600000)]
  0x0000023c501943b0 JavaThread "C2 CompilerThread0" daemon [_thread_blocked, id=19208, stack(0x0000009ac0600000,0x0000009ac0700000)]
  0x0000023c501a86d0 JavaThread "C1 CompilerThread0" daemon [_thread_blocked, id=6716, stack(0x0000009ac0700000,0x0000009ac0800000)]
  0x0000023c501ca060 JavaThread "Sweeper thread" daemon [_thread_blocked, id=21792, stack(0x0000009ac0800000,0x0000009ac0900000)]
  0x0000023c544b8de0 JavaThread "Common-Cleaner" daemon [_thread_blocked, id=8548, stack(0x0000009ac0900000,0x0000009ac0a00000)]
  0x0000023c54f8a440 JavaThread "Monitor Ctrl-Break" daemon [_thread_in_native, id=20516, stack(0x0000009ac0c00000,0x0000009ac0d00000)]
  0x0000023c55050720 JavaThread "Notification Thread" daemon [_thread_blocked, id=3020, stack(0x0000009ac0d00000,0x0000009ac0e00000)]
  0x0000023c5504f730 JavaThread "QuantumRenderer-0" daemon [_thread_blocked, id=21676, stack(0x0000009ac0f00000,0x0000009ac1000000)]
  0x0000023c550501d0 JavaThread "InvokeLaterDispatcher" daemon [_thread_blocked, id=20012, stack(0x0000009ac1000000,0x0000009ac1100000)]
  0x0000023c55050c70 JavaThread "JavaFX Application Thread" [_thread_in_native, id=4468, stack(0x0000009ac1100000,0x0000009ac1200000)]
  0x0000023c55051710 JavaThread "Thread-1" daemon [_thread_in_native, id=20796, stack(0x0000009ac0a00000,0x0000009ac0b00000)]
  0x0000023c55051c60 JavaThread "JavaFX-Launcher" [_thread_blocked, id=9128, stack(0x0000009ac0b00000,0x0000009ac0c00000)]
  0x0000023c5504e740 JavaThread "Prism Font Disposer" daemon [_thread_blocked, id=22480, stack(0x0000009ac1f00000,0x0000009ac2000000)]
  0x0000023c5504f1e0 JavaThread "Cleaner-0" daemon [_thread_blocked, id=19808, stack(0x0000009ac2000000,0x0000009ac2100000)]
  0x0000023c54c36320 JavaThread "SIGINT handler" daemon [_thread_blocked, id=22360, stack(0x0000009abf600000,0x0000009abf700000)]

Other Threads:
=>0x0000023c50175a90 VMThread "VM Thread" [stack: 0x0000009abff00000,0x0000009ac0000000] [id=10756]
  0x0000023c2af684a0 WorkerThread "GC Thread#0" [stack: 0x0000009abfa00000,0x0000009abfb00000] [id=16940]
  0x0000023c553b3000 WorkerThread "GC Thread#1" [stack: 0x0000009ac1500000,0x0000009ac1600000] [id=16500]
  0x0000023c553cda80 WorkerThread "GC Thread#2" [stack: 0x0000009ac1600000,0x0000009ac1700000] [id=5164]
  0x0000023c55476c70 WorkerThread "GC Thread#3" [stack: 0x0000009ac1700000,0x0000009ac1800000] [id=18808]
  0x0000023c5537bca0 WorkerThread "GC Thread#4" [stack: 0x0000009ac1800000,0x0000009ac1900000] [id=1584]
  0x0000023c553818c0 WorkerThread "GC Thread#5" [stack: 0x0000009ac1900000,0x0000009ac1a00000] [id=11884]
  0x0000023c554ce600 WorkerThread "GC Thread#6" [stack: 0x0000009ac1a00000,0x0000009ac1b00000] [id=12712]
  0x0000023c554cf9b0 WorkerThread "GC Thread#7" [stack: 0x0000009ac1b00000,0x0000009ac1c00000] [id=16364]
  0x0000023c2af76190 ConcurrentGCThread "G1 Main Marker" terminated
  0x0000023c2ad7df10 WorkerThread "G1 Conc#0" [stack: 0x0000009abfc00000,0x0000009abfd00000] [id=12060]
  0x0000023c2afbebd0 ConcurrentGCThread "G1 Refine#0" terminated
  0x0000023c50030630 ConcurrentGCThread "G1 Service" terminated

Threads with active compile tasks:

VM state: at safepoint (shutting down)

VM Mutex/Monitor currently owned by a thread:  ([mutex/lock_event])
[0x0000023c2aef0840] Threads_lock - owner thread: 0x0000023c50175a90
[0x0000023c2aeef880] Heap_lock - owner thread: 0x0000023c54c36320

Heap address: 0x0000000703400000, size: 4044 MB, Compressed Oops mode: Zero based, Oop shift amount: 3

CDS archive(s) mapped at: [0x0000000800000000-0x0000000800c40000-0x0000000800c40000), size 12845056, SharedBaseAddress: 0x0000000800000000, ArchiveRelocationMode: 0.
Compressed class space mapped at: 0x0000000801000000-0x0000000841000000, reserved size: 1073741824
Narrow klass base: 0x0000000800000000, Narrow klass shift: 0, Narrow klass range: 0x100000000

GC Precious Log:
 CardTable entry size: 512
 Card Set container configuration: InlinePtr #cards 4 size 8 Array Of Cards #cards 8 size 32 Howl #buckets 8 coarsen threshold 3686 Howl Bitmap #cards 512 size 80 coarsen threshold 460 Card regions per heap region 1 cards per card region 4096
 CPUs: 8 total, 8 available
 Memory: 16174M
 Large Page Support: Disabled
 NUMA Support: Disabled
 Compressed Oops: Enabled (Zero based)
 Heap Region Size: 2M
 Heap Min Capacity: 8M
 Heap Initial Capacity: 254M
 Heap Max Capacity: 4044M
 Pre-touch: Disabled
 Parallel Workers: 8
 Concurrent Workers: 2
 Concurrent Refinement Workers: 8
 Periodic GC: Disabled

Heap:
 garbage-first heap   total 260096K, used 14314K [0x0000000703400000, 0x0000000800000000)
  region size 2048K, 6 young (12288K), 3 survivors (6144K)
 Metaspace       used 15713K, committed 16000K, reserved 1114112K
  class space    used 2131K, committed 2240K, reserved 1048576K

Heap Regions: E=young(eden), S=young(survivor), O=old, HS=humongous(starts), HC=humongous(continues), CS=collection set, F=free, OA=open archive, CA=closed archive, TAMS=top-at-mark-start (previous, next)
|   0|0x0000000703400000, 0x0000000703600000, 0x0000000703600000|100%|HS|  |TAMS 0x0000000703400000, 0x0000000703400000| Complete 
|   1|0x0000000703600000, 0x00000007037fa800, 0x0000000703800000| 98%| O|  |TAMS 0x0000000703600000, 0x0000000703600000| Untracked 
|   2|0x0000000703800000, 0x0000000703800000, 0x0000000703a00000|  0%| F|  |TAMS 0x0000000703800000, 0x0000000703800000| Untracked 
|   3|0x0000000703a00000, 0x0000000703a00000, 0x0000000703c00000|  0%| F|  |TAMS 0x0000000703a00000, 0x0000000703a00000| Untracked 
|   4|0x0000000703c00000, 0x0000000703c00000, 0x0000000703e00000|  0%| F|  |TAMS 0x0000000703c00000, 0x0000000703c00000| Untracked 
|   5|0x0000000703e00000, 0x0000000703e00000, 0x0000000704000000|  0%| F|  |TAMS 0x0000000703e00000, 0x0000000703e00000| Untracked 
|   6|0x0000000704000000, 0x0000000704000000, 0x0000000704200000|  0%| F|  |TAMS 0x0000000704000000, 0x0000000704000000| Untracked 
|   7|0x0000000704200000, 0x0000000704200000, 0x0000000704400000|  0%| F|  |TAMS 0x0000000704200000, 0x0000000704200000| Untracked 
|   8|0x0000000704400000, 0x0000000704400000, 0x0000000704600000|  0%| F|  |TAMS 0x0000000704400000, 0x0000000704400000| Untracked 
|   9|0x0000000704600000, 0x0000000704600000, 0x0000000704800000|  0%| F|  |TAMS 0x0000000704600000, 0x0000000704600000| Untracked 
|  10|0x0000000704800000, 0x0000000704800000, 0x0000000704a00000|  0%| F|  |TAMS 0x0000000704800000, 0x0000000704800000| Untracked 
|  11|0x0000000704a00000, 0x0000000704a00000, 0x0000000704c00000|  0%| F|  |TAMS 0x0000000704a00000, 0x0000000704a00000| Untracked 
|  12|0x0000000704c00000, 0x0000000704c00000, 0x0000000704e00000|  0%| F|  |TAMS 0x0000000704c00000, 0x0000000704c00000| Untracked 
|  13|0x0000000704e00000, 0x0000000704e00000, 0x0000000705000000|  0%| F|  |TAMS 0x0000000704e00000, 0x0000000704e00000| Untracked 
|  14|0x0000000705000000, 0x0000000705000000, 0x0000000705200000|  0%| F|  |TAMS 0x0000000705000000, 0x0000000705000000| Untracked 
|  15|0x0000000705200000, 0x0000000705200000, 0x0000000705400000|  0%| F|  |TAMS 0x0000000705200000, 0x0000000705200000| Untracked 
|  16|0x0000000705400000, 0x0000000705400000, 0x0000000705600000|  0%| F|  |TAMS 0x0000000705400000, 0x0000000705400000| Untracked 
|  17|0x0000000705600000, 0x0000000705600000, 0x0000000705800000|  0%| F|  |TAMS 0x0000000705600000, 0x0000000705600000| Untracked 
|  18|0x0000000705800000, 0x0000000705800000, 0x0000000705a00000|  0%| F|  |TAMS 0x0000000705800000, 0x0000000705800000| Untracked 
|  19|0x0000000705a00000, 0x0000000705a00000, 0x0000000705c00000|  0%| F|  |TAMS 0x0000000705a00000, 0x0000000705a00000| Untracked 
|  20|0x0000000705c00000, 0x0000000705c00000, 0x0000000705e00000|  0%| F|  |TAMS 0x0000000705c00000, 0x0000000705c00000| Untracked 
|  21|0x0000000705e00000, 0x0000000705e00000, 0x0000000706000000|  0%| F|  |TAMS 0x0000000705e00000, 0x0000000705e00000| Untracked 
|  22|0x0000000706000000, 0x0000000706000000, 0x0000000706200000|  0%| F|  |TAMS 0x0000000706000000, 0x0000000706000000| Untracked 
|  23|0x0000000706200000, 0x0000000706200000, 0x0000000706400000|  0%| F|  |TAMS 0x0000000706200000, 0x0000000706200000| Untracked 
|  24|0x0000000706400000, 0x0000000706400000, 0x0000000706600000|  0%| F|  |TAMS 0x0000000706400000, 0x0000000706400000| Untracked 
|  25|0x0000000706600000, 0x0000000706600000, 0x0000000706800000|  0%| F|  |TAMS 0x0000000706600000, 0x0000000706600000| Untracked 
|  26|0x0000000706800000, 0x0000000706800000, 0x0000000706a00000|  0%| F|  |TAMS 0x0000000706800000, 0x0000000706800000| Untracked 
|  27|0x0000000706a00000, 0x0000000706a00000, 0x0000000706c00000|  0%| F|  |TAMS 0x0000000706a00000, 0x0000000706a00000| Untracked 
|  28|0x0000000706c00000, 0x0000000706c00000, 0x0000000706e00000|  0%| F|  |TAMS 0x0000000706c00000, 0x0000000706c00000| Untracked 
|  29|0x0000000706e00000, 0x0000000706e00000, 0x0000000707000000|  0%| F|  |TAMS 0x0000000706e00000, 0x0000000706e00000| Untracked 
|  30|0x0000000707000000, 0x0000000707000000, 0x0000000707200000|  0%| F|  |TAMS 0x0000000707000000, 0x0000000707000000| Untracked 
|  31|0x0000000707200000, 0x0000000707200000, 0x0000000707400000|  0%| F|  |TAMS 0x0000000707200000, 0x0000000707200000| Untracked 
|  32|0x0000000707400000, 0x0000000707400000, 0x0000000707600000|  0%| F|  |TAMS 0x0000000707400000, 0x0000000707400000| Untracked 
|  33|0x0000000707600000, 0x0000000707600000, 0x0000000707800000|  0%| F|  |TAMS 0x0000000707600000, 0x0000000707600000| Untracked 
|  34|0x0000000707800000, 0x0000000707800000, 0x0000000707a00000|  0%| F|  |TAMS 0x0000000707800000, 0x0000000707800000| Untracked 
|  35|0x0000000707a00000, 0x0000000707a00000, 0x0000000707c00000|  0%| F|  |TAMS 0x0000000707a00000, 0x0000000707a00000| Untracked 
|  36|0x0000000707c00000, 0x0000000707c00000, 0x0000000707e00000|  0%| F|  |TAMS 0x0000000707c00000, 0x0000000707c00000| Untracked 
|  37|0x0000000707e00000, 0x0000000707e00000, 0x0000000708000000|  0%| F|  |TAMS 0x0000000707e00000, 0x0000000707e00000| Untracked 
|  38|0x0000000708000000, 0x0000000708000000, 0x0000000708200000|  0%| F|  |TAMS 0x0000000708000000, 0x0000000708000000| Untracked 
|  39|0x0000000708200000, 0x0000000708200000, 0x0000000708400000|  0%| F|  |TAMS 0x0000000708200000, 0x0000000708200000| Untracked 
|  40|0x0000000708400000, 0x0000000708400000, 0x0000000708600000|  0%| F|  |TAMS 0x0000000708400000, 0x0000000708400000| Untracked 
|  41|0x0000000708600000, 0x0000000708600000, 0x0000000708800000|  0%| F|  |TAMS 0x0000000708600000, 0x0000000708600000| Untracked 
|  42|0x0000000708800000, 0x0000000708800000, 0x0000000708a00000|  0%| F|  |TAMS 0x0000000708800000, 0x0000000708800000| Untracked 
|  43|0x0000000708a00000, 0x0000000708a00000, 0x0000000708c00000|  0%| F|  |TAMS 0x0000000708a00000, 0x0000000708a00000| Untracked 
|  44|0x0000000708c00000, 0x0000000708c00000, 0x0000000708e00000|  0%| F|  |TAMS 0x0000000708c00000, 0x0000000708c00000| Untracked 
|  45|0x0000000708e00000, 0x0000000708e00000, 0x0000000709000000|  0%| F|  |TAMS 0x0000000708e00000, 0x0000000708e00000| Untracked 
|  46|0x0000000709000000, 0x0000000709000000, 0x0000000709200000|  0%| F|  |TAMS 0x0000000709000000, 0x0000000709000000| Untracked 
|  47|0x0000000709200000, 0x0000000709200000, 0x0000000709400000|  0%| F|  |TAMS 0x0000000709200000, 0x0000000709200000| Untracked 
|  48|0x0000000709400000, 0x0000000709400000, 0x0000000709600000|  0%| F|  |TAMS 0x0000000709400000, 0x0000000709400000| Untracked 
|  49|0x0000000709600000, 0x0000000709600000, 0x0000000709800000|  0%| F|  |TAMS 0x0000000709600000, 0x0000000709600000| Untracked 
|  50|0x0000000709800000, 0x0000000709800000, 0x0000000709a00000|  0%| F|  |TAMS 0x0000000709800000, 0x0000000709800000| Untracked 
|  51|0x0000000709a00000, 0x0000000709a00000, 0x0000000709c00000|  0%| F|  |TAMS 0x0000000709a00000, 0x0000000709a00000| Untracked 
|  52|0x0000000709c00000, 0x0000000709c00000, 0x0000000709e00000|  0%| F|  |TAMS 0x0000000709c00000, 0x0000000709c00000| Untracked 
|  53|0x0000000709e00000, 0x0000000709e00000, 0x000000070a000000|  0%| F|  |TAMS 0x0000000709e00000, 0x0000000709e00000| Untracked 
|  54|0x000000070a000000, 0x000000070a000000, 0x000000070a200000|  0%| F|  |TAMS 0x000000070a000000, 0x000000070a000000| Untracked 
|  55|0x000000070a200000, 0x000000070a200000, 0x000000070a400000|  0%| F|  |TAMS 0x000000070a200000, 0x000000070a200000| Untracked 
|  56|0x000000070a400000, 0x000000070a400000, 0x000000070a600000|  0%| F|  |TAMS 0x000000070a400000, 0x000000070a400000| Untracked 
|  57|0x000000070a600000, 0x000000070a600000, 0x000000070a800000|  0%| F|  |TAMS 0x000000070a600000, 0x000000070a600000| Untracked 
|  58|0x000000070a800000, 0x000000070a800000, 0x000000070aa00000|  0%| F|  |TAMS 0x000000070a800000, 0x000000070a800000| Untracked 
|  59|0x000000070aa00000, 0x000000070aa00000, 0x000000070ac00000|  0%| F|  |TAMS 0x000000070aa00000, 0x000000070aa00000| Untracked 
|  60|0x000000070ac00000, 0x000000070ac00000, 0x000000070ae00000|  0%| F|  |TAMS 0x000000070ac00000, 0x000000070ac00000| Untracked 
|  61|0x000000070ae00000, 0x000000070ae00000, 0x000000070b000000|  0%| F|  |TAMS 0x000000070ae00000, 0x000000070ae00000| Untracked 
|  62|0x000000070b000000, 0x000000070b000000, 0x000000070b200000|  0%| F|  |TAMS 0x000000070b000000, 0x000000070b000000| Untracked 
|  63|0x000000070b200000, 0x000000070b200000, 0x000000070b400000|  0%| F|  |TAMS 0x000000070b200000, 0x000000070b200000| Untracked 
|  64|0x000000070b400000, 0x000000070b400000, 0x000000070b600000|  0%| F|  |TAMS 0x000000070b400000, 0x000000070b400000| Untracked 
|  65|0x000000070b600000, 0x000000070b600000, 0x000000070b800000|  0%| F|  |TAMS 0x000000070b600000, 0x000000070b600000| Untracked 
|  66|0x000000070b800000, 0x000000070b800000, 0x000000070ba00000|  0%| F|  |TAMS 0x000000070b800000, 0x000000070b800000| Untracked 
|  67|0x000000070ba00000, 0x000000070ba00000, 0x000000070bc00000|  0%| F|  |TAMS 0x000000070ba00000, 0x000000070ba00000| Untracked 
|  68|0x000000070bc00000, 0x000000070bc00000, 0x000000070be00000|  0%| F|  |TAMS 0x000000070bc00000, 0x000000070bc00000| Untracked 
|  69|0x000000070be00000, 0x000000070be00000, 0x000000070c000000|  0%| F|  |TAMS 0x000000070be00000, 0x000000070be00000| Untracked 
|  70|0x000000070c000000, 0x000000070c000000, 0x000000070c200000|  0%| F|  |TAMS 0x000000070c000000, 0x000000070c000000| Untracked 
|  71|0x000000070c200000, 0x000000070c200000, 0x000000070c400000|  0%| F|  |TAMS 0x000000070c200000, 0x000000070c200000| Untracked 
|  72|0x000000070c400000, 0x000000070c400000, 0x000000070c600000|  0%| F|  |TAMS 0x000000070c400000, 0x000000070c400000| Untracked 
|  73|0x000000070c600000, 0x000000070c600000, 0x000000070c800000|  0%| F|  |TAMS 0x000000070c600000, 0x000000070c600000| Untracked 
|  74|0x000000070c800000, 0x000000070c800000, 0x000000070ca00000|  0%| F|  |TAMS 0x000000070c800000, 0x000000070c800000| Untracked 
|  75|0x000000070ca00000, 0x000000070ca00000, 0x000000070cc00000|  0%| F|  |TAMS 0x000000070ca00000, 0x000000070ca00000| Untracked 
|  76|0x000000070cc00000, 0x000000070cc00000, 0x000000070ce00000|  0%| F|  |TAMS 0x000000070cc00000, 0x000000070cc00000| Untracked 
|  77|0x000000070ce00000, 0x000000070ce00000, 0x000000070d000000|  0%| F|  |TAMS 0x000000070ce00000, 0x000000070ce00000| Untracked 
|  78|0x000000070d000000, 0x000000070d000000, 0x000000070d200000|  0%| F|  |TAMS 0x000000070d000000, 0x000000070d000000| Untracked 
|  79|0x000000070d200000, 0x000000070d200000, 0x000000070d400000|  0%| F|  |TAMS 0x000000070d200000, 0x000000070d200000| Untracked 
|  80|0x000000070d400000, 0x000000070d400000, 0x000000070d600000|  0%| F|  |TAMS 0x000000070d400000, 0x000000070d400000| Untracked 
|  81|0x000000070d600000, 0x000000070d600000, 0x000000070d800000|  0%| F|  |TAMS 0x000000070d600000, 0x000000070d600000| Untracked 
|  82|0x000000070d800000, 0x000000070d800000, 0x000000070da00000|  0%| F|  |TAMS 0x000000070d800000, 0x000000070d800000| Untracked 
|  83|0x000000070da00000, 0x000000070da00000, 0x000000070dc00000|  0%| F|  |TAMS 0x000000070da00000, 0x000000070da00000| Untracked 
|  84|0x000000070dc00000, 0x000000070dc00000, 0x000000070de00000|  0%| F|  |TAMS 0x000000070dc00000, 0x000000070dc00000| Untracked 
|  85|0x000000070de00000, 0x000000070de00000, 0x000000070e000000|  0%| F|  |TAMS 0x000000070de00000, 0x000000070de00000| Untracked 
|  86|0x000000070e000000, 0x000000070e000000, 0x000000070e200000|  0%| F|  |TAMS 0x000000070e000000, 0x000000070e000000| Untracked 
|  87|0x000000070e200000, 0x000000070e200000, 0x000000070e400000|  0%| F|  |TAMS 0x000000070e200000, 0x000000070e200000| Untracked 
|  88|0x000000070e400000, 0x000000070e400000, 0x000000070e600000|  0%| F|  |TAMS 0x000000070e400000, 0x000000070e400000| Untracked 
|  89|0x000000070e600000, 0x000000070e600000, 0x000000070e800000|  0%| F|  |TAMS 0x000000070e600000, 0x000000070e600000| Untracked 
|  90|0x000000070e800000, 0x000000070e800000, 0x000000070ea00000|  0%| F|  |TAMS 0x000000070e800000, 0x000000070e800000| Untracked 
|  91|0x000000070ea00000, 0x000000070ea00000, 0x000000070ec00000|  0%| F|  |TAMS 0x000000070ea00000, 0x000000070ea00000| Untracked 
|  92|0x000000070ec00000, 0x000000070ec00000, 0x000000070ee00000|  0%| F|  |TAMS 0x000000070ec00000, 0x000000070ec00000| Untracked 
|  93|0x000000070ee00000, 0x000000070ee00000, 0x000000070f000000|  0%| F|  |TAMS 0x000000070ee00000, 0x000000070ee00000| Untracked 
|  94|0x000000070f000000, 0x000000070f000000, 0x000000070f200000|  0%| F|  |TAMS 0x000000070f000000, 0x000000070f000000| Untracked 
|  95|0x000000070f200000, 0x000000070f200000, 0x000000070f400000|  0%| F|  |TAMS 0x000000070f200000, 0x000000070f200000| Untracked 
|  96|0x000000070f400000, 0x000000070f400000, 0x000000070f600000|  0%| F|  |TAMS 0x000000070f400000, 0x000000070f400000| Untracked 
|  97|0x000000070f600000, 0x000000070f600000, 0x000000070f800000|  0%| F|  |TAMS 0x000000070f600000, 0x000000070f600000| Untracked 
|  98|0x000000070f800000, 0x000000070f800000, 0x000000070fa00000|  0%| F|  |TAMS 0x000000070f800000, 0x000000070f800000| Untracked 
|  99|0x000000070fa00000, 0x000000070fa00000, 0x000000070fc00000|  0%| F|  |TAMS 0x000000070fa00000, 0x000000070fa00000| Untracked 
| 100|0x000000070fc00000, 0x000000070fc00000, 0x000000070fe00000|  0%| F|  |TAMS 0x000000070fc00000, 0x000000070fc00000| Untracked 
| 101|0x000000070fe00000, 0x000000070fe00000, 0x0000000710000000|  0%| F|  |TAMS 0x000000070fe00000, 0x000000070fe00000| Untracked 
| 102|0x0000000710000000, 0x0000000710000000, 0x0000000710200000|  0%| F|  |TAMS 0x0000000710000000, 0x0000000710000000| Untracked 
| 103|0x0000000710200000, 0x0000000710200000, 0x0000000710400000|  0%| F|  |TAMS 0x0000000710200000, 0x0000000710200000| Untracked 
| 104|0x0000000710400000, 0x0000000710600000, 0x0000000710600000|100%| S|CS|TAMS 0x0000000710400000, 0x0000000710400000| Complete 
| 105|0x0000000710600000, 0x0000000710800000, 0x0000000710800000|100%| S|CS|TAMS 0x0000000710600000, 0x0000000710600000| Complete 
| 106|0x0000000710800000, 0x0000000710a00000, 0x0000000710a00000|100%| S|CS|TAMS 0x0000000710800000, 0x0000000710800000| Complete 
| 107|0x0000000710a00000, 0x0000000710a00000, 0x0000000710c00000|  0%| F|  |TAMS 0x0000000710a00000, 0x0000000710a00000| Untracked 
| 108|0x0000000710c00000, 0x0000000710c00000, 0x0000000710e00000|  0%| F|  |TAMS 0x0000000710c00000, 0x0000000710c00000| Untracked 
| 109|0x0000000710e00000, 0x0000000710e00000, 0x0000000711000000|  0%| F|  |TAMS 0x0000000710e00000, 0x0000000710e00000| Untracked 
| 110|0x0000000711000000, 0x0000000711000000, 0x0000000711200000|  0%| F|  |TAMS 0x0000000711000000, 0x0000000711000000| Untracked 
| 111|0x0000000711200000, 0x0000000711200000, 0x0000000711400000|  0%| F|  |TAMS 0x0000000711200000, 0x0000000711200000| Untracked 
| 112|0x0000000711400000, 0x0000000711400000, 0x0000000711600000|  0%| F|  |TAMS 0x0000000711400000, 0x0000000711400000| Untracked 
| 113|0x0000000711600000, 0x0000000711600000, 0x0000000711800000|  0%| F|  |TAMS 0x0000000711600000, 0x0000000711600000| Untracked 
| 114|0x0000000711800000, 0x0000000711800000, 0x0000000711a00000|  0%| F|  |TAMS 0x0000000711800000, 0x0000000711800000| Untracked 
| 115|0x0000000711a00000, 0x0000000711a00000, 0x0000000711c00000|  0%| F|  |TAMS 0x0000000711a00000, 0x0000000711a00000| Untracked 
| 116|0x0000000711c00000, 0x0000000711c00000, 0x0000000711e00000|  0%| F|  |TAMS 0x0000000711c00000, 0x0000000711c00000| Untracked 
| 117|0x0000000711e00000, 0x0000000711e00000, 0x0000000712000000|  0%| F|  |TAMS 0x0000000711e00000, 0x0000000711e00000| Untracked 
| 118|0x0000000712000000, 0x0000000712000000, 0x0000000712200000|  0%| F|  |TAMS 0x0000000712000000, 0x0000000712000000| Untracked 
| 119|0x0000000712200000, 0x0000000712200000, 0x0000000712400000|  0%| F|  |TAMS 0x0000000712200000, 0x0000000712200000| Untracked 
| 120|0x0000000712400000, 0x0000000712400000, 0x0000000712600000|  0%| F|  |TAMS 0x0000000712400000, 0x0000000712400000| Untracked 
| 121|0x0000000712600000, 0x0000000712600000, 0x0000000712800000|  0%| F|  |TAMS 0x0000000712600000, 0x0000000712600000| Untracked 
| 122|0x0000000712800000, 0x0000000712800000, 0x0000000712a00000|  0%| F|  |TAMS 0x0000000712800000, 0x0000000712800000| Untracked 
| 123|0x0000000712a00000, 0x0000000712a00000, 0x0000000712c00000|  0%| F|  |TAMS 0x0000000712a00000, 0x0000000712a00000| Untracked 
| 124|0x0000000712c00000, 0x0000000712c697a0, 0x0000000712e00000| 20%| E|  |TAMS 0x0000000712c00000, 0x0000000712c00000| Complete 
| 125|0x0000000712e00000, 0x0000000713000000, 0x0000000713000000|100%| E|CS|TAMS 0x0000000712e00000, 0x0000000712e00000| Complete 
| 126|0x0000000713000000, 0x0000000713200000, 0x0000000713200000|100%| E|CS|TAMS 0x0000000713000000, 0x0000000713000000| Complete 

Card table byte_map: [0x0000023c44880000,0x0000023c45070000] _byte_map_base: 0x0000023c41066000

Marking Bits (Prev, Next): (CMBitMap*) 0x0000023c2af69ae0, (CMBitMap*) 0x0000023c2af69b20
 Prev Bits: [0x0000023c45860000, 0x0000023c49790000)
 Next Bits: [0x0000023c49790000, 0x0000023c4d6c0000)

Polling page: 0x0000023c2afc0000

Metaspace:

Usage:
  Non-class:     13.26 MB used.
      Class:      2.08 MB used.
       Both:     15.35 MB used.

Virtual space:
  Non-class space:       64.00 MB reserved,      13.44 MB ( 21%) committed,  1 nodes.
      Class space:        1.00 GB reserved,       2.19 MB ( <1%) committed,  1 nodes.
             Both:        1.06 GB reserved,      15.62 MB (  1%) committed. 

Chunk freelists:
   Non-Class:  1.75 MB
       Class:  1.75 MB
        Both:  3.50 MB

MaxMetaspaceSize: unlimited
CompressedClassSpaceSize: 1.00 GB
Initial GC threshold: 21.00 MB
Current GC threshold: 21.00 MB
CDS: on
MetaspaceReclaimPolicy: balanced
 - commit_granule_bytes: 65536.
 - commit_granule_words: 8192.
 - virtual_space_node_default_size: 8388608.
 - enlarge_chunks_in_place: 1.
 - new_chunks_are_fully_committed: 0.
 - uncommit_free_chunks: 1.
 - use_allocation_guard: 0.


Internal statistics:

num_allocs_failed_limit: 0.
num_arena_births: 348.
num_arena_deaths: 0.
num_vsnodes_births: 2.
num_vsnodes_deaths: 0.
num_space_committed: 250.
num_space_uncommitted: 0.
num_chunks_returned_to_freelist: 0.
num_chunks_taken_from_freelist: 821.
num_chunk_merges: 0.
num_chunk_splits: 573.
num_chunks_enlarged: 438.
num_inconsistent_stats: 0.

CodeHeap 'non-profiled nmethods': size=120000Kb used=945Kb max_used=945Kb free=119054Kb
 bounds [0x0000023c3c0f0000, 0x0000023c3c360000, 0x0000023c43620000]
CodeHeap 'profiled nmethods': size=120000Kb used=4817Kb max_used=4817Kb free=115182Kb
 bounds [0x0000023c34620000, 0x0000023c34ae0000, 0x0000023c3bb50000]
CodeHeap 'non-nmethods': size=5760Kb used=1526Kb max_used=1559Kb free=4233Kb
 bounds [0x0000023c3bb50000, 0x0000023c3bdc0000, 0x0000023c3c0f0000]
 total_blobs=3444 nmethods=2651 adapters=703
 compilation: enabled
              stopped_count=0, restarted_count=0
 full_count=0

Compilation events (20 events):
Event: 51.534 Thread 0x0000023c501a86d0 2644       3       javafx.scene.Node::preprocessMouseEvent (114 bytes)
Event: 51.537 Thread 0x0000023c501a86d0 nmethod 2644 0x0000023c34acea90 code [0x0000023c34acee80, 0x0000023c34ad0f48]
Event: 51.598 Thread 0x0000023c501a86d0 2645       3       com.sun.javafx.tk.quantum.QuantumToolkit::isSupported (142 bytes)
Event: 51.600 Thread 0x0000023c501a86d0 nmethod 2645 0x0000023c34ad1790 code [0x0000023c34ad1ac0, 0x0000023c34ad2c58]
Event: 51.624 Thread 0x0000023c501943b0 2646       4       com.sun.javafx.collections.SetListenerHelper::hasListeners (10 bytes)
Event: 51.625 Thread 0x0000023c501943b0 nmethod 2646 0x0000023c3c1db090 code [0x0000023c3c1db200, 0x0000023c3c1db278]
Event: 51.816 Thread 0x0000023c501a86d0 2647   !   3       javafx.scene.Node::sceneToLocal (13 bytes)
Event: 51.816 Thread 0x0000023c501a86d0 nmethod 2647 0x0000023c34ad3210 code [0x0000023c34ad33c0, 0x0000023c34ad3548]
Event: 51.819 Thread 0x0000023c501a86d0 2648       3       com.sun.javafx.scene.input.PickResultChooser::computePoint (55 bytes)
Event: 51.820 Thread 0x0000023c501a86d0 nmethod 2648 0x0000023c34ad3610 code [0x0000023c34ad37c0, 0x0000023c34ad3a78]
Event: 51.820 Thread 0x0000023c501a86d0 2649       3       com.sun.javafx.scene.input.PickResultChooser::offer (13 bytes)
Event: 51.820 Thread 0x0000023c501a86d0 nmethod 2649 0x0000023c34ad3c10 code [0x0000023c34ad3dc0, 0x0000023c34ad3f28]
Event: 51.839 Thread 0x0000023c501a86d0 2650       3       javafx.scene.input.PickResult::<init> (47 bytes)
Event: 51.840 Thread 0x0000023c501a86d0 nmethod 2650 0x0000023c34ad4010 code [0x0000023c34ad41c0, 0x0000023c34ad4478]
Event: 86.361 Thread 0x0000023c501943b0 2651       4       com.sun.javafx.tk.quantum.QuantumToolkit::postPulse (133 bytes)
Event: 86.368 Thread 0x0000023c501943b0 nmethod 2651 0x0000023c3c1db390 code [0x0000023c3c1db560, 0x0000023c3c1db7c8]
Event: 86.610 Thread 0x0000023c501943b0 2652       4       com.sun.javafx.tk.quantum.QuantumToolkit$$Lambda$80/0x000000080103ae00::run (8 bytes)
Event: 86.618 Thread 0x0000023c501943b0 nmethod 2652 0x0000023c3c1dba90 code [0x0000023c3c1dbc60, 0x0000023c3c1dbf30]
Event: 144.433 Thread 0x0000023c501943b0 2653       4       java.util.concurrent.ConcurrentHashMap$BaseIterator::hasNext (13 bytes)
Event: 144.434 Thread 0x0000023c501943b0 nmethod 2653 0x0000023c3c1dc290 code [0x0000023c3c1dc400, 0x0000023c3c1dc498]

GC Heap History (4 events):
Event: 0.649 GC heap before
{Heap before GC invocations=0 (full 0):
 garbage-first heap   total 260096K, used 20480K [0x0000000703400000, 0x0000000800000000)
  region size 2048K, 11 young (22528K), 0 survivors (0K)
 Metaspace       used 5162K, committed 5376K, reserved 1114112K
  class space    used 583K, committed 704K, reserved 1048576K
}
Event: 0.653 GC heap after
{Heap after GC invocations=1 (full 0):
 garbage-first heap   total 260096K, used 2848K [0x0000000703400000, 0x0000000800000000)
  region size 2048K, 2 young (4096K), 2 survivors (4096K)
 Metaspace       used 5162K, committed 5376K, reserved 1114112K
  class space    used 583K, committed 704K, reserved 1048576K
}
Event: 4.109 GC heap before
{Heap before GC invocations=1 (full 0):
 garbage-first heap   total 260096K, used 39712K [0x0000000703400000, 0x0000000800000000)
  region size 2048K, 20 young (40960K), 2 survivors (4096K)
 Metaspace       used 15216K, committed 15552K, reserved 1114112K
  class space    used 2111K, committed 2240K, reserved 1048576K
}
Event: 4.115 GC heap after
{Heap after GC invocations=2 (full 0):
 garbage-first heap   total 260096K, used 10218K [0x0000000703400000, 0x0000000800000000)
  region size 2048K, 3 young (6144K), 3 survivors (6144K)
 Metaspace       used 15216K, committed 15552K, reserved 1114112K
  class space    used 2111K, committed 2240K, reserved 1048576K
}

Dll operation events (20 events):
Event: 0.365 Loaded shared library C:\Users\makod\.openjfx\cache\17.0.1\api-ms-win-crt-filesystem-l1-1-0.dll
Event: 0.368 Loaded shared library C:\Users\makod\.openjfx\cache\17.0.1\api-ms-win-crt-heap-l1-1-0.dll
Event: 0.371 Loaded shared library C:\Users\makod\.openjfx\cache\17.0.1\api-ms-win-crt-locale-l1-1-0.dll
Event: 0.373 Loaded shared library C:\Users\makod\.openjfx\cache\17.0.1\api-ms-win-crt-math-l1-1-0.dll
Event: 0.377 Loaded shared library C:\Users\makod\.openjfx\cache\17.0.1\api-ms-win-crt-multibyte-l1-1-0.dll
Event: 0.380 Loaded shared library C:\Users\makod\.openjfx\cache\17.0.1\api-ms-win-crt-private-l1-1-0.dll
Event: 0.383 Loaded shared library C:\Users\makod\.openjfx\cache\17.0.1\api-ms-win-crt-process-l1-1-0.dll
Event: 0.385 Loaded shared library C:\Users\makod\.openjfx\cache\17.0.1\api-ms-win-crt-runtime-l1-1-0.dll
Event: 0.388 Loaded shared library C:\Users\makod\.openjfx\cache\17.0.1\api-ms-win-crt-stdio-l1-1-0.dll
Event: 0.391 Loaded shared library C:\Users\makod\.openjfx\cache\17.0.1\api-ms-win-crt-string-l1-1-0.dll
Event: 0.393 Loaded shared library C:\Users\makod\.openjfx\cache\17.0.1\api-ms-win-crt-time-l1-1-0.dll
Event: 0.397 Loaded shared library C:\Users\makod\.openjfx\cache\17.0.1\api-ms-win-crt-utility-l1-1-0.dll
Event: 0.410 Loaded shared library C:\Users\makod\.openjfx\cache\17.0.1\ucrtbase.dll
Event: 0.414 Loaded shared library C:\Users\makod\.openjfx\cache\17.0.1\vcruntime140.dll
Event: 0.417 Loaded shared library C:\Users\makod\.openjfx\cache\17.0.1\vcruntime140_1.dll
Event: 0.426 Loaded shared library C:\Users\makod\.openjfx\cache\17.0.1\msvcp140.dll
Event: 0.466 Loaded shared library C:\Users\makod\.openjfx\cache\17.0.1\prism_d3d.dll
Event: 0.524 Loaded shared library C:\Users\makod\.openjfx\cache\17.0.1\glass.dll
Event: 0.642 Loaded shared library C:\Users\makod\.jdks\openjdk-19\bin\jimage.dll
Event: 0.818 Loaded shared library C:\Users\makod\.openjfx\cache\17.0.1\javafx_font.dll

Deoptimization events (20 events):
Event: 6.251 Thread 0x0000023c55050c70 Uncommon trap: trap_request=0xffffff45 fr.pc=0x0000023c3c0fc6a0 relative=0x0000000000000180
Event: 6.251 Thread 0x0000023c55050c70 Uncommon trap: reason=unstable_if action=reinterpret pc=0x0000023c3c0fc6a0 method=java.lang.StringCoding.countPositives([BII)I @ 17 c2
Event: 6.252 Thread 0x0000023c55050c70 DEOPT PACKING pc=0x0000023c3c0fc6a0 sp=0x0000009ac11fa250
Event: 6.252 Thread 0x0000023c55050c70 DEOPT UNPACKING pc=0x0000023c3bbba5a3 sp=0x0000009ac11fa210 mode 2
Event: 6.272 Thread 0x0000023c55050c70 Uncommon trap: trap_request=0xffffffde fr.pc=0x0000023c3c1c9fb4 relative=0x0000000000000114
Event: 6.272 Thread 0x0000023c55050c70 Uncommon trap: reason=class_check action=maybe_recompile pc=0x0000023c3c1c9fb4 method=jdk.internal.misc.Unsafe.allocateUninitializedArray(Ljava/lang/Class;I)Ljava/lang/Object; @ 51 c2
Event: 6.272 Thread 0x0000023c55050c70 DEOPT PACKING pc=0x0000023c3c1c9fb4 sp=0x0000009ac11fa7d0
Event: 6.272 Thread 0x0000023c55050c70 DEOPT UNPACKING pc=0x0000023c3bbba5a3 sp=0x0000009ac11fa758 mode 2
Event: 6.272 Thread 0x0000023c55050c70 Uncommon trap: trap_request=0xffffffde fr.pc=0x0000023c3c1c9fb4 relative=0x0000000000000114
Event: 6.272 Thread 0x0000023c55050c70 Uncommon trap: reason=class_check action=maybe_recompile pc=0x0000023c3c1c9fb4 method=jdk.internal.misc.Unsafe.allocateUninitializedArray(Ljava/lang/Class;I)Ljava/lang/Object; @ 51 c2
Event: 6.272 Thread 0x0000023c55050c70 DEOPT PACKING pc=0x0000023c3c1c9fb4 sp=0x0000009ac11fa6f0
Event: 6.272 Thread 0x0000023c55050c70 DEOPT UNPACKING pc=0x0000023c3bbba5a3 sp=0x0000009ac11fa678 mode 2
Event: 6.272 Thread 0x0000023c55050c70 Uncommon trap: trap_request=0xffffffde fr.pc=0x0000023c3c1c9fb4 relative=0x0000000000000114
Event: 6.272 Thread 0x0000023c55050c70 Uncommon trap: reason=class_check action=maybe_recompile pc=0x0000023c3c1c9fb4 method=jdk.internal.misc.Unsafe.allocateUninitializedArray(Ljava/lang/Class;I)Ljava/lang/Object; @ 51 c2
Event: 6.272 Thread 0x0000023c55050c70 DEOPT PACKING pc=0x0000023c3c1c9fb4 sp=0x0000009ac11fa7d0
Event: 6.272 Thread 0x0000023c55050c70 DEOPT UNPACKING pc=0x0000023c3bbba5a3 sp=0x0000009ac11fa758 mode 2
Event: 6.272 Thread 0x0000023c55050c70 Uncommon trap: trap_request=0xffffffde fr.pc=0x0000023c3c1c9fb4 relative=0x0000000000000114
Event: 6.272 Thread 0x0000023c55050c70 Uncommon trap: reason=class_check action=maybe_recompile pc=0x0000023c3c1c9fb4 method=jdk.internal.misc.Unsafe.allocateUninitializedArray(Ljava/lang/Class;I)Ljava/lang/Object; @ 51 c2
Event: 6.272 Thread 0x0000023c55050c70 DEOPT PACKING pc=0x0000023c3c1c9fb4 sp=0x0000009ac11fa730
Event: 6.272 Thread 0x0000023c55050c70 DEOPT UNPACKING pc=0x0000023c3bbba5a3 sp=0x0000009ac11fa6b8 mode 2

Classes loaded (20 events):
Event: 8.269 Loading class sun/util/locale/provider/BreakIteratorProviderImpl
Event: 8.269 Loading class sun/util/locale/provider/BreakIteratorProviderImpl done
Event: 8.271 Loading class sun/text/resources/BreakIteratorInfo
Event: 8.271 Loading class sun/text/resources/BreakIteratorInfo done
Event: 8.272 Loading class sun/text/resources/BreakIteratorResources
Event: 8.272 Loading class sun/util/resources/BreakIteratorResourceBundle
Event: 8.272 Loading class sun/util/resources/BreakIteratorResourceBundle done
Event: 8.272 Loading class sun/text/resources/BreakIteratorResources done
Event: 8.273 Loading class sun/text/RuleBasedBreakIterator
Event: 8.273 Loading class sun/text/RuleBasedBreakIterator done
Event: 8.275 Loading class sun/text/CompactByteArray
Event: 8.275 Loading class sun/text/CompactByteArray done
Event: 8.275 Loading class sun/text/SupplementaryCharacterData
Event: 8.275 Loading class sun/text/SupplementaryCharacterData done
Event: 8.275 Loading class java/text/BreakIterator$BreakIteratorCache
Event: 8.275 Loading class java/text/BreakIterator$BreakIteratorCache done
Event: 8.275 Loading class java/text/StringCharacterIterator
Event: 8.276 Loading class java/text/StringCharacterIterator done
Event: 144.432 Loading class jdk/internal/misc/Signal$1
Event: 144.432 Loading class jdk/internal/misc/Signal$1 done

Classes unloaded (0 events):
No events

Classes redefined (0 events):
No events

Internal exceptions (20 events):
Event: 1.055 Thread 0x0000023c55050c70 Implicit null exception at 0x0000023c3c157baf to 0x0000023c3c157e20
Event: 1.057 Thread 0x0000023c55050c70 Implicit null exception at 0x0000023c3c15392f to 0x0000023c3c153b98
Event: 1.061 Thread 0x0000023c55050c70 Implicit null exception at 0x0000023c3c108b2f to 0x0000023c3c108ba9
Event: 1.139 Thread 0x0000023c55050c70 Implicit null exception at 0x0000023c3c14f60c to 0x0000023c3c14fc4c
Event: 1.200 Thread 0x0000023c55050c70 Exception <a 'java/lang/ClassNotFoundException'{0x00000007117dcff0}: com/sun/javafx/scene/control/skin/resources/controls> (0x00000007117dcff0) 
thrown [s\open\src\hotspot\share\prims\jni.cpp, line 536]
Event: 1.201 Thread 0x0000023c55050c70 Exception <a 'java/lang/ClassNotFoundException'{0x00000007117eadc8}: com/sun/javafx/scene/control/skin/resources/controls_ru> (0x00000007117eadc8) 
thrown [s\open\src\hotspot\share\prims\jni.cpp, line 536]
Event: 1.201 Thread 0x0000023c55050c70 Exception <a 'java/lang/ClassNotFoundException'{0x00000007117ebd70}: com/sun/javafx/scene/control/skin/resources/controls_ru_RU> (0x00000007117ebd70) 
thrown [s\open\src\hotspot\share\prims\jni.cpp, line 536]
Event: 1.257 Thread 0x0000023c55050c70 Exception <a 'java/lang/NoSuchMethodError'{0x00000007115a1a50}: 'void java.lang.invoke.DirectMethodHandle$Holder.invokeSpecial(java.lang.Object, java.lang.Object, java.lang.Object, java.lang.Object, java.lang.Object, java.lang.Object)'> (0x00000007115a1a50) 
thrown [s\open\src\hotspot\share\interpreter\linkResolver.cpp, line 774]
Event: 1.298 Thread 0x0000023c55050c70 Exception <a 'java/lang/NoSuchMethodError'{0x00000007110a4cb0}: 'java.lang.Object java.lang.invoke.DirectMethodHandle$Holder.invokeInterface(java.lang.Object, java.lang.Object, java.lang.Object)'> (0x00000007110a4cb0) 
thrown [s\open\src\hotspot\share\interpreter\linkResolver.cpp, line 774]
Event: 1.298 Thread 0x0000023c55050c70 Exception <a 'java/lang/IncompatibleClassChangeError'{0x00000007110a8640}: Found class java.lang.Object, but interface was expected> (0x00000007110a8640) 
thrown [s\open\src\hotspot\share\interpreter\linkResolver.cpp, line 841]
Event: 1.346 Thread 0x0000023c55050c70 Exception <a 'java/lang/NoSuchMethodError'{0x0000000710e5b1d8}: 'int java.lang.invoke.DirectMethodHandle$Holder.invokeSpecial(java.lang.Object, java.lang.Object, int)'> (0x0000000710e5b1d8) 
thrown [s\open\src\hotspot\share\interpreter\linkResolver.cpp, line 774]
Event: 1.358 Thread 0x0000023c55050c70 Exception <a 'java/lang/NoSuchMethodError'{0x0000000710e8a9f8}: 'java.lang.Object java.lang.invoke.DirectMethodHandle$Holder.newInvokeSpecial(java.lang.Object, java.lang.Object, int)'> (0x0000000710e8a9f8) 
thrown [s\open\src\hotspot\share\interpreter\linkResolver.cpp, line 774]
Event: 1.385 Thread 0x0000023c5504f730 Exception <a 'java/lang/NoSuchMethodError'{0x0000000710f4fef8}: 'int java.lang.invoke.DirectMethodHandle$Holder.invokeStaticInit(java.lang.Object, java.lang.Object)'> (0x0000000710f4fef8) 
thrown [s\open\src\hotspot\share\interpreter\linkResolver.cpp, line 774]
Event: 1.391 Thread 0x0000023c55050c70 Exception <a 'java/lang/NoSuchMethodError'{0x0000000710fa0218}: 'long java.lang.invoke.DirectMethodHandle$Holder.invokeStatic(java.lang.Object, java.lang.Object, java.lang.Object)'> (0x0000000710fa0218) 
thrown [s\open\src\hotspot\share\interpreter\linkResolver.cpp, line 774]
Event: 1.392 Thread 0x0000023c55050c70 Exception <a 'java/lang/NoSuchMethodError'{0x0000000710fa3890}: 'long java.lang.invoke.DirectMethodHandle$Holder.invokeStaticInit(java.lang.Object, java.lang.Object, java.lang.Object)'> (0x0000000710fa3890) 
thrown [s\open\src\hotspot\share\interpreter\linkResolver.cpp, line 774]
Event: 1.396 Thread 0x0000023c55050c70 Exception <a 'java/lang/NoSuchMethodError'{0x0000000710fbbc38}: 'java.lang.Object java.lang.invoke.DirectMethodHandle$Holder.newInvokeSpecial(java.lang.Object, java.lang.Object, long)'> (0x0000000710fbbc38) 
thrown [s\open\src\hotspot\share\interpreter\linkResolver.cpp, line 774]
Event: 1.396 Thread 0x0000023c55050c70 Exception <a 'java/lang/NoSuchMethodError'{0x0000000710fbf7c0}: 'java.lang.Object java.lang.invoke.Invokers$Holder.linkToTargetMethod(java.lang.Object, long, java.lang.Object)'> (0x0000000710fbf7c0) 
thrown [s\open\src\hotspot\share\interpreter\linkResolver.cpp, line 774]
Event: 12.336 Thread 0x0000023c55050c70 Exception <a 'java/lang/NoSuchMethodError'{0x0000000712f1bc10}: 'java.lang.Object java.lang.invoke.DirectMethodHandle$Holder.newInvokeSpecial(java.lang.Object, java.lang.Object, int, int, int, int, int, java.lang.Object)'> (0x0000000712f1bc10) 
thrown [s\open\src\hotspot\share\interpreter\linkResolver.cpp, line 774]
Event: 12.338 Thread 0x0000023c55050c70 Exception <a 'java/lang/NoSuchMethodError'{0x0000000712f2f6b8}: 'java.lang.Object java.lang.invoke.DirectMethodHandle$Holder.newInvokeSpecial(java.lang.Object, java.lang.Object, java.lang.Object, int, int, int, int, int)'> (0x0000000712f2f6b8) 
thrown [s\open\src\hotspot\share\interpreter\linkResolver.cpp, line 774]
Event: 12.338 Thread 0x0000023c55050c70 Exception <a 'java/lang/NoSuchMethodError'{0x0000000712f379e8}: 'java.lang.Object java.lang.invoke.Invokers$Holder.linkToTargetMethod(java.lang.Object, java.lang.Object, int, int, int, int, int, java.lang.Object)'> (0x0000000712f379e8) 
thrown [s\open\src\hotspot\share\interpreter\linkResolver.cpp, line 774]

VM Operations (20 events):
Event: 2.056 Executing VM operation: Cleanup done
Event: 4.056 Executing VM operation: Cleanup
Event: 4.057 Executing VM operation: Cleanup done
Event: 4.109 Executing VM operation: G1CollectForAllocation
Event: 4.115 Executing VM operation: G1CollectForAllocation done
Event: 6.115 Executing VM operation: Cleanup
Event: 6.116 Executing VM operation: Cleanup done
Event: 8.115 Executing VM operation: Cleanup
Event: 8.115 Executing VM operation: Cleanup done
Event: 9.116 Executing VM operation: Cleanup
Event: 9.116 Executing VM operation: Cleanup done
Event: 13.117 Executing VM operation: Cleanup
Event: 13.118 Executing VM operation: Cleanup done
Event: 15.118 Executing VM operation: Cleanup
Event: 15.119 Executing VM operation: Cleanup done
Event: 51.130 Executing VM operation: Cleanup
Event: 51.130 Executing VM operation: Cleanup done
Event: 52.131 Executing VM operation: Cleanup
Event: 52.131 Executing VM operation: Cleanup done
Event: 144.436 Executing VM operation: Exit

Events (20 events):
Event: 0.526 Thread 0x0000023c550501d0 Thread added: 0x0000023c550501d0
Event: 0.529 Thread 0x0000023c55050c70 Thread added: 0x0000023c55050c70
Event: 0.567 Thread 0x0000023c544fc720 Thread exited: 0x0000023c544fc720
Event: 0.568 Thread 0x0000023c544fb600 Thread exited: 0x0000023c544fb600
Event: 0.604 Thread 0x0000023c55051710 Thread added: 0x0000023c55051710
Event: 0.609 Thread 0x0000023c55051c60 Thread added: 0x0000023c55051c60
Event: 0.734 Thread 0x0000023c54501fe0 Thread added: 0x0000023c54501fe0
Event: 0.734 Thread 0x0000023c54502560 Thread added: 0x0000023c54502560
Event: 1.272 Thread 0x0000023c5504e740 Thread added: 0x0000023c5504e740
Event: 1.469 Thread 0x0000023c5504f1e0 Thread added: 0x0000023c5504f1e0
Event: 1.740 Thread 0x0000023c54502560 Thread exited: 0x0000023c54502560
Event: 1.740 Thread 0x0000023c54501fe0 Thread exited: 0x0000023c54501fe0
Event: 4.157 Thread 0x0000023c556b0930 Thread added: 0x0000023c556b0930
Event: 4.493 Thread 0x0000023c556b0930 Thread exited: 0x0000023c556b0930
Event: 144.432 Thread 0x0000023c54c36320 Thread added: 0x0000023c54c36320
Event: 144.432 Thread 0x0000023c54c30e20 Thread added: 0x0000023c54c30e20
Event: 144.432 Thread 0x0000023c54c338a0 Thread added: 0x0000023c54c338a0
Event: 144.433 Thread 0x0000023c54c30e20 Thread exited: 0x0000023c54c30e20
Event: 144.435 Thread 0x0000023c54c338a0 Thread exited: 0x0000023c54c338a0
Event: 144.436 Thread 0x0000023c501969a0 Thread exited: 0x0000023c501969a0


Dynamic libraries:
0x00007ff685e40000 - 0x00007ff685e4e000 	C:\Users\makod\.jdks\openjdk-19\bin\java.exe
0x00007fffbccc0000 - 0x00007fffbcec9000 	C:\WINDOWS\SYSTEM32\ntdll.dll
0x00007fffbb580000 - 0x00007fffbb63d000 	C:\WINDOWS\System32\KERNEL32.DLL
0x00007fffba430000 - 0x00007fffba7ac000 	C:\WINDOWS\System32\KERNELBASE.dll
0x00007fffba9b0000 - 0x00007fffbaac1000 	C:\WINDOWS\System32\ucrtbase.dll
0x00007fffa58b0000 - 0x00007fffa58c7000 	C:\Users\makod\.jdks\openjdk-19\bin\jli.dll
0x00007fffa5860000 - 0x00007fffa587b000 	C:\Users\makod\.jdks\openjdk-19\bin\VCRUNTIME140.dll
0x00007fffbafb0000 - 0x00007fffbb15d000 	C:\WINDOWS\System32\USER32.dll
0x00007fffa2150000 - 0x00007fffa23f5000 	C:\WINDOWS\WinSxS\amd64_microsoft.windows.common-controls_6595b64144ccf1df_6.0.22000.120_none_9d947278b86cc467\COMCTL32.dll
0x00007fffba7b0000 - 0x00007fffba7d6000 	C:\WINDOWS\System32\win32u.dll
0x00007fffbca90000 - 0x00007fffbcb33000 	C:\WINDOWS\System32\msvcrt.dll
0x00007fffbc5c0000 - 0x00007fffbc5e9000 	C:\WINDOWS\System32\GDI32.dll
0x00007fffba310000 - 0x00007fffba429000 	C:\WINDOWS\System32\gdi32full.dll
0x00007fffba7e0000 - 0x00007fffba87d000 	C:\WINDOWS\System32\msvcp_win.dll
0x00007fffbb640000 - 0x00007fffbb671000 	C:\WINDOWS\System32\IMM32.DLL
0x00007fffb38b0000 - 0x00007fffb38bc000 	C:\Users\makod\.jdks\openjdk-19\bin\vcruntime140_1.dll
0x00007fffa0b70000 - 0x00007fffa0bfe000 	C:\Users\makod\.jdks\openjdk-19\bin\msvcp140.dll
0x00007fff68ca0000 - 0x00007fff69960000 	C:\Users\makod\.jdks\openjdk-19\bin\server\jvm.dll
0x00007fffbcb40000 - 0x00007fffbcbee000 	C:\WINDOWS\System32\ADVAPI32.dll
0x00007fffbab50000 - 0x00007fffbabee000 	C:\WINDOWS\System32\sechost.dll
0x00007fffbacf0000 - 0x00007fffbae10000 	C:\WINDOWS\System32\RPCRT4.dll
0x00007fffb3770000 - 0x00007fffb37a3000 	C:\WINDOWS\SYSTEM32\WINMM.dll
0x00007fffb3870000 - 0x00007fffb3879000 	C:\WINDOWS\SYSTEM32\WSOCK32.dll
0x00007fffb2b70000 - 0x00007fffb2b7a000 	C:\WINDOWS\SYSTEM32\VERSION.dll
0x00007fffbb2c0000 - 0x00007fffbb32f000 	C:\WINDOWS\System32\WS2_32.dll
0x00007fffb9380000 - 0x00007fffb9398000 	C:\WINDOWS\SYSTEM32\kernel.appcore.dll
0x00007fffa86f0000 - 0x00007fffa86fa000 	C:\Users\makod\.jdks\openjdk-19\bin\jimage.dll
0x00007fffb7730000 - 0x00007fffb7951000 	C:\WINDOWS\SYSTEM32\DBGHELP.DLL
0x00007fffb0e70000 - 0x00007fffb0ea1000 	C:\WINDOWS\SYSTEM32\dbgcore.DLL
0x00007fffbaad0000 - 0x00007fffbab4f000 	C:\WINDOWS\System32\bcryptPrimitives.dll
0x00007fffa79a0000 - 0x00007fffa79ae000 	C:\Users\makod\.jdks\openjdk-19\bin\instrument.dll
0x00007fffa5690000 - 0x00007fffa56b6000 	C:\Users\makod\.jdks\openjdk-19\bin\java.dll
0x00007fff6a2c0000 - 0x00007fff6a397000 	C:\Users\makod\.jdks\openjdk-19\bin\jsvml.dll
0x00007fffbb680000 - 0x00007fffbbe38000 	C:\WINDOWS\System32\SHELL32.dll
0x00007fffb82e0000 - 0x00007fffb8b48000 	C:\WINDOWS\SYSTEM32\windows.storage.dll
0x00007fffbc710000 - 0x00007fffbca89000 	C:\WINDOWS\System32\combase.dll
0x00007fffb8170000 - 0x00007fffb82d6000 	C:\WINDOWS\SYSTEM32\wintypes.dll
0x00007fffbb430000 - 0x00007fffbb51a000 	C:\WINDOWS\System32\SHCORE.dll
0x00007fffbc4a0000 - 0x00007fffbc4fd000 	C:\WINDOWS\System32\shlwapi.dll
0x00007fffba0d0000 - 0x00007fffba0f1000 	C:\WINDOWS\SYSTEM32\profapi.dll
0x00007fffa16b0000 - 0x00007fffa16c3000 	C:\Users\makod\.jdks\openjdk-19\bin\net.dll
0x00007fffb3d00000 - 0x00007fffb3e0c000 	C:\WINDOWS\SYSTEM32\WINHTTP.dll
0x00007fffb97b0000 - 0x00007fffb9817000 	C:\WINDOWS\system32\mswsock.dll
0x00007fffa12a0000 - 0x00007fffa12b6000 	C:\Users\makod\.jdks\openjdk-19\bin\nio.dll
0x00007fffa11b0000 - 0x00007fffa11c8000 	C:\Users\makod\.jdks\openjdk-19\bin\zip.dll
0x00007fffa0b50000 - 0x00007fffa0b6a000 	C:\Program Files\JetBrains\IntelliJ IDEA Community Edition 2021.3.2\bin\breakgen64.dll
0x0000023c50310000 - 0x0000023c50313000 	C:\Users\makod\.openjfx\cache\17.0.1\api-ms-win-core-console-l1-1-0.dll
0x0000023c50320000 - 0x0000023c50323000 	C:\Users\makod\.openjfx\cache\17.0.1\api-ms-win-core-console-l1-2-0.dll
0x0000023c50330000 - 0x0000023c50333000 	C:\Users\makod\.openjfx\cache\17.0.1\api-ms-win-core-datetime-l1-1-0.dll
0x0000023c50340000 - 0x0000023c50343000 	C:\Users\makod\.openjfx\cache\17.0.1\api-ms-win-core-debug-l1-1-0.dll
0x0000023c50350000 - 0x0000023c50353000 	C:\Users\makod\.openjfx\cache\17.0.1\api-ms-win-core-errorhandling-l1-1-0.dll
0x0000023c50360000 - 0x0000023c50364000 	C:\Users\makod\.openjfx\cache\17.0.1\api-ms-win-core-file-l1-1-0.dll
0x0000023c50370000 - 0x0000023c50373000 	C:\Users\makod\.openjfx\cache\17.0.1\api-ms-win-core-file-l1-2-0.dll
0x0000023c50380000 - 0x0000023c50383000 	C:\Users\makod\.openjfx\cache\17.0.1\api-ms-win-core-file-l2-1-0.dll
0x0000023c50390000 - 0x0000023c50393000 	C:\Users\makod\.openjfx\cache\17.0.1\api-ms-win-core-handle-l1-1-0.dll
0x0000023c503a0000 - 0x0000023c503a3000 	C:\Users\makod\.openjfx\cache\17.0.1\api-ms-win-core-heap-l1-1-0.dll
0x0000023c503b0000 - 0x0000023c503b3000 	C:\Users\makod\.openjfx\cache\17.0.1\api-ms-win-core-interlocked-l1-1-0.dll
0x0000023c503c0000 - 0x0000023c503c3000 	C:\Users\makod\.openjfx\cache\17.0.1\api-ms-win-core-libraryloader-l1-1-0.dll
0x0000023c503d0000 - 0x0000023c503d3000 	C:\Users\makod\.openjfx\cache\17.0.1\api-ms-win-core-localization-l1-2-0.dll
0x0000023c503e0000 - 0x0000023c503e3000 	C:\Users\makod\.openjfx\cache\17.0.1\api-ms-win-core-memory-l1-1-0.dll
0x0000023c503f0000 - 0x0000023c503f3000 	C:\Users\makod\.openjfx\cache\17.0.1\api-ms-win-core-namedpipe-l1-1-0.dll
0x0000023c55fd0000 - 0x0000023c55fd3000 	C:\Users\makod\.openjfx\cache\17.0.1\api-ms-win-core-processenvironment-l1-1-0.dll
0x0000023c55fe0000 - 0x0000023c55fe3000 	C:\Users\makod\.openjfx\cache\17.0.1\api-ms-win-core-processthreads-l1-1-0.dll
0x0000023c55ff0000 - 0x0000023c55ff3000 	C:\Users\makod\.openjfx\cache\17.0.1\api-ms-win-core-processthreads-l1-1-1.dll
0x0000023c56000000 - 0x0000023c56003000 	C:\Users\makod\.openjfx\cache\17.0.1\api-ms-win-core-profile-l1-1-0.dll
0x0000023c56010000 - 0x0000023c56013000 	C:\Users\makod\.openjfx\cache\17.0.1\api-ms-win-core-rtlsupport-l1-1-0.dll
0x0000023c56020000 - 0x0000023c56023000 	C:\Users\makod\.openjfx\cache\17.0.1\api-ms-win-core-string-l1-1-0.dll
0x0000023c56030000 - 0x0000023c56033000 	C:\Users\makod\.openjfx\cache\17.0.1\api-ms-win-core-synch-l1-1-0.dll
0x0000023c56040000 - 0x0000023c56043000 	C:\Users\makod\.openjfx\cache\17.0.1\api-ms-win-core-synch-l1-2-0.dll
0x0000023c56050000 - 0x0000023c56053000 	C:\Users\makod\.openjfx\cache\17.0.1\api-ms-win-core-sysinfo-l1-1-0.dll
0x0000023c56060000 - 0x0000023c56063000 	C:\Users\makod\.openjfx\cache\17.0.1\api-ms-win-core-timezone-l1-1-0.dll
0x0000023c56070000 - 0x0000023c56073000 	C:\Users\makod\.openjfx\cache\17.0.1\api-ms-win-core-util-l1-1-0.dll
0x0000023c56080000 - 0x0000023c56083000 	C:\Users\makod\.openjfx\cache\17.0.1\api-ms-win-crt-conio-l1-1-0.dll
0x0000023c56090000 - 0x0000023c56094000 	C:\Users\makod\.openjfx\cache\17.0.1\api-ms-win-crt-convert-l1-1-0.dll
0x0000023c560a0000 - 0x0000023c560a3000 	C:\Users\makod\.openjfx\cache\17.0.1\api-ms-win-crt-environment-l1-1-0.dll
0x0000023c560b0000 - 0x0000023c560b3000 	C:\Users\makod\.openjfx\cache\17.0.1\api-ms-win-crt-filesystem-l1-1-0.dll
0x0000023c560c0000 - 0x0000023c560c3000 	C:\Users\makod\.openjfx\cache\17.0.1\api-ms-win-crt-heap-l1-1-0.dll
0x0000023c560d0000 - 0x0000023c560d3000 	C:\Users\makod\.openjfx\cache\17.0.1\api-ms-win-crt-locale-l1-1-0.dll
0x0000023c560e0000 - 0x0000023c560e5000 	C:\Users\makod\.openjfx\cache\17.0.1\api-ms-win-crt-math-l1-1-0.dll
0x0000023c560f0000 - 0x0000023c560f5000 	C:\Users\makod\.openjfx\cache\17.0.1\api-ms-win-crt-multibyte-l1-1-0.dll
0x0000023c56100000 - 0x0000023c56110000 	C:\Users\makod\.openjfx\cache\17.0.1\api-ms-win-crt-private-l1-1-0.dll
0x0000023c56110000 - 0x0000023c56113000 	C:\Users\makod\.openjfx\cache\17.0.1\api-ms-win-crt-process-l1-1-0.dll
0x0000023c56120000 - 0x0000023c56124000 	C:\Users\makod\.openjfx\cache\17.0.1\api-ms-win-crt-runtime-l1-1-0.dll
0x0000023c56130000 - 0x0000023c56134000 	C:\Users\makod\.openjfx\cache\17.0.1\api-ms-win-crt-stdio-l1-1-0.dll
0x0000023c56140000 - 0x0000023c56144000 	C:\Users\makod\.openjfx\cache\17.0.1\api-ms-win-crt-string-l1-1-0.dll
0x0000023c56150000 - 0x0000023c56153000 	C:\Users\makod\.openjfx\cache\17.0.1\api-ms-win-crt-time-l1-1-0.dll
0x0000023c56160000 - 0x0000023c56163000 	C:\Users\makod\.openjfx\cache\17.0.1\api-ms-win-crt-utility-l1-1-0.dll
0x00007fff6a1c0000 - 0x00007fff6a2bc000 	C:\Users\makod\.openjfx\cache\17.0.1\ucrtbase.dll
0x00007fffa0b30000 - 0x00007fffa0b4a000 	C:\Users\makod\.openjfx\cache\17.0.1\vcruntime140.dll
0x00007fffa7560000 - 0x00007fffa756c000 	C:\Users\makod\.openjfx\cache\17.0.1\vcruntime140_1.dll
0x00007fff6a4a0000 - 0x00007fff6a52d000 	C:\Users\makod\.openjfx\cache\17.0.1\msvcp140.dll
0x00007fffa0b00000 - 0x00007fffa0b2a000 	C:\Users\makod\.openjfx\cache\17.0.1\prism_d3d.dll
0x00007fffa8180000 - 0x00007fffa8326000 	C:\WINDOWS\system32\d3d9.dll
0x00007fffb7b00000 - 0x00007fffb7b2f000 	C:\WINDOWS\SYSTEM32\dwmapi.dll
0x00007fffb7990000 - 0x00007fffb79c8000 	C:\WINDOWS\SYSTEM32\dxcore.dll
0x00007fffb68d0000 - 0x00007fffb697c000 	C:\WINDOWS\system32\uxtheme.dll
0x00007fff591b0000 - 0x00007fff59313000 	C:\WINDOWS\System32\DriverStore\FileRepository\iigd_dch.inf_amd64_a447fbb12ee262cf\igdumdim64.dll
0x00007fffbae10000 - 0x00007fffbafaa000 	C:\WINDOWS\System32\ole32.dll
0x00007fff297d0000 - 0x00007fff2df55000 	C:\WINDOWS\System32\DriverStore\FileRepository\iigd_dch.inf_amd64_a447fbb12ee262cf\igd9dxva64.dll
0x00007fffbb160000 - 0x00007fffbb236000 	C:\WINDOWS\System32\OLEAUT32.dll
0x00007fffbbe40000 - 0x00007fffbc2ac000 	C:\WINDOWS\System32\SETUPAPI.dll
0x00007fffb9ea0000 - 0x00007fffb9eec000 	C:\WINDOWS\SYSTEM32\cfgmgr32.dll
0x00007fffaf980000 - 0x00007fffafc01000 	C:\WINDOWS\System32\DriverStore\FileRepository\iigd_dch.inf_amd64_a447fbb12ee262cf\igdgmm64.dll
0x00007fffb2810000 - 0x00007fffb2854000 	C:\WINDOWS\SYSTEM32\directxdatabasehelper.dll
0x00007fffb7b30000 - 0x00007fffb7b64000 	C:\WINDOWS\SYSTEM32\ntmarta.dll
0x00007fff6a170000 - 0x00007fff6a1b2000 	C:\Users\makod\.openjfx\cache\17.0.1\glass.dll
0x00007fffbabf0000 - 0x00007fffbacdc000 	C:\WINDOWS\System32\COMDLG32.dll
0x00007fffbc5f0000 - 0x00007fffbc70e000 	C:\WINDOWS\System32\MSCTF.dll
0x00007fff9f8d0000 - 0x00007fff9f8f7000 	C:\WINDOWS\System32\DriverStore\FileRepository\iigd_dch.inf_amd64_a447fbb12ee262cf\igdinfo64.dll
0x00007fffa9b90000 - 0x00007fffac9d4000 	C:\WINDOWS\System32\DriverStore\FileRepository\iigd_dch.inf_amd64_a447fbb12ee262cf\igc64.dll
0x00007fffa0930000 - 0x00007fffa0944000 	C:\Users\makod\.openjfx\cache\17.0.1\javafx_font.dll
0x00007fffb6fb0000 - 0x00007fffb720f000 	C:\WINDOWS\SYSTEM32\dwrite.dll
0x00007fffbc500000 - 0x00007fffbc5af000 	C:\WINDOWS\System32\clbcatq.dll
0x00007fffb0fa0000 - 0x00007fffb114e000 	C:\WINDOWS\SYSTEM32\WindowsCodecs.dll
0x00007fff7ea60000 - 0x00007fff7eabd000 	C:\WINDOWS\system32\dataexchange.dll
0x00007fffb08a0000 - 0x00007fffb0b06000 	C:\WINDOWS\system32\twinapi.appcore.dll
0x00007fff8cc70000 - 0x00007fff8cca2000 	C:\Program Files\Common Files\Microsoft Shared\Ink\rtscom.dll
0x00007fffa77d0000 - 0x00007fffa78fd000 	C:\WINDOWS\SYSTEM32\textinputframework.dll
0x00007fffb55c0000 - 0x00007fffb56f2000 	C:\WINDOWS\SYSTEM32\CoreMessaging.dll
0x00007fffb1ee0000 - 0x00007fffb224d000 	C:\WINDOWS\SYSTEM32\CoreUIComponents.dll
0x00007fffb9a10000 - 0x00007fffb9a1c000 	C:\WINDOWS\SYSTEM32\CRYPTBASE.DLL

dbghelp: loaded successfully - version: 4.0.5 - missing functions: none
symbol engine: initialized successfully - sym options: 0x614 - pdb path: .;C:\Users\makod\.jdks\openjdk-19\bin;C:\WINDOWS\SYSTEM32;C:\WINDOWS\WinSxS\amd64_microsoft.windows.common-controls_6595b64144ccf1df_6.0.22000.120_none_9d947278b86cc467;C:\Users\makod\.jdks\openjdk-19\bin\server;C:\Program Files\JetBrains\IntelliJ IDEA Community Edition 2021.3.2\bin;C:\Users\makod\.openjfx\cache\17.0.1;C:\WINDOWS\System32\DriverStore\FileRepository\iigd_dch.inf_amd64_a447fbb12ee262cf;C:\Program Files\Common Files\Microsoft Shared\Ink

VM Arguments:
jvm_args: -javaagent:C:\Program Files\JetBrains\IntelliJ IDEA Community Edition 2021.3.2\lib\idea_rt.jar=59042:C:\Program Files\JetBrains\IntelliJ IDEA Community Edition 2021.3.2\bin -Dfile.encoding=UTF-8 --module-path=C:\Users\makod\.m2\repository\org\openjfx\javafx-base\17.0.1\javafx-base-17.0.1-win.jar;C:\Users\makod\.m2\repository\org\openjfx\javafx-controls\17.0.1\javafx-controls-17.0.1-win.jar;C:\Users\makod\IdeaProjects\CourseProject2\target\classes;C:\Users\makod\.m2\repository\org\openjfx\javafx-fxml\17.0.1\javafx-fxml-17.0.1-win.jar;C:\Users\makod\.m2\repository\org\openjfx\javafx-graphics\17.0.1\javafx-graphics-17.0.1-win.jar -Djdk.module.main=sample.courseproject2 
java_command: sample.courseproject2/sample.courseproject2.App
java_class_path (initial): C:\Users\makod\.m2\repository\org\openjfx\javafx-controls\17.0.1\javafx-controls-17.0.1.jar;C:\Users\makod\.m2\repository\org\openjfx\javafx-graphics\17.0.1\javafx-graphics-17.0.1.jar;C:\Users\makod\.m2\repository\org\openjfx\javafx-base\17.0.1\javafx-base-17.0.1.jar;C:\Users\makod\.m2\repository\org\openjfx\javafx-fxml\17.0.1\javafx-fxml-17.0.1.jar;C:\Users\makod\IdeaProjects\CourseProject2\mysql-connector-java-8.0.30.jar
Launcher Type: SUN_STANDARD

[Global flags]
     intx CICompilerCount                          = 4                                         {product} {ergonomic}
     uint ConcGCThreads                            = 2                                         {product} {ergonomic}
     uint G1ConcRefinementThreads                  = 8                                         {product} {ergonomic}
   size_t G1HeapRegionSize                         = 2097152                                   {product} {ergonomic}
    uintx GCDrainStackTargetSize                   = 64                                        {product} {ergonomic}
   size_t InitialHeapSize                          = 266338304                                 {product} {ergonomic}
   size_t MarkStackSize                            = 4194304                                   {product} {ergonomic}
   size_t MaxHeapSize                              = 4240441344                                {product} {ergonomic}
   size_t MaxNewSize                               = 2543845376                                {product} {ergonomic}
   size_t MinHeapDeltaBytes                        = 2097152                                   {product} {ergonomic}
   size_t MinHeapSize                              = 8388608                                   {product} {ergonomic}
    uintx NonNMethodCodeHeapSize                   = 5839372                                {pd product} {ergonomic}
    uintx NonProfiledCodeHeapSize                  = 122909434                              {pd product} {ergonomic}
    uintx ProfiledCodeHeapSize                     = 122909434                              {pd product} {ergonomic}
    uintx ReservedCodeCacheSize                    = 251658240                              {pd product} {ergonomic}
     bool SegmentedCodeCache                       = true                                      {product} {ergonomic}
   size_t SoftMaxHeapSize                          = 4240441344                             {manageable} {ergonomic}
     bool UseCompressedClassPointers               = true                           {product lp64_product} {ergonomic}
     bool UseCompressedOops                        = true                           {product lp64_product} {ergonomic}
     bool UseG1GC                                  = true                                      {product} {ergonomic}
     bool UseLargePagesIndividualAllocation        = false                                  {pd product} {ergonomic}

Logging:
Log output configuration:
 #0: stdout all=off uptime,level,tags foldmultilines=false
 #1: stderr all=off uptime,level,tags foldmultilines=false

Environment Variables:
PATH=C:\Program Files (x86)\Common Files\Oracle\Java\javapath;C:\WINDOWS\system32;C:\WINDOWS;C:\WINDOWS\System32\Wbem;C:\WINDOWS\System32\WindowsPowerShell\v1.0\;C:\WINDOWS\System32\OpenSSH\;C:\Program Files\NVIDIA Corporation\NVIDIA NvDLISR;C:\Program Files (x86)\NVIDIA Corporation\PhysX\Common;C:\Program Files (x86)\dotnet\;C:\Program Files\PuTTY\;C:\Program Files\dotnet\;C:\Program Files\Git\cmd;C:\Users\makod\AppData\Local\Programs\Python\Python310\Scripts\;C:\Users\makod\AppData\Local\Programs\Python\Python310\;C:\Users\makod\AppData\Local\Microsoft\WindowsApps;C:\Program Files\JetBrains\PyCharm Community Edition 2022.1.2\bin;;C:\Users\makod\AppData\Local\GitHubDesktop\bin;C:\Users\makod\.dotnet\tools
USERNAME=makod
OS=Windows_NT
PROCESSOR_IDENTIFIER=Intel64 Family 6 Model 126 Stepping 5, GenuineIntel
TMP=C:\Users\makod\AppData\Local\Temp
TEMP=C:\Users\makod\AppData\Local\Temp



---------------  S Y S T E M  ---------------

OS:
 Windows 11 , 64 bit Build 22000 (10.0.22000.708)
OS uptime: 3 days 5:19 hours

CPU: total 8 (initial active 8) (4 cores per cpu, 2 threads per core) family 6 model 126 stepping 5 microcode 0xa0, cx8, cmov, fxsr, ht, mmx, 3dnowpref, sse, sse2, sse3, ssse3, sse4.1, sse4.2, popcnt, lzcnt, tsc, tscinvbit, avx, avx2, aes, erms, clmul, bmi1, bmi2, adx, avx512f, avx512dq, avx512cd, avx512bw, avx512vl, sha, fma, vzeroupper, avx512_vpopcntdq, avx512_vpclmulqdq, avx512_vaes, avx512_vnni, clflush, clflushopt, avx512_vbmi2, avx512_vbmi, rdtscp, rdpid, fsrm, gfni, avx512_bitalg

Memory: 4k page, system-wide physical 16174M (4226M free)
TotalPageFile size 20686M (AvailPageFile size 3062M)
current process WorkingSet (physical memory assigned to process): 156M, peak: 172M
current process commit charge ("private bytes"): 406M, peak: 423M

vm_info: OpenJDK 64-Bit Server VM (19+36-2238) for windows-amd64 JRE (19+36-2238), built on 2022-08-12T20:29:01Z by "mach5one" with MS VC++ 17.1 (VS2022)

END.
