#
# A fatal error has been detected by the Java Runtime Environment:
#
#  EXCEPTION_ACCESS_VIOLATION (0xc0000005) at pc=0x00007fffa0406a87, pid=14872, tid=22696
#
# JRE version: OpenJDK Runtime Environment (19.0+36) (build 19+36-2238)
# Java VM: OpenJDK 64-Bit Server VM (19+36-2238, mixed mode, sharing, tiered, compressed oops, compressed class ptrs, g1 gc, windows-amd64)
# Problematic frame:
# C  [glass.dll+0x26a87]
#
# No core dump will be written. Minidumps are not enabled by default on client versions of Windows
#
# If you would like to submit a bug report, please visit:
#   https://bugreport.java.com/bugreport/crash.jsp
#

---------------  S U M M A R Y ------------

Command Line: -javaagent:C:\Program Files\JetBrains\IntelliJ IDEA Community Edition 2021.3.2\lib\idea_rt.jar=58961:C:\Program Files\JetBrains\IntelliJ IDEA Community Edition 2021.3.2\bin -Dfile.encoding=UTF-8 --module-path=C:\Users\makod\.m2\repository\org\openjfx\javafx-base\17.0.1\javafx-base-17.0.1-win.jar;C:\Users\makod\.m2\repository\org\openjfx\javafx-controls\17.0.1\javafx-controls-17.0.1-win.jar;C:\Users\makod\IdeaProjects\CourseProject2\target\classes;C:\Users\makod\.m2\repository\org\openjfx\javafx-fxml\17.0.1\javafx-fxml-17.0.1-win.jar;C:\Users\makod\.m2\repository\org\openjfx\javafx-graphics\17.0.1\javafx-graphics-17.0.1-win.jar -Djdk.module.main=sample.courseproject2 sample.courseproject2/sample.courseproject2.App

Host: Intel(R) Core(TM) i5-1035G1 CPU @ 1.00GHz, 8 cores, 15G,  Windows 11 , 64 bit Build 22000 (10.0.22000.708)
Time: Sun Oct  9 00:48:39 2022 RTZ 2 (s 11 , 64 bit Build 22000 (10.0.22000.708) elapsed time: 132.191287 seconds (0d 0h 2m 12s)

---------------  T H R E A D  ---------------

Current thread (0x00000215217018c0):  VMThread "VM Thread" [stack: 0x0000004874e00000,0x0000004874f00000] [id=22696]

Stack: [0x0000004874e00000,0x0000004874f00000],  sp=0x0000004874efee90,  free space=1019k
Native frames: (J=compiled Java code, j=interpreted, Vv=VM code, C=native code)
C  [glass.dll+0x26a87]


siginfo: EXCEPTION_ACCESS_VIOLATION (0xc0000005), reading address 0x0000000000000000


Registers:
RAX=0x0000000000000000, RBX=0x000002152170bb98, RCX=0x00000215217018c0, RDX=0x0000004874efee90
RSP=0x0000004874efee90, RBP=0x00000215266059b8, RSI=0x0000021526605990, RDI=0x000071bfbbe6b804
R8 =0x0000000000010002, R9 =0x000071bfbbe6b804, R10=0x85f13e9656da4870, R11=0x0000004874efee20
R12=0x00007fffa0404354, R13=0x0000000000000001, R14=0x0000004874efef98, R15=0x0000021526605990
RIP=0x00007fffa0406a87, EFLAGS=0x0000000000010206


Register to memory mapping:

RIP=0x00007fffa0406a87 glass.dll
RAX=0x0 is NULL
RBX=0x000002152170bb98 is a global jni handle
RCX=0x00000215217018c0 points into unknown readable memory: 0x00007fff73b045d8 | d8 45 b0 73 ff 7f 00 00
RDX=0x0000004874efee90 points into unknown readable memory: 0x0000000000000000 | 00 00 00 00 00 00 00 00
RSP=0x0000004874efee90 points into unknown readable memory: 0x0000000000000000 | 00 00 00 00 00 00 00 00
RBP=0x00000215266059b8 points into unknown readable memory: 0x000071bfbbe6b804 | 04 b8 e6 bb bf 71 00 00
RSI=0x0000021526605990 points into unknown readable memory: 0x00078e45bfe55ec4 | c4 5e e5 bf 45 8e 07 00
RDI=0x000071bfbbe6b804 is an unknown value
R8 =0x0000000000010002 is an unknown value
R9 =0x000071bfbbe6b804 is an unknown value
R10=0x85f13e9656da4870 is an unknown value
R11=0x0000004874efee20 points into unknown readable memory: 0x0000021526605990 | 90 59 60 26 15 02 00 00
R12=0x00007fffa0404354 glass.dll
R13=0x0000000000000001 is an unknown value
R14=0x0000004874efef98 points into unknown readable memory: 0x0000004874efef80 | 80 ef ef 74 48 00 00 00
R15=0x0000021526605990 points into unknown readable memory: 0x00078e45bfe55ec4 | c4 5e e5 bf 45 8e 07 00


Top of Stack: (sp=0x0000004874efee90)
0x0000004874efee90:   0000000000000000 0000021526605990
0x0000004874efeea0:   0000000000000001 00007fffa0404354
0x0000004874efeeb0:   0000021526605998 00007fffba9cbea0
0x0000004874efeec0:   000071bfbbe6b804 0000021500000000
0x0000004874efeed0:   00000215266059b8 0000021526605990
0x0000004874efeee0:   fffffffffffffffe 0000000000000000
0x0000004874efeef0:   0000000000000001 00007fffa03e0000
0x0000004874efef00:   0000004874efef88 00007fffba9cbdb7
0x0000004874efef10:   0000000000000000 0000004874efef98
0x0000004874efef20:   0000004874eff280 00007fffbaab12b0
0x0000004874efef30:   0000000000000001 00007fffba9cbd6d
0x0000004874efef40:   0000000000000000 0000000000000001
0x0000004874efef50:   0000000000000000 0000004874efef88
0x0000004874efef60:   fffffffffffffffe 0000004874eff200
0x0000004874efef70:   0000000000000000 00007fffa04041e1
0x0000004874efef80:   00007fffa041a138 0000000000000002 

Instructions: (pc=0x00007fffa0406a87)
0x00007fffa0406987:   8b 4d 58 e8 01 cf ff ff 48 8b 4d 60 e8 f8 ce ff
0x00007fffa0406997:   ff 48 8b 95 80 00 00 00 48 8b 8d 18 01 00 00 e8
0x00007fffa04069a7:   c6 c3 ff ff 33 d2 33 c9 e8 3c e1 ff ff 90 48 89
0x00007fffa04069b7:   54 24 10 55 48 83 ec 20 48 8b ea 48 b8 00 00 00
0x00007fffa04069c7:   00 00 00 00 00 48 83 c4 20 5d c3 cc 40 55 48 8b
0x00007fffa04069d7:   ea 48 8b 01 33 c9 81 38 05 00 00 c0 0f 94 c1 8b
0x00007fffa04069e7:   c1 5d c3 cc 40 55 48 83 ec 20 48 8b ea 8a 4d 40
0x00007fffa04069f7:   48 83 c4 20 5d e9 f7 d2 ff ff cc 40 55 48 83 ec
0x00007fffa0406a07:   20 48 8b ea 8a 4d 20 e8 e5 d2 ff ff 90 48 83 c4
0x00007fffa0406a17:   20 5d c3 cc 40 55 48 83 ec 20 48 8b ea 48 83 c4
0x00007fffa0406a27:   20 5d e9 46 d1 ff ff cc 40 55 48 83 ec 30 48 8b
0x00007fffa0406a37:   ea 48 8b 01 8b 10 48 89 4c 24 28 89 54 24 20 4c
0x00007fffa0406a47:   8d 0d e7 d5 ff ff 4c 8b 45 70 8b 55 68 48 8b 4d
0x00007fffa0406a57:   60 e8 87 d0 ff ff 90 48 83 c4 30 5d c3 cc cc cc
0x00007fffa0406a67:   cc cc cc cc cc cc cc cc cc 40 53 48 83 ec 20 48
0x00007fffa0406a77:   8b 1d b3 30 01 00 48 85 db 74 16 e8 09 8b ff ff
0x00007fffa0406a87:   4c 8b 00 48 8b d3 48 8b c8 41 ff 90 b0 00 00 00
0x00007fffa0406a97:   90 48 83 c4 20 5b c3 cc cc 40 53 48 83 ec 20 48
0x00007fffa0406aa7:   8b 1d 2b 32 01 00 48 85 db 74 57 b8 ff ff ff ff
0x00007fffa0406ab7:   f0 0f c1 43 10 83 f8 01 75 3d 48 85 db 74 38 48
0x00007fffa0406ac7:   8b 0b 48 85 c9 74 0d ff 15 d4 07 00 00 48 c7 03
0x00007fffa0406ad7:   00 00 00 00 48 8b 4b 08 48 85 c9 74 0d e8 a7 cd
0x00007fffa0406ae7:   ff ff 48 c7 43 08 00 00 00 00 ba 18 00 00 00 48
0x00007fffa0406af7:   8b cb e8 92 cd ff ff 48 c7 05 cf 31 01 00 00 00
0x00007fffa0406b07:   00 00 48 83 c4 20 5b c3 cc 40 53 48 83 ec 20 48
0x00007fffa0406b17:   8b 1d 9b 31 01 00 48 85 db 74 57 b8 ff ff ff ff
0x00007fffa0406b27:   f0 0f c1 43 10 83 f8 01 75 3d 48 85 db 74 38 48
0x00007fffa0406b37:   8b 0b 48 85 c9 74 0d ff 15 64 07 00 00 48 c7 03
0x00007fffa0406b47:   00 00 00 00 48 8b 4b 08 48 85 c9 74 0d e8 37 cd
0x00007fffa0406b57:   ff ff 48 c7 43 08 00 00 00 00 ba 18 00 00 00 48
0x00007fffa0406b67:   8b cb e8 22 cd ff ff 48 c7 05 3f 31 01 00 00 00
0x00007fffa0406b77:   00 00 48 83 c4 20 5b c3 cc 40 53 48 83 ec 20 48 


Stack slot to memory mapping:
stack at sp + 0 slots: 0x0 is NULL
stack at sp + 1 slots: 0x0000021526605990 points into unknown readable memory: 0x00078e45bfe55ec4 | c4 5e e5 bf 45 8e 07 00
stack at sp + 2 slots: 0x0000000000000001 is an unknown value
stack at sp + 3 slots: 0x00007fffa0404354 glass.dll
stack at sp + 4 slots: 0x0000021526605998 points into unknown readable memory: 0x000071bfbbe6b804 | 04 b8 e6 bb bf 71 00 00
stack at sp + 5 slots: 0x00007fffba9cbea0 ucrtbase.dll
stack at sp + 6 slots: 0x000071bfbbe6b804 is an unknown value
stack at sp + 7 slots: 0x0000021500000000 points into unknown readable memory: 0x00010000cafedada | da da fe ca 00 00 01 00

VM_Operation (0x00000048745fee20): Exit, mode: safepoint, requested by thread 0x00000215267dfb80


---------------  P R O C E S S  ---------------

Threads class SMR info:
_java_thread_list=0x0000021526e90b50, length=21, elements={
0x000002157c34df00, 0x00000215217204d0, 0x0000021521721000, 0x0000021521723cb0,
0x00000215217265f0, 0x0000021521728f30, 0x000002152172d880, 0x00000215217339f0,
0x0000021521734760, 0x00000215217350d0, 0x00000215216eff50, 0x000002152613d9d0,
0x0000021526570030, 0x00000215264dfdb0, 0x0000021526607fc0, 0x0000021526611560,
0x00000215267f4350, 0x00000215267deb90, 0x00000215267e00d0, 0x00000215267df0e0,
0x00000215267dfb80
}

Java Threads: ( => current thread )
  0x000002157c34df00 JavaThread "main" [_thread_blocked, id=12964, stack(0x0000004874800000,0x0000004874900000)]
  0x00000215217204d0 JavaThread "Reference Handler" daemon [_thread_blocked, id=15168, stack(0x0000004874f00000,0x0000004875000000)]
  0x0000021521721000 JavaThread "Finalizer" daemon [_thread_blocked, id=9496, stack(0x0000004875000000,0x0000004875100000)]
  0x0000021521723cb0 JavaThread "Signal Dispatcher" daemon [_thread_blocked, id=17036, stack(0x0000004875100000,0x0000004875200000)]
  0x00000215217265f0 JavaThread "Attach Listener" daemon [_thread_blocked, id=19088, stack(0x0000004875200000,0x0000004875300000)]
  0x0000021521728f30 JavaThread "Service Thread" daemon [_thread_blocked, id=12020, stack(0x0000004875300000,0x0000004875400000)]
  0x000002152172d880 JavaThread "Monitor Deflation Thread" daemon [_thread_blocked, id=16904, stack(0x0000004875400000,0x0000004875500000)]
  0x00000215217339f0 JavaThread "C2 CompilerThread0" daemon [_thread_blocked, id=18088, stack(0x0000004875500000,0x0000004875600000)]
  0x0000021521734760 JavaThread "C1 CompilerThread0" daemon [_thread_blocked, id=22552, stack(0x0000004875600000,0x0000004875700000)]
  0x00000215217350d0 JavaThread "Sweeper thread" daemon [_thread_blocked, id=12564, stack(0x0000004875700000,0x0000004875800000)]
  0x00000215216eff50 JavaThread "Common-Cleaner" daemon [_thread_blocked, id=22340, stack(0x0000004875800000,0x0000004875900000)]
  0x000002152613d9d0 JavaThread "Monitor Ctrl-Break" daemon [_thread_in_native, id=13596, stack(0x0000004875b00000,0x0000004875c00000)]
  0x0000021526570030 JavaThread "Notification Thread" daemon [_thread_blocked, id=11216, stack(0x0000004875c00000,0x0000004875d00000)]
  0x00000215264dfdb0 JavaThread "QuantumRenderer-0" daemon [_thread_blocked, id=5780, stack(0x0000004875a00000,0x0000004875b00000)]
  0x0000021526607fc0 JavaThread "InvokeLaterDispatcher" daemon [_thread_blocked, id=12888, stack(0x0000004875e00000,0x0000004875f00000)]
  0x0000021526611560 JavaThread "JavaFX Application Thread" [_thread_in_native, id=4560, stack(0x0000004875f00000,0x0000004876000000)]
  0x00000215267f4350 JavaThread "Thread-1" daemon [_thread_in_native, id=21352, stack(0x0000004876300000,0x0000004876400000)]
  0x00000215267deb90 JavaThread "JavaFX-Launcher" [_thread_blocked, id=6768, stack(0x0000004876400000,0x0000004876500000)]
  0x00000215267e00d0 JavaThread "Prism Font Disposer" daemon [_thread_blocked, id=13304, stack(0x0000004876d00000,0x0000004876e00000)]
  0x00000215267df0e0 JavaThread "Cleaner-0" daemon [_thread_blocked, id=15604, stack(0x0000004876e00000,0x0000004876f00000)]
  0x00000215267dfb80 JavaThread "SIGINT handler" daemon [_thread_blocked, id=9988, stack(0x0000004874500000,0x0000004874600000)]

Other Threads:
=>0x00000215217018c0 VMThread "VM Thread" [stack: 0x0000004874e00000,0x0000004874f00000] [id=22696]
  0x000002157c3be560 WorkerThread "GC Thread#0" [stack: 0x0000004874900000,0x0000004874a00000] [id=9404]
  0x00000215267e34b0 WorkerThread "GC Thread#1" [stack: 0x0000004876500000,0x0000004876600000] [id=18352]
  0x00000215268055c0 WorkerThread "GC Thread#2" [stack: 0x0000004876600000,0x0000004876700000] [id=18660]
  0x00000215267f5e80 WorkerThread "GC Thread#3" [stack: 0x0000004876700000,0x0000004876800000] [id=12124]
  0x00000215267f4890 WorkerThread "GC Thread#4" [stack: 0x0000004876800000,0x0000004876900000] [id=3640]
  0x0000021526829030 WorkerThread "GC Thread#5" [stack: 0x0000004876900000,0x0000004876a00000] [id=10684]
  0x000002152694eca0 WorkerThread "GC Thread#6" [stack: 0x0000004876f00000,0x0000004877000000] [id=22804]
  0x000002152694d080 WorkerThread "GC Thread#7" [stack: 0x0000004877000000,0x0000004877100000] [id=12896]
  0x000002157c3d0490 ConcurrentGCThread "G1 Main Marker" terminated
  0x000002157c3d1660 WorkerThread "G1 Conc#0" [stack: 0x0000004874b00000,0x0000004874c00000] [id=9876]
  0x00000215215b9510 ConcurrentGCThread "G1 Refine#0" terminated
  0x000002157c41d440 ConcurrentGCThread "G1 Service" terminated

Threads with active compile tasks:

VM state: at safepoint (shutting down)

VM Mutex/Monitor currently owned by a thread:  ([mutex/lock_event])
[0x000002157c347dc0] Threads_lock - owner thread: 0x00000215217018c0
[0x000002157c3493b0] Heap_lock - owner thread: 0x00000215267dfb80

Heap address: 0x0000000703400000, size: 4044 MB, Compressed Oops mode: Zero based, Oop shift amount: 3

CDS archive(s) mapped at: [0x0000000800000000-0x0000000800c40000-0x0000000800c40000), size 12845056, SharedBaseAddress: 0x0000000800000000, ArchiveRelocationMode: 0.
Compressed class space mapped at: 0x0000000801000000-0x0000000841000000, reserved size: 1073741824
Narrow klass base: 0x0000000800000000, Narrow klass shift: 0, Narrow klass range: 0x100000000

GC Precious Log:
 CardTable entry size: 512
 Card Set container configuration: InlinePtr #cards 4 size 8 Array Of Cards #cards 8 size 32 Howl #buckets 8 coarsen threshold 3686 Howl Bitmap #cards 512 size 80 coarsen threshold 460 Card regions per heap region 1 cards per card region 4096
 CPUs: 8 total, 8 available
 Memory: 16174M
 Large Page Support: Disabled
 NUMA Support: Disabled
 Compressed Oops: Enabled (Zero based)
 Heap Region Size: 2M
 Heap Min Capacity: 8M
 Heap Initial Capacity: 254M
 Heap Max Capacity: 4044M
 Pre-touch: Disabled
 Parallel Workers: 8
 Concurrent Workers: 2
 Concurrent Refinement Workers: 8
 Periodic GC: Disabled

Heap:
 garbage-first heap   total 260096K, used 13917K [0x0000000703400000, 0x0000000800000000)
  region size 2048K, 6 young (12288K), 3 survivors (6144K)
 Metaspace       used 15622K, committed 15936K, reserved 1114112K
  class space    used 2122K, committed 2240K, reserved 1048576K

Heap Regions: E=young(eden), S=young(survivor), O=old, HS=humongous(starts), HC=humongous(continues), CS=collection set, F=free, OA=open archive, CA=closed archive, TAMS=top-at-mark-start (previous, next)
|   0|0x0000000703400000, 0x0000000703600000, 0x0000000703600000|100%|HS|  |TAMS 0x0000000703400000, 0x0000000703400000| Complete 
|   1|0x0000000703600000, 0x0000000703797600, 0x0000000703800000| 79%| O|  |TAMS 0x0000000703600000, 0x0000000703600000| Untracked 
|   2|0x0000000703800000, 0x0000000703800000, 0x0000000703a00000|  0%| F|  |TAMS 0x0000000703800000, 0x0000000703800000| Untracked 
|   3|0x0000000703a00000, 0x0000000703a00000, 0x0000000703c00000|  0%| F|  |TAMS 0x0000000703a00000, 0x0000000703a00000| Untracked 
|   4|0x0000000703c00000, 0x0000000703c00000, 0x0000000703e00000|  0%| F|  |TAMS 0x0000000703c00000, 0x0000000703c00000| Untracked 
|   5|0x0000000703e00000, 0x0000000703e00000, 0x0000000704000000|  0%| F|  |TAMS 0x0000000703e00000, 0x0000000703e00000| Untracked 
|   6|0x0000000704000000, 0x0000000704000000, 0x0000000704200000|  0%| F|  |TAMS 0x0000000704000000, 0x0000000704000000| Untracked 
|   7|0x0000000704200000, 0x0000000704200000, 0x0000000704400000|  0%| F|  |TAMS 0x0000000704200000, 0x0000000704200000| Untracked 
|   8|0x0000000704400000, 0x0000000704400000, 0x0000000704600000|  0%| F|  |TAMS 0x0000000704400000, 0x0000000704400000| Untracked 
|   9|0x0000000704600000, 0x0000000704600000, 0x0000000704800000|  0%| F|  |TAMS 0x0000000704600000, 0x0000000704600000| Untracked 
|  10|0x0000000704800000, 0x0000000704800000, 0x0000000704a00000|  0%| F|  |TAMS 0x0000000704800000, 0x0000000704800000| Untracked 
|  11|0x0000000704a00000, 0x0000000704a00000, 0x0000000704c00000|  0%| F|  |TAMS 0x0000000704a00000, 0x0000000704a00000| Untracked 
|  12|0x0000000704c00000, 0x0000000704c00000, 0x0000000704e00000|  0%| F|  |TAMS 0x0000000704c00000, 0x0000000704c00000| Untracked 
|  13|0x0000000704e00000, 0x0000000704e00000, 0x0000000705000000|  0%| F|  |TAMS 0x0000000704e00000, 0x0000000704e00000| Untracked 
|  14|0x0000000705000000, 0x0000000705000000, 0x0000000705200000|  0%| F|  |TAMS 0x0000000705000000, 0x0000000705000000| Untracked 
|  15|0x0000000705200000, 0x0000000705200000, 0x0000000705400000|  0%| F|  |TAMS 0x0000000705200000, 0x0000000705200000| Untracked 
|  16|0x0000000705400000, 0x0000000705400000, 0x0000000705600000|  0%| F|  |TAMS 0x0000000705400000, 0x0000000705400000| Untracked 
|  17|0x0000000705600000, 0x0000000705600000, 0x0000000705800000|  0%| F|  |TAMS 0x0000000705600000, 0x0000000705600000| Untracked 
|  18|0x0000000705800000, 0x0000000705800000, 0x0000000705a00000|  0%| F|  |TAMS 0x0000000705800000, 0x0000000705800000| Untracked 
|  19|0x0000000705a00000, 0x0000000705a00000, 0x0000000705c00000|  0%| F|  |TAMS 0x0000000705a00000, 0x0000000705a00000| Untracked 
|  20|0x0000000705c00000, 0x0000000705c00000, 0x0000000705e00000|  0%| F|  |TAMS 0x0000000705c00000, 0x0000000705c00000| Untracked 
|  21|0x0000000705e00000, 0x0000000705e00000, 0x0000000706000000|  0%| F|  |TAMS 0x0000000705e00000, 0x0000000705e00000| Untracked 
|  22|0x0000000706000000, 0x0000000706000000, 0x0000000706200000|  0%| F|  |TAMS 0x0000000706000000, 0x0000000706000000| Untracked 
|  23|0x0000000706200000, 0x0000000706200000, 0x0000000706400000|  0%| F|  |TAMS 0x0000000706200000, 0x0000000706200000| Untracked 
|  24|0x0000000706400000, 0x0000000706400000, 0x0000000706600000|  0%| F|  |TAMS 0x0000000706400000, 0x0000000706400000| Untracked 
|  25|0x0000000706600000, 0x0000000706600000, 0x0000000706800000|  0%| F|  |TAMS 0x0000000706600000, 0x0000000706600000| Untracked 
|  26|0x0000000706800000, 0x0000000706800000, 0x0000000706a00000|  0%| F|  |TAMS 0x0000000706800000, 0x0000000706800000| Untracked 
|  27|0x0000000706a00000, 0x0000000706a00000, 0x0000000706c00000|  0%| F|  |TAMS 0x0000000706a00000, 0x0000000706a00000| Untracked 
|  28|0x0000000706c00000, 0x0000000706c00000, 0x0000000706e00000|  0%| F|  |TAMS 0x0000000706c00000, 0x0000000706c00000| Untracked 
|  29|0x0000000706e00000, 0x0000000706e00000, 0x0000000707000000|  0%| F|  |TAMS 0x0000000706e00000, 0x0000000706e00000| Untracked 
|  30|0x0000000707000000, 0x0000000707000000, 0x0000000707200000|  0%| F|  |TAMS 0x0000000707000000, 0x0000000707000000| Untracked 
|  31|0x0000000707200000, 0x0000000707200000, 0x0000000707400000|  0%| F|  |TAMS 0x0000000707200000, 0x0000000707200000| Untracked 
|  32|0x0000000707400000, 0x0000000707400000, 0x0000000707600000|  0%| F|  |TAMS 0x0000000707400000, 0x0000000707400000| Untracked 
|  33|0x0000000707600000, 0x0000000707600000, 0x0000000707800000|  0%| F|  |TAMS 0x0000000707600000, 0x0000000707600000| Untracked 
|  34|0x0000000707800000, 0x0000000707800000, 0x0000000707a00000|  0%| F|  |TAMS 0x0000000707800000, 0x0000000707800000| Untracked 
|  35|0x0000000707a00000, 0x0000000707a00000, 0x0000000707c00000|  0%| F|  |TAMS 0x0000000707a00000, 0x0000000707a00000| Untracked 
|  36|0x0000000707c00000, 0x0000000707c00000, 0x0000000707e00000|  0%| F|  |TAMS 0x0000000707c00000, 0x0000000707c00000| Untracked 
|  37|0x0000000707e00000, 0x0000000707e00000, 0x0000000708000000|  0%| F|  |TAMS 0x0000000707e00000, 0x0000000707e00000| Untracked 
|  38|0x0000000708000000, 0x0000000708000000, 0x0000000708200000|  0%| F|  |TAMS 0x0000000708000000, 0x0000000708000000| Untracked 
|  39|0x0000000708200000, 0x0000000708200000, 0x0000000708400000|  0%| F|  |TAMS 0x0000000708200000, 0x0000000708200000| Untracked 
|  40|0x0000000708400000, 0x0000000708400000, 0x0000000708600000|  0%| F|  |TAMS 0x0000000708400000, 0x0000000708400000| Untracked 
|  41|0x0000000708600000, 0x0000000708600000, 0x0000000708800000|  0%| F|  |TAMS 0x0000000708600000, 0x0000000708600000| Untracked 
|  42|0x0000000708800000, 0x0000000708800000, 0x0000000708a00000|  0%| F|  |TAMS 0x0000000708800000, 0x0000000708800000| Untracked 
|  43|0x0000000708a00000, 0x0000000708a00000, 0x0000000708c00000|  0%| F|  |TAMS 0x0000000708a00000, 0x0000000708a00000| Untracked 
|  44|0x0000000708c00000, 0x0000000708c00000, 0x0000000708e00000|  0%| F|  |TAMS 0x0000000708c00000, 0x0000000708c00000| Untracked 
|  45|0x0000000708e00000, 0x0000000708e00000, 0x0000000709000000|  0%| F|  |TAMS 0x0000000708e00000, 0x0000000708e00000| Untracked 
|  46|0x0000000709000000, 0x0000000709000000, 0x0000000709200000|  0%| F|  |TAMS 0x0000000709000000, 0x0000000709000000| Untracked 
|  47|0x0000000709200000, 0x0000000709200000, 0x0000000709400000|  0%| F|  |TAMS 0x0000000709200000, 0x0000000709200000| Untracked 
|  48|0x0000000709400000, 0x0000000709400000, 0x0000000709600000|  0%| F|  |TAMS 0x0000000709400000, 0x0000000709400000| Untracked 
|  49|0x0000000709600000, 0x0000000709600000, 0x0000000709800000|  0%| F|  |TAMS 0x0000000709600000, 0x0000000709600000| Untracked 
|  50|0x0000000709800000, 0x0000000709800000, 0x0000000709a00000|  0%| F|  |TAMS 0x0000000709800000, 0x0000000709800000| Untracked 
|  51|0x0000000709a00000, 0x0000000709a00000, 0x0000000709c00000|  0%| F|  |TAMS 0x0000000709a00000, 0x0000000709a00000| Untracked 
|  52|0x0000000709c00000, 0x0000000709c00000, 0x0000000709e00000|  0%| F|  |TAMS 0x0000000709c00000, 0x0000000709c00000| Untracked 
|  53|0x0000000709e00000, 0x0000000709e00000, 0x000000070a000000|  0%| F|  |TAMS 0x0000000709e00000, 0x0000000709e00000| Untracked 
|  54|0x000000070a000000, 0x000000070a000000, 0x000000070a200000|  0%| F|  |TAMS 0x000000070a000000, 0x000000070a000000| Untracked 
|  55|0x000000070a200000, 0x000000070a200000, 0x000000070a400000|  0%| F|  |TAMS 0x000000070a200000, 0x000000070a200000| Untracked 
|  56|0x000000070a400000, 0x000000070a400000, 0x000000070a600000|  0%| F|  |TAMS 0x000000070a400000, 0x000000070a400000| Untracked 
|  57|0x000000070a600000, 0x000000070a600000, 0x000000070a800000|  0%| F|  |TAMS 0x000000070a600000, 0x000000070a600000| Untracked 
|  58|0x000000070a800000, 0x000000070a800000, 0x000000070aa00000|  0%| F|  |TAMS 0x000000070a800000, 0x000000070a800000| Untracked 
|  59|0x000000070aa00000, 0x000000070aa00000, 0x000000070ac00000|  0%| F|  |TAMS 0x000000070aa00000, 0x000000070aa00000| Untracked 
|  60|0x000000070ac00000, 0x000000070ac00000, 0x000000070ae00000|  0%| F|  |TAMS 0x000000070ac00000, 0x000000070ac00000| Untracked 
|  61|0x000000070ae00000, 0x000000070ae00000, 0x000000070b000000|  0%| F|  |TAMS 0x000000070ae00000, 0x000000070ae00000| Untracked 
|  62|0x000000070b000000, 0x000000070b000000, 0x000000070b200000|  0%| F|  |TAMS 0x000000070b000000, 0x000000070b000000| Untracked 
|  63|0x000000070b200000, 0x000000070b200000, 0x000000070b400000|  0%| F|  |TAMS 0x000000070b200000, 0x000000070b200000| Untracked 
|  64|0x000000070b400000, 0x000000070b400000, 0x000000070b600000|  0%| F|  |TAMS 0x000000070b400000, 0x000000070b400000| Untracked 
|  65|0x000000070b600000, 0x000000070b600000, 0x000000070b800000|  0%| F|  |TAMS 0x000000070b600000, 0x000000070b600000| Untracked 
|  66|0x000000070b800000, 0x000000070b800000, 0x000000070ba00000|  0%| F|  |TAMS 0x000000070b800000, 0x000000070b800000| Untracked 
|  67|0x000000070ba00000, 0x000000070ba00000, 0x000000070bc00000|  0%| F|  |TAMS 0x000000070ba00000, 0x000000070ba00000| Untracked 
|  68|0x000000070bc00000, 0x000000070bc00000, 0x000000070be00000|  0%| F|  |TAMS 0x000000070bc00000, 0x000000070bc00000| Untracked 
|  69|0x000000070be00000, 0x000000070be00000, 0x000000070c000000|  0%| F|  |TAMS 0x000000070be00000, 0x000000070be00000| Untracked 
|  70|0x000000070c000000, 0x000000070c000000, 0x000000070c200000|  0%| F|  |TAMS 0x000000070c000000, 0x000000070c000000| Untracked 
|  71|0x000000070c200000, 0x000000070c200000, 0x000000070c400000|  0%| F|  |TAMS 0x000000070c200000, 0x000000070c200000| Untracked 
|  72|0x000000070c400000, 0x000000070c400000, 0x000000070c600000|  0%| F|  |TAMS 0x000000070c400000, 0x000000070c400000| Untracked 
|  73|0x000000070c600000, 0x000000070c600000, 0x000000070c800000|  0%| F|  |TAMS 0x000000070c600000, 0x000000070c600000| Untracked 
|  74|0x000000070c800000, 0x000000070c800000, 0x000000070ca00000|  0%| F|  |TAMS 0x000000070c800000, 0x000000070c800000| Untracked 
|  75|0x000000070ca00000, 0x000000070ca00000, 0x000000070cc00000|  0%| F|  |TAMS 0x000000070ca00000, 0x000000070ca00000| Untracked 
|  76|0x000000070cc00000, 0x000000070cc00000, 0x000000070ce00000|  0%| F|  |TAMS 0x000000070cc00000, 0x000000070cc00000| Untracked 
|  77|0x000000070ce00000, 0x000000070ce00000, 0x000000070d000000|  0%| F|  |TAMS 0x000000070ce00000, 0x000000070ce00000| Untracked 
|  78|0x000000070d000000, 0x000000070d000000, 0x000000070d200000|  0%| F|  |TAMS 0x000000070d000000, 0x000000070d000000| Untracked 
|  79|0x000000070d200000, 0x000000070d200000, 0x000000070d400000|  0%| F|  |TAMS 0x000000070d200000, 0x000000070d200000| Untracked 
|  80|0x000000070d400000, 0x000000070d400000, 0x000000070d600000|  0%| F|  |TAMS 0x000000070d400000, 0x000000070d400000| Untracked 
|  81|0x000000070d600000, 0x000000070d600000, 0x000000070d800000|  0%| F|  |TAMS 0x000000070d600000, 0x000000070d600000| Untracked 
|  82|0x000000070d800000, 0x000000070d800000, 0x000000070da00000|  0%| F|  |TAMS 0x000000070d800000, 0x000000070d800000| Untracked 
|  83|0x000000070da00000, 0x000000070da00000, 0x000000070dc00000|  0%| F|  |TAMS 0x000000070da00000, 0x000000070da00000| Untracked 
|  84|0x000000070dc00000, 0x000000070dc00000, 0x000000070de00000|  0%| F|  |TAMS 0x000000070dc00000, 0x000000070dc00000| Untracked 
|  85|0x000000070de00000, 0x000000070de00000, 0x000000070e000000|  0%| F|  |TAMS 0x000000070de00000, 0x000000070de00000| Untracked 
|  86|0x000000070e000000, 0x000000070e000000, 0x000000070e200000|  0%| F|  |TAMS 0x000000070e000000, 0x000000070e000000| Untracked 
|  87|0x000000070e200000, 0x000000070e200000, 0x000000070e400000|  0%| F|  |TAMS 0x000000070e200000, 0x000000070e200000| Untracked 
|  88|0x000000070e400000, 0x000000070e400000, 0x000000070e600000|  0%| F|  |TAMS 0x000000070e400000, 0x000000070e400000| Untracked 
|  89|0x000000070e600000, 0x000000070e600000, 0x000000070e800000|  0%| F|  |TAMS 0x000000070e600000, 0x000000070e600000| Untracked 
|  90|0x000000070e800000, 0x000000070e800000, 0x000000070ea00000|  0%| F|  |TAMS 0x000000070e800000, 0x000000070e800000| Untracked 
|  91|0x000000070ea00000, 0x000000070ea00000, 0x000000070ec00000|  0%| F|  |TAMS 0x000000070ea00000, 0x000000070ea00000| Untracked 
|  92|0x000000070ec00000, 0x000000070ec00000, 0x000000070ee00000|  0%| F|  |TAMS 0x000000070ec00000, 0x000000070ec00000| Untracked 
|  93|0x000000070ee00000, 0x000000070ee00000, 0x000000070f000000|  0%| F|  |TAMS 0x000000070ee00000, 0x000000070ee00000| Untracked 
|  94|0x000000070f000000, 0x000000070f000000, 0x000000070f200000|  0%| F|  |TAMS 0x000000070f000000, 0x000000070f000000| Untracked 
|  95|0x000000070f200000, 0x000000070f200000, 0x000000070f400000|  0%| F|  |TAMS 0x000000070f200000, 0x000000070f200000| Untracked 
|  96|0x000000070f400000, 0x000000070f400000, 0x000000070f600000|  0%| F|  |TAMS 0x000000070f400000, 0x000000070f400000| Untracked 
|  97|0x000000070f600000, 0x000000070f600000, 0x000000070f800000|  0%| F|  |TAMS 0x000000070f600000, 0x000000070f600000| Untracked 
|  98|0x000000070f800000, 0x000000070f800000, 0x000000070fa00000|  0%| F|  |TAMS 0x000000070f800000, 0x000000070f800000| Untracked 
|  99|0x000000070fa00000, 0x000000070fa00000, 0x000000070fc00000|  0%| F|  |TAMS 0x000000070fa00000, 0x000000070fa00000| Untracked 
| 100|0x000000070fc00000, 0x000000070fc00000, 0x000000070fe00000|  0%| F|  |TAMS 0x000000070fc00000, 0x000000070fc00000| Untracked 
| 101|0x000000070fe00000, 0x000000070fe00000, 0x0000000710000000|  0%| F|  |TAMS 0x000000070fe00000, 0x000000070fe00000| Untracked 
| 102|0x0000000710000000, 0x0000000710000000, 0x0000000710200000|  0%| F|  |TAMS 0x0000000710000000, 0x0000000710000000| Untracked 
| 103|0x0000000710200000, 0x0000000710200000, 0x0000000710400000|  0%| F|  |TAMS 0x0000000710200000, 0x0000000710200000| Untracked 
| 104|0x0000000710400000, 0x0000000710600000, 0x0000000710600000|100%| S|CS|TAMS 0x0000000710400000, 0x0000000710400000| Complete 
| 105|0x0000000710600000, 0x0000000710800000, 0x0000000710800000|100%| S|CS|TAMS 0x0000000710600000, 0x0000000710600000| Complete 
| 106|0x0000000710800000, 0x0000000710a00000, 0x0000000710a00000|100%| S|CS|TAMS 0x0000000710800000, 0x0000000710800000| Complete 
| 107|0x0000000710a00000, 0x0000000710a00000, 0x0000000710c00000|  0%| F|  |TAMS 0x0000000710a00000, 0x0000000710a00000| Untracked 
| 108|0x0000000710c00000, 0x0000000710c00000, 0x0000000710e00000|  0%| F|  |TAMS 0x0000000710c00000, 0x0000000710c00000| Untracked 
| 109|0x0000000710e00000, 0x0000000710e00000, 0x0000000711000000|  0%| F|  |TAMS 0x0000000710e00000, 0x0000000710e00000| Untracked 
| 110|0x0000000711000000, 0x0000000711000000, 0x0000000711200000|  0%| F|  |TAMS 0x0000000711000000, 0x0000000711000000| Untracked 
| 111|0x0000000711200000, 0x0000000711200000, 0x0000000711400000|  0%| F|  |TAMS 0x0000000711200000, 0x0000000711200000| Untracked 
| 112|0x0000000711400000, 0x0000000711400000, 0x0000000711600000|  0%| F|  |TAMS 0x0000000711400000, 0x0000000711400000| Untracked 
| 113|0x0000000711600000, 0x0000000711600000, 0x0000000711800000|  0%| F|  |TAMS 0x0000000711600000, 0x0000000711600000| Untracked 
| 114|0x0000000711800000, 0x0000000711800000, 0x0000000711a00000|  0%| F|  |TAMS 0x0000000711800000, 0x0000000711800000| Untracked 
| 115|0x0000000711a00000, 0x0000000711a00000, 0x0000000711c00000|  0%| F|  |TAMS 0x0000000711a00000, 0x0000000711a00000| Untracked 
| 116|0x0000000711c00000, 0x0000000711c00000, 0x0000000711e00000|  0%| F|  |TAMS 0x0000000711c00000, 0x0000000711c00000| Untracked 
| 117|0x0000000711e00000, 0x0000000711e00000, 0x0000000712000000|  0%| F|  |TAMS 0x0000000711e00000, 0x0000000711e00000| Untracked 
| 118|0x0000000712000000, 0x0000000712000000, 0x0000000712200000|  0%| F|  |TAMS 0x0000000712000000, 0x0000000712000000| Untracked 
| 119|0x0000000712200000, 0x0000000712200000, 0x0000000712400000|  0%| F|  |TAMS 0x0000000712200000, 0x0000000712200000| Untracked 
| 120|0x0000000712400000, 0x0000000712400000, 0x0000000712600000|  0%| F|  |TAMS 0x0000000712400000, 0x0000000712400000| Untracked 
| 121|0x0000000712600000, 0x0000000712600000, 0x0000000712800000|  0%| F|  |TAMS 0x0000000712600000, 0x0000000712600000| Untracked 
| 122|0x0000000712800000, 0x0000000712800000, 0x0000000712a00000|  0%| F|  |TAMS 0x0000000712800000, 0x0000000712800000| Untracked 
| 123|0x0000000712a00000, 0x0000000712a00000, 0x0000000712c00000|  0%| F|  |TAMS 0x0000000712a00000, 0x0000000712a00000| Untracked 
| 124|0x0000000712c00000, 0x0000000712c645c0, 0x0000000712e00000| 19%| E|  |TAMS 0x0000000712c00000, 0x0000000712c00000| Complete 
| 125|0x0000000712e00000, 0x0000000713000000, 0x0000000713000000|100%| E|CS|TAMS 0x0000000712e00000, 0x0000000712e00000| Complete 
| 126|0x0000000713000000, 0x0000000713200000, 0x0000000713200000|100%| E|CS|TAMS 0x0000000713000000, 0x0000000713000000| Complete 

Card table byte_map: [0x000002157ee90000,0x000002157f680000] _byte_map_base: 0x000002157b676000

Marking Bits (Prev, Next): (CMBitMap*) 0x000002157c3beb90, (CMBitMap*) 0x000002157c3bebd0
 Prev Bits: [0x0000021516e90000, 0x000002151adc0000)
 Next Bits: [0x000002151adc0000, 0x000002151ecf0000)

Polling page: 0x000002157c420000

Metaspace:

Usage:
  Non-class:     13.18 MB used.
      Class:      2.07 MB used.
       Both:     15.26 MB used.

Virtual space:
  Non-class space:       64.00 MB reserved,      13.38 MB ( 21%) committed,  1 nodes.
      Class space:        1.00 GB reserved,       2.19 MB ( <1%) committed,  1 nodes.
             Both:        1.06 GB reserved,      15.56 MB (  1%) committed. 

Chunk freelists:
   Non-Class:  1.83 MB
       Class:  1.76 MB
        Both:  3.59 MB

MaxMetaspaceSize: unlimited
CompressedClassSpaceSize: 1.00 GB
Initial GC threshold: 21.00 MB
Current GC threshold: 21.00 MB
CDS: on
MetaspaceReclaimPolicy: balanced
 - commit_granule_bytes: 65536.
 - commit_granule_words: 8192.
 - virtual_space_node_default_size: 8388608.
 - enlarge_chunks_in_place: 1.
 - new_chunks_are_fully_committed: 0.
 - uncommit_free_chunks: 1.
 - use_allocation_guard: 0.


Internal statistics:

num_allocs_failed_limit: 0.
num_arena_births: 332.
num_arena_deaths: 0.
num_vsnodes_births: 2.
num_vsnodes_deaths: 0.
num_space_committed: 249.
num_space_uncommitted: 0.
num_chunks_returned_to_freelist: 0.
num_chunks_taken_from_freelist: 808.
num_chunk_merges: 0.
num_chunk_splits: 556.
num_chunks_enlarged: 425.
num_inconsistent_stats: 0.

CodeHeap 'non-profiled nmethods': size=120000Kb used=930Kb max_used=930Kb free=119069Kb
 bounds [0x000002150f960000, 0x000002150fbd0000, 0x0000021516e90000]
CodeHeap 'profiled nmethods': size=120000Kb used=4740Kb max_used=4740Kb free=115259Kb
 bounds [0x0000021507e90000, 0x0000021508340000, 0x000002150f3c0000]
CodeHeap 'non-nmethods': size=5760Kb used=1522Kb max_used=1559Kb free=4237Kb
 bounds [0x000002150f3c0000, 0x000002150f630000, 0x000002150f960000]
 total_blobs=3374 nmethods=2584 adapters=700
 compilation: enabled
              stopped_count=0, restarted_count=0
 full_count=0

Compilation events (20 events):
Event: 21.632 Thread 0x0000021521734760 2576       3       com.sun.javafx.tk.quantum.GlassViewEventHandler$$Lambda$432/0x0000000801232888::get (8 bytes)
Event: 21.633 Thread 0x0000021521734760 nmethod 2576 0x000002150832b990 code [0x000002150832bbc0, 0x000002150832c1e8]
Event: 21.633 Thread 0x0000021521734760 2577       3       com.sun.javafx.tk.quantum.GlassViewEventHandler::lambda$handleMouseEvent$2 (18 bytes)
Event: 21.633 Thread 0x0000021521734760 nmethod 2577 0x000002150832c510 code [0x000002150832c740, 0x000002150832cce8]
Event: 21.633 Thread 0x0000021521734760 2578       3       com.sun.javafx.tk.quantum.GlassViewEventHandler$MouseEventNotification::run (5 bytes)
Event: 21.634 Thread 0x0000021521734760 nmethod 2578 0x000002150832cf90 code [0x000002150832d140, 0x000002150832d288]
Event: 21.634 Thread 0x0000021521734760 2579   !   3       com.sun.javafx.tk.quantum.GlassViewEventHandler$MouseEventNotification::run (703 bytes)
Event: 21.637 Thread 0x0000021521734760 nmethod 2579 0x000002150832d310 code [0x000002150832d660, 0x000002150832ea48]
Event: 21.647 Thread 0x0000021521734760 2580       3       javafx.scene.Node::doComputeIntersects (133 bytes)
Event: 21.648 Thread 0x0000021521734760 nmethod 2580 0x000002150832f290 code [0x000002150832f4e0, 0x000002150832fbc8]
Event: 25.260 Thread 0x00000215217339f0 2581       4       com.sun.javafx.event.EventHandlerManager::dispatchCapturingEvent (41 bytes)
Event: 25.268 Thread 0x00000215217339f0 nmethod 2581 0x000002150fa46310 code [0x000002150fa464e0, 0x000002150fa46870]
Event: 25.309 Thread 0x0000021521734760 2582       3       com.sun.javafx.scene.input.PickResultChooser::processOffer (146 bytes)
Event: 25.311 Thread 0x0000021521734760 nmethod 2582 0x000002150832fe10 code [0x0000021508330060, 0x0000021508330d88]
Event: 26.081 Thread 0x00000215217339f0 2583       4       javafx.scene.Node::getLocalBounds (162 bytes)
Event: 26.090 Thread 0x00000215217339f0 nmethod 2583 0x000002150fa46c10 code [0x000002150fa46e60, 0x000002150fa475c0]
Event: 86.448 Thread 0x00000215217339f0 2584       4       com.sun.javafx.tk.quantum.QuantumToolkit::postPulse (133 bytes)
Event: 86.454 Thread 0x00000215217339f0 nmethod 2584 0x000002150fa47c90 code [0x000002150fa47e40, 0x000002150fa48038]
Event: 86.650 Thread 0x00000215217339f0 2585       4       com.sun.javafx.tk.quantum.QuantumToolkit$$Lambda$80/0x000000080103ae00::run (8 bytes)
Event: 86.657 Thread 0x00000215217339f0 nmethod 2585 0x000002150fa48290 code [0x000002150fa48460, 0x000002150fa486c8]

GC Heap History (4 events):
Event: 0.690 GC heap before
{Heap before GC invocations=0 (full 0):
 garbage-first heap   total 260096K, used 20480K [0x0000000703400000, 0x0000000800000000)
  region size 2048K, 11 young (22528K), 0 survivors (0K)
 Metaspace       used 5161K, committed 5376K, reserved 1114112K
  class space    used 583K, committed 704K, reserved 1048576K
}
Event: 0.695 GC heap after
{Heap after GC invocations=1 (full 0):
 garbage-first heap   total 260096K, used 2831K [0x0000000703400000, 0x0000000800000000)
  region size 2048K, 2 young (4096K), 2 survivors (4096K)
 Metaspace       used 5161K, committed 5376K, reserved 1114112K
  class space    used 583K, committed 704K, reserved 1048576K
}
Event: 3.292 GC heap before
{Heap before GC invocations=1 (full 0):
 garbage-first heap   total 260096K, used 39695K [0x0000000703400000, 0x0000000800000000)
  region size 2048K, 20 young (40960K), 2 survivors (4096K)
 Metaspace       used 15194K, committed 15552K, reserved 1114112K
  class space    used 2107K, committed 2240K, reserved 1048576K
}
Event: 3.298 GC heap after
{Heap after GC invocations=2 (full 0):
 garbage-first heap   total 260096K, used 9821K [0x0000000703400000, 0x0000000800000000)
  region size 2048K, 3 young (6144K), 3 survivors (6144K)
 Metaspace       used 15194K, committed 15552K, reserved 1114112K
  class space    used 2107K, committed 2240K, reserved 1048576K
}

Dll operation events (20 events):
Event: 0.383 Loaded shared library C:\Users\makod\.openjfx\cache\17.0.1\api-ms-win-crt-filesystem-l1-1-0.dll
Event: 0.386 Loaded shared library C:\Users\makod\.openjfx\cache\17.0.1\api-ms-win-crt-heap-l1-1-0.dll
Event: 0.389 Loaded shared library C:\Users\makod\.openjfx\cache\17.0.1\api-ms-win-crt-locale-l1-1-0.dll
Event: 0.391 Loaded shared library C:\Users\makod\.openjfx\cache\17.0.1\api-ms-win-crt-math-l1-1-0.dll
Event: 0.394 Loaded shared library C:\Users\makod\.openjfx\cache\17.0.1\api-ms-win-crt-multibyte-l1-1-0.dll
Event: 0.398 Loaded shared library C:\Users\makod\.openjfx\cache\17.0.1\api-ms-win-crt-private-l1-1-0.dll
Event: 0.401 Loaded shared library C:\Users\makod\.openjfx\cache\17.0.1\api-ms-win-crt-process-l1-1-0.dll
Event: 0.404 Loaded shared library C:\Users\makod\.openjfx\cache\17.0.1\api-ms-win-crt-runtime-l1-1-0.dll
Event: 0.408 Loaded shared library C:\Users\makod\.openjfx\cache\17.0.1\api-ms-win-crt-stdio-l1-1-0.dll
Event: 0.411 Loaded shared library C:\Users\makod\.openjfx\cache\17.0.1\api-ms-win-crt-string-l1-1-0.dll
Event: 0.414 Loaded shared library C:\Users\makod\.openjfx\cache\17.0.1\api-ms-win-crt-time-l1-1-0.dll
Event: 0.417 Loaded shared library C:\Users\makod\.openjfx\cache\17.0.1\api-ms-win-crt-utility-l1-1-0.dll
Event: 0.431 Loaded shared library C:\Users\makod\.openjfx\cache\17.0.1\ucrtbase.dll
Event: 0.435 Loaded shared library C:\Users\makod\.openjfx\cache\17.0.1\vcruntime140.dll
Event: 0.437 Loaded shared library C:\Users\makod\.openjfx\cache\17.0.1\vcruntime140_1.dll
Event: 0.448 Loaded shared library C:\Users\makod\.openjfx\cache\17.0.1\msvcp140.dll
Event: 0.493 Loaded shared library C:\Users\makod\.openjfx\cache\17.0.1\prism_d3d.dll
Event: 0.563 Loaded shared library C:\Users\makod\.openjfx\cache\17.0.1\glass.dll
Event: 0.679 Loaded shared library C:\Users\makod\.jdks\openjdk-19\bin\jimage.dll
Event: 0.898 Loaded shared library C:\Users\makod\.openjfx\cache\17.0.1\javafx_font.dll

Deoptimization events (20 events):
Event: 3.223 Thread 0x0000021526611560 Uncommon trap: trap_request=0xffffffde fr.pc=0x000002150f9e34e4 relative=0x0000000000000464
Event: 3.223 Thread 0x0000021526611560 Uncommon trap: reason=class_check action=maybe_recompile pc=0x000002150f9e34e4 method=java.util.regex.Pattern$Start.match(Ljava/util/regex/Matcher;ILjava/lang/CharSequence;)Z @ 44 c2
Event: 3.223 Thread 0x0000021526611560 DEOPT PACKING pc=0x000002150f9e34e4 sp=0x0000004875ffc6b0
Event: 3.223 Thread 0x0000021526611560 DEOPT UNPACKING pc=0x000002150f42a5a3 sp=0x0000004875ffc620 mode 2
Event: 3.229 Thread 0x0000021526611560 Uncommon trap: trap_request=0xffffff45 fr.pc=0x000002150f9dda68 relative=0x0000000000000148
Event: 3.229 Thread 0x0000021526611560 Uncommon trap: reason=unstable_if action=reinterpret pc=0x000002150f9dda68 method=java.lang.String.startsWith(Ljava/lang/String;I)Z @ 50 c2
Event: 3.229 Thread 0x0000021526611560 DEOPT PACKING pc=0x000002150f9dda68 sp=0x0000004875ffcca0
Event: 3.229 Thread 0x0000021526611560 DEOPT UNPACKING pc=0x000002150f42a5a3 sp=0x0000004875ffcba8 mode 2
Event: 3.229 Thread 0x0000021526611560 Uncommon trap: trap_request=0xffffff45 fr.pc=0x000002150f99d8a4 relative=0x0000000000000184
Event: 3.229 Thread 0x0000021526611560 Uncommon trap: reason=unstable_if action=reinterpret pc=0x000002150f99d8a4 method=java.lang.String.startsWith(Ljava/lang/String;I)Z @ 50 c2
Event: 3.229 Thread 0x0000021526611560 DEOPT PACKING pc=0x000002150f99d8a4 sp=0x0000004875ffcc30
Event: 3.229 Thread 0x0000021526611560 DEOPT UNPACKING pc=0x000002150f42a5a3 sp=0x0000004875ffcba8 mode 2
Event: 3.299 Thread 0x0000021526611560 Uncommon trap: trap_request=0xffffff45 fr.pc=0x000002150f9b21f8 relative=0x0000000000000158
Event: 3.299 Thread 0x0000021526611560 Uncommon trap: reason=unstable_if action=reinterpret pc=0x000002150f9b21f8 method=java.lang.String.indexOf(II)I @ 4 c2
Event: 3.299 Thread 0x0000021526611560 DEOPT PACKING pc=0x000002150f9b21f8 sp=0x0000004875ffc230
Event: 3.299 Thread 0x0000021526611560 DEOPT UNPACKING pc=0x000002150f42a5a3 sp=0x0000004875ffc160 mode 2
Event: 3.299 Thread 0x0000021526611560 Uncommon trap: trap_request=0xffffff45 fr.pc=0x000002150f972a2c relative=0x000000000000018c
Event: 3.299 Thread 0x0000021526611560 Uncommon trap: reason=unstable_if action=reinterpret pc=0x000002150f972a2c method=java.lang.String.isLatin1()Z @ 10 c2
Event: 3.299 Thread 0x0000021526611560 DEOPT PACKING pc=0x000002150f972a2c sp=0x0000004875ffc1c0
Event: 3.299 Thread 0x0000021526611560 DEOPT UNPACKING pc=0x000002150f42a5a3 sp=0x0000004875ffc100 mode 2

Classes loaded (20 events):
Event: 13.176 Loading class sun/util/resources/BreakIteratorResourceBundle done
Event: 13.176 Loading class sun/text/resources/BreakIteratorResources done
Event: 13.177 Loading class sun/text/RuleBasedBreakIterator
Event: 13.177 Loading class sun/text/RuleBasedBreakIterator done
Event: 13.178 Loading class jdk/internal/foreign/MemorySessionImpl
Event: 13.178 Loading class java/lang/foreign/MemorySession
Event: 13.178 Loading class java/lang/foreign/SegmentAllocator
Event: 13.178 Loading class java/lang/foreign/SegmentAllocator done
Event: 13.178 Loading class java/lang/foreign/MemorySession done
Event: 13.179 Loading class jdk/internal/foreign/MemorySessionImpl done
Event: 13.180 Loading class sun/text/CompactByteArray
Event: 13.180 Loading class sun/text/CompactByteArray done
Event: 13.180 Loading class sun/text/SupplementaryCharacterData
Event: 13.180 Loading class sun/text/SupplementaryCharacterData done
Event: 13.180 Loading class java/text/BreakIterator$BreakIteratorCache
Event: 13.180 Loading class java/text/BreakIterator$BreakIteratorCache done
Event: 14.066 Loading class java/text/StringCharacterIterator
Event: 14.066 Loading class java/text/StringCharacterIterator done
Event: 131.622 Loading class jdk/internal/misc/Signal$1
Event: 131.622 Loading class jdk/internal/misc/Signal$1 done

Classes unloaded (0 events):
No events

Classes redefined (0 events):
No events

Internal exceptions (20 events):
Event: 1.065 Thread 0x0000021526611560 Exception <a 'java/lang/NoSuchMethodError'{0x00000007122f9100}: 'int java.lang.invoke.DirectMethodHandle$Holder.invokeSpecial(java.lang.Object, java.lang.Object, java.lang.Object)'> (0x00000007122f9100) 
thrown [s\open\src\hotspot\share\interpreter\linkResolver.cpp, line 774]
Event: 1.071 Thread 0x0000021526611560 Exception <a 'sun/nio/fs/WindowsException'{0x000000071231d958}> (0x000000071231d958) 
thrown [s\open\src\hotspot\share\prims\jni.cpp, line 517]
Event: 1.128 Thread 0x0000021526611560 Implicit null exception at 0x000002150f987458 to 0x000002150f9874ee
Event: 1.163 Thread 0x0000021526611560 Implicit null exception at 0x000002150f9c732f to 0x000002150f9c75a0
Event: 1.164 Thread 0x0000021526611560 Implicit null exception at 0x000002150f9c5f2f to 0x000002150f9c6198
Event: 1.167 Thread 0x0000021526611560 Implicit null exception at 0x000002150f97d3af to 0x000002150f97d429
Event: 1.228 Thread 0x0000021526611560 Implicit null exception at 0x000002150f9d398c to 0x000002150f9d3fcc
Event: 1.286 Thread 0x0000021526611560 Exception <a 'java/lang/ClassNotFoundException'{0x0000000711403450}: com/sun/javafx/scene/control/skin/resources/controls> (0x0000000711403450) 
thrown [s\open\src\hotspot\share\prims\jni.cpp, line 536]
Event: 1.287 Thread 0x0000021526611560 Exception <a 'java/lang/ClassNotFoundException'{0x0000000711411228}: com/sun/javafx/scene/control/skin/resources/controls_ru> (0x0000000711411228) 
thrown [s\open\src\hotspot\share\prims\jni.cpp, line 536]
Event: 1.287 Thread 0x0000021526611560 Exception <a 'java/lang/ClassNotFoundException'{0x00000007114121d0}: com/sun/javafx/scene/control/skin/resources/controls_ru_RU> (0x00000007114121d0) 
thrown [s\open\src\hotspot\share\prims\jni.cpp, line 536]
Event: 1.345 Thread 0x0000021526611560 Exception <a 'java/lang/NoSuchMethodError'{0x00000007115c7fc8}: 'void java.lang.invoke.DirectMethodHandle$Holder.invokeSpecial(java.lang.Object, java.lang.Object, java.lang.Object, java.lang.Object, java.lang.Object, java.lang.Object)'> (0x00000007115c7fc8) 
thrown [s\open\src\hotspot\share\interpreter\linkResolver.cpp, line 774]
Event: 1.391 Thread 0x0000021526611560 Exception <a 'java/lang/NoSuchMethodError'{0x00000007110cad80}: 'java.lang.Object java.lang.invoke.DirectMethodHandle$Holder.invokeInterface(java.lang.Object, java.lang.Object, java.lang.Object)'> (0x00000007110cad80) 
thrown [s\open\src\hotspot\share\interpreter\linkResolver.cpp, line 774]
Event: 1.391 Thread 0x0000021526611560 Exception <a 'java/lang/IncompatibleClassChangeError'{0x00000007110ce710}: Found class java.lang.Object, but interface was expected> (0x00000007110ce710) 
thrown [s\open\src\hotspot\share\interpreter\linkResolver.cpp, line 841]
Event: 1.445 Thread 0x0000021526611560 Exception <a 'java/lang/NoSuchMethodError'{0x0000000710e81670}: 'int java.lang.invoke.DirectMethodHandle$Holder.invokeSpecial(java.lang.Object, java.lang.Object, int)'> (0x0000000710e81670) 
thrown [s\open\src\hotspot\share\interpreter\linkResolver.cpp, line 774]
Event: 1.460 Thread 0x0000021526611560 Exception <a 'java/lang/NoSuchMethodError'{0x0000000710eb1598}: 'java.lang.Object java.lang.invoke.DirectMethodHandle$Holder.newInvokeSpecial(java.lang.Object, java.lang.Object, int)'> (0x0000000710eb1598) 
thrown [s\open\src\hotspot\share\interpreter\linkResolver.cpp, line 774]
Event: 1.490 Thread 0x00000215264dfdb0 Exception <a 'java/lang/NoSuchMethodError'{0x0000000710f53678}: 'int java.lang.invoke.DirectMethodHandle$Holder.invokeStaticInit(java.lang.Object, java.lang.Object)'> (0x0000000710f53678) 
thrown [s\open\src\hotspot\share\interpreter\linkResolver.cpp, line 774]
Event: 1.491 Thread 0x0000021526611560 Exception <a 'java/lang/NoSuchMethodError'{0x0000000710f92c00}: 'long java.lang.invoke.DirectMethodHandle$Holder.invokeStatic(java.lang.Object, java.lang.Object, java.lang.Object)'> (0x0000000710f92c00) 
thrown [s\open\src\hotspot\share\interpreter\linkResolver.cpp, line 774]
Event: 1.491 Thread 0x0000021526611560 Exception <a 'java/lang/NoSuchMethodError'{0x0000000710f96278}: 'long java.lang.invoke.DirectMethodHandle$Holder.invokeStaticInit(java.lang.Object, java.lang.Object, java.lang.Object)'> (0x0000000710f96278) 
thrown [s\open\src\hotspot\share\interpreter\linkResolver.cpp, line 774]
Event: 1.497 Thread 0x0000021526611560 Exception <a 'java/lang/NoSuchMethodError'{0x0000000710faf9d0}: 'java.lang.Object java.lang.invoke.DirectMethodHandle$Holder.newInvokeSpecial(java.lang.Object, java.lang.Object, long)'> (0x0000000710faf9d0) 
thrown [s\open\src\hotspot\share\interpreter\linkResolver.cpp, line 774]
Event: 1.498 Thread 0x0000021526611560 Exception <a 'java/lang/NoSuchMethodError'{0x0000000710fb3558}: 'java.lang.Object java.lang.invoke.Invokers$Holder.linkToTargetMethod(java.lang.Object, long, java.lang.Object)'> (0x0000000710fb3558) 
thrown [s\open\src\hotspot\share\interpreter\linkResolver.cpp, line 774]

VM Operations (20 events):
Event: 6.300 Executing VM operation: Cleanup done
Event: 7.300 Executing VM operation: Cleanup
Event: 7.300 Executing VM operation: Cleanup done
Event: 9.300 Executing VM operation: Cleanup
Event: 9.301 Executing VM operation: Cleanup done
Event: 12.301 Executing VM operation: Cleanup
Event: 12.301 Executing VM operation: Cleanup done
Event: 13.302 Executing VM operation: Cleanup
Event: 13.302 Executing VM operation: Cleanup done
Event: 14.303 Executing VM operation: Cleanup
Event: 14.303 Executing VM operation: Cleanup done
Event: 15.304 Executing VM operation: Cleanup
Event: 15.304 Executing VM operation: Cleanup done
Event: 22.305 Executing VM operation: Cleanup
Event: 22.306 Executing VM operation: Cleanup done
Event: 25.307 Executing VM operation: Cleanup
Event: 25.307 Executing VM operation: Cleanup done
Event: 28.307 Executing VM operation: Cleanup
Event: 28.308 Executing VM operation: Cleanup done
Event: 131.627 Executing VM operation: Exit

Events (20 events):
Event: 0.194 Thread 0x000002152613d9d0 Thread added: 0x000002152613d9d0
Event: 0.194 Thread 0x0000021526570030 Thread added: 0x0000021526570030
Event: 0.415 Thread 0x00000215259ea4c0 Thread exited: 0x00000215259ea4c0
Event: 0.481 Thread 0x00000215264dfdb0 Thread added: 0x00000215264dfdb0
Event: 0.565 Thread 0x0000021526607fc0 Thread added: 0x0000021526607fc0
Event: 0.568 Thread 0x0000021526611560 Thread added: 0x0000021526611560
Event: 0.637 Thread 0x00000215267f4350 Thread added: 0x00000215267f4350
Event: 0.645 Thread 0x00000215267deb90 Thread added: 0x00000215267deb90
Event: 1.363 Thread 0x00000215267e00d0 Thread added: 0x00000215267e00d0
Event: 1.583 Thread 0x00000215267df0e0 Thread added: 0x00000215267df0e0
Event: 1.822 Thread 0x00000215259e9aa0 Thread exited: 0x00000215259e9aa0
Event: 3.288 Thread 0x000002152687f010 Thread added: 0x000002152687f010
Event: 3.469 Thread 0x000002152687f010 Thread exited: 0x000002152687f010
Event: 4.777 Thread 0x0000021526fcc900 Thread added: 0x0000021526fcc900
Event: 6.174 Thread 0x0000021526fcc900 Thread exited: 0x0000021526fcc900
Event: 131.622 Thread 0x00000215267dfb80 Thread added: 0x00000215267dfb80
Event: 131.623 Thread 0x0000021526abf370 Thread added: 0x0000021526abf370
Event: 131.623 Thread 0x0000021526ac18a0 Thread added: 0x0000021526ac18a0
Event: 131.624 Thread 0x0000021526abf370 Thread exited: 0x0000021526abf370
Event: 131.626 Thread 0x0000021526ac18a0 Thread exited: 0x0000021526ac18a0


Dynamic libraries:
0x00007ff685e40000 - 0x00007ff685e4e000 	C:\Users\makod\.jdks\openjdk-19\bin\java.exe
0x00007fffbccc0000 - 0x00007fffbcec9000 	C:\WINDOWS\SYSTEM32\ntdll.dll
0x00007fffbb580000 - 0x00007fffbb63d000 	C:\WINDOWS\System32\KERNEL32.DLL
0x00007fffba430000 - 0x00007fffba7ac000 	C:\WINDOWS\System32\KERNELBASE.dll
0x00007fffba9b0000 - 0x00007fffbaac1000 	C:\WINDOWS\System32\ucrtbase.dll
0x00007fffa5900000 - 0x00007fffa591b000 	C:\Users\makod\.jdks\openjdk-19\bin\VCRUNTIME140.dll
0x00007fffa58e0000 - 0x00007fffa58f7000 	C:\Users\makod\.jdks\openjdk-19\bin\jli.dll
0x00007fffa2150000 - 0x00007fffa23f5000 	C:\WINDOWS\WinSxS\amd64_microsoft.windows.common-controls_6595b64144ccf1df_6.0.22000.120_none_9d947278b86cc467\COMCTL32.dll
0x00007fffbca90000 - 0x00007fffbcb33000 	C:\WINDOWS\System32\msvcrt.dll
0x00007fffbafb0000 - 0x00007fffbb15d000 	C:\WINDOWS\System32\USER32.dll
0x00007fffbc5c0000 - 0x00007fffbc5e9000 	C:\WINDOWS\System32\GDI32.dll
0x00007fffba7b0000 - 0x00007fffba7d6000 	C:\WINDOWS\System32\win32u.dll
0x00007fffba310000 - 0x00007fffba429000 	C:\WINDOWS\System32\gdi32full.dll
0x00007fffba7e0000 - 0x00007fffba87d000 	C:\WINDOWS\System32\msvcp_win.dll
0x00007fffbb640000 - 0x00007fffbb671000 	C:\WINDOWS\System32\IMM32.DLL
0x00007fffb38b0000 - 0x00007fffb38bc000 	C:\Users\makod\.jdks\openjdk-19\bin\vcruntime140_1.dll
0x00007fffa11d0000 - 0x00007fffa125e000 	C:\Users\makod\.jdks\openjdk-19\bin\msvcp140.dll
0x00007fff730e0000 - 0x00007fff73da0000 	C:\Users\makod\.jdks\openjdk-19\bin\server\jvm.dll
0x00007fffbcb40000 - 0x00007fffbcbee000 	C:\WINDOWS\System32\ADVAPI32.dll
0x00007fffbab50000 - 0x00007fffbabee000 	C:\WINDOWS\System32\sechost.dll
0x00007fffbacf0000 - 0x00007fffbae10000 	C:\WINDOWS\System32\RPCRT4.dll
0x00007fffb3770000 - 0x00007fffb37a3000 	C:\WINDOWS\SYSTEM32\WINMM.dll
0x00007fffb2b70000 - 0x00007fffb2b7a000 	C:\WINDOWS\SYSTEM32\VERSION.dll
0x00007fffb3870000 - 0x00007fffb3879000 	C:\WINDOWS\SYSTEM32\WSOCK32.dll
0x00007fffbb2c0000 - 0x00007fffbb32f000 	C:\WINDOWS\System32\WS2_32.dll
0x00007fffb9380000 - 0x00007fffb9398000 	C:\WINDOWS\SYSTEM32\kernel.appcore.dll
0x00007fffb37f0000 - 0x00007fffb37fa000 	C:\Users\makod\.jdks\openjdk-19\bin\jimage.dll
0x00007fffb7730000 - 0x00007fffb7951000 	C:\WINDOWS\SYSTEM32\DBGHELP.DLL
0x00007fffb0e70000 - 0x00007fffb0ea1000 	C:\WINDOWS\SYSTEM32\dbgcore.DLL
0x00007fffbaad0000 - 0x00007fffbab4f000 	C:\WINDOWS\System32\bcryptPrimitives.dll
0x00007fffae5f0000 - 0x00007fffae5fe000 	C:\Users\makod\.jdks\openjdk-19\bin\instrument.dll
0x00007fffa1a00000 - 0x00007fffa1a26000 	C:\Users\makod\.jdks\openjdk-19\bin\java.dll
0x00007fffa0b20000 - 0x00007fffa0bf7000 	C:\Users\makod\.jdks\openjdk-19\bin\jsvml.dll
0x00007fffbb680000 - 0x00007fffbbe38000 	C:\WINDOWS\System32\SHELL32.dll
0x00007fffb82e0000 - 0x00007fffb8b48000 	C:\WINDOWS\SYSTEM32\windows.storage.dll
0x00007fffbc710000 - 0x00007fffbca89000 	C:\WINDOWS\System32\combase.dll
0x00007fffb8170000 - 0x00007fffb82d6000 	C:\WINDOWS\SYSTEM32\wintypes.dll
0x00007fffbb430000 - 0x00007fffbb51a000 	C:\WINDOWS\System32\SHCORE.dll
0x00007fffbc4a0000 - 0x00007fffbc4fd000 	C:\WINDOWS\System32\shlwapi.dll
0x00007fffba0d0000 - 0x00007fffba0f1000 	C:\WINDOWS\SYSTEM32\profapi.dll
0x00007fffa1bd0000 - 0x00007fffa1be3000 	C:\Users\makod\.jdks\openjdk-19\bin\net.dll
0x00007fffb3d00000 - 0x00007fffb3e0c000 	C:\WINDOWS\SYSTEM32\WINHTTP.dll
0x00007fffb97b0000 - 0x00007fffb9817000 	C:\WINDOWS\system32\mswsock.dll
0x00007fffa19e0000 - 0x00007fffa19f6000 	C:\Users\makod\.jdks\openjdk-19\bin\nio.dll
0x00007fffa19c0000 - 0x00007fffa19d8000 	C:\Users\makod\.jdks\openjdk-19\bin\zip.dll
0x00007fffa16b0000 - 0x00007fffa16ca000 	C:\Program Files\JetBrains\IntelliJ IDEA Community Edition 2021.3.2\bin\breakgen64.dll
0x0000021521790000 - 0x0000021521793000 	C:\Users\makod\.openjfx\cache\17.0.1\api-ms-win-core-console-l1-1-0.dll
0x00000215217a0000 - 0x00000215217a3000 	C:\Users\makod\.openjfx\cache\17.0.1\api-ms-win-core-console-l1-2-0.dll
0x00000215217b0000 - 0x00000215217b3000 	C:\Users\makod\.openjfx\cache\17.0.1\api-ms-win-core-datetime-l1-1-0.dll
0x00000215217c0000 - 0x00000215217c3000 	C:\Users\makod\.openjfx\cache\17.0.1\api-ms-win-core-debug-l1-1-0.dll
0x00000215217d0000 - 0x00000215217d3000 	C:\Users\makod\.openjfx\cache\17.0.1\api-ms-win-core-errorhandling-l1-1-0.dll
0x00000215217e0000 - 0x00000215217e4000 	C:\Users\makod\.openjfx\cache\17.0.1\api-ms-win-core-file-l1-1-0.dll
0x00000215217f0000 - 0x00000215217f3000 	C:\Users\makod\.openjfx\cache\17.0.1\api-ms-win-core-file-l1-2-0.dll
0x00000215274e0000 - 0x00000215274e3000 	C:\Users\makod\.openjfx\cache\17.0.1\api-ms-win-core-file-l2-1-0.dll
0x00000215274f0000 - 0x00000215274f3000 	C:\Users\makod\.openjfx\cache\17.0.1\api-ms-win-core-handle-l1-1-0.dll
0x0000021527500000 - 0x0000021527503000 	C:\Users\makod\.openjfx\cache\17.0.1\api-ms-win-core-heap-l1-1-0.dll
0x0000021527510000 - 0x0000021527513000 	C:\Users\makod\.openjfx\cache\17.0.1\api-ms-win-core-interlocked-l1-1-0.dll
0x0000021527520000 - 0x0000021527523000 	C:\Users\makod\.openjfx\cache\17.0.1\api-ms-win-core-libraryloader-l1-1-0.dll
0x0000021527530000 - 0x0000021527533000 	C:\Users\makod\.openjfx\cache\17.0.1\api-ms-win-core-localization-l1-2-0.dll
0x0000021527540000 - 0x0000021527543000 	C:\Users\makod\.openjfx\cache\17.0.1\api-ms-win-core-memory-l1-1-0.dll
0x0000021527550000 - 0x0000021527553000 	C:\Users\makod\.openjfx\cache\17.0.1\api-ms-win-core-namedpipe-l1-1-0.dll
0x0000021527560000 - 0x0000021527563000 	C:\Users\makod\.openjfx\cache\17.0.1\api-ms-win-core-processenvironment-l1-1-0.dll
0x0000021527570000 - 0x0000021527573000 	C:\Users\makod\.openjfx\cache\17.0.1\api-ms-win-core-processthreads-l1-1-0.dll
0x0000021527580000 - 0x0000021527583000 	C:\Users\makod\.openjfx\cache\17.0.1\api-ms-win-core-processthreads-l1-1-1.dll
0x0000021527590000 - 0x0000021527593000 	C:\Users\makod\.openjfx\cache\17.0.1\api-ms-win-core-profile-l1-1-0.dll
0x00000215275a0000 - 0x00000215275a3000 	C:\Users\makod\.openjfx\cache\17.0.1\api-ms-win-core-rtlsupport-l1-1-0.dll
0x00000215275b0000 - 0x00000215275b3000 	C:\Users\makod\.openjfx\cache\17.0.1\api-ms-win-core-string-l1-1-0.dll
0x00000215275c0000 - 0x00000215275c3000 	C:\Users\makod\.openjfx\cache\17.0.1\api-ms-win-core-synch-l1-1-0.dll
0x00000215275d0000 - 0x00000215275d3000 	C:\Users\makod\.openjfx\cache\17.0.1\api-ms-win-core-synch-l1-2-0.dll
0x00000215275e0000 - 0x00000215275e3000 	C:\Users\makod\.openjfx\cache\17.0.1\api-ms-win-core-sysinfo-l1-1-0.dll
0x00000215275f0000 - 0x00000215275f3000 	C:\Users\makod\.openjfx\cache\17.0.1\api-ms-win-core-timezone-l1-1-0.dll
0x0000021527600000 - 0x0000021527603000 	C:\Users\makod\.openjfx\cache\17.0.1\api-ms-win-core-util-l1-1-0.dll
0x0000021527610000 - 0x0000021527613000 	C:\Users\makod\.openjfx\cache\17.0.1\api-ms-win-crt-conio-l1-1-0.dll
0x0000021527620000 - 0x0000021527624000 	C:\Users\makod\.openjfx\cache\17.0.1\api-ms-win-crt-convert-l1-1-0.dll
0x0000021527630000 - 0x0000021527633000 	C:\Users\makod\.openjfx\cache\17.0.1\api-ms-win-crt-environment-l1-1-0.dll
0x0000021527640000 - 0x0000021527643000 	C:\Users\makod\.openjfx\cache\17.0.1\api-ms-win-crt-filesystem-l1-1-0.dll
0x0000021527650000 - 0x0000021527653000 	C:\Users\makod\.openjfx\cache\17.0.1\api-ms-win-crt-heap-l1-1-0.dll
0x0000021527660000 - 0x0000021527663000 	C:\Users\makod\.openjfx\cache\17.0.1\api-ms-win-crt-locale-l1-1-0.dll
0x0000021527670000 - 0x0000021527675000 	C:\Users\makod\.openjfx\cache\17.0.1\api-ms-win-crt-math-l1-1-0.dll
0x0000021527680000 - 0x0000021527685000 	C:\Users\makod\.openjfx\cache\17.0.1\api-ms-win-crt-multibyte-l1-1-0.dll
0x0000021527690000 - 0x00000215276a0000 	C:\Users\makod\.openjfx\cache\17.0.1\api-ms-win-crt-private-l1-1-0.dll
0x00000215276a0000 - 0x00000215276a3000 	C:\Users\makod\.openjfx\cache\17.0.1\api-ms-win-crt-process-l1-1-0.dll
0x00000215276b0000 - 0x00000215276b4000 	C:\Users\makod\.openjfx\cache\17.0.1\api-ms-win-crt-runtime-l1-1-0.dll
0x00000215276c0000 - 0x00000215276c4000 	C:\Users\makod\.openjfx\cache\17.0.1\api-ms-win-crt-stdio-l1-1-0.dll
0x00000215276d0000 - 0x00000215276d4000 	C:\Users\makod\.openjfx\cache\17.0.1\api-ms-win-crt-string-l1-1-0.dll
0x00000215276e0000 - 0x00000215276e3000 	C:\Users\makod\.openjfx\cache\17.0.1\api-ms-win-crt-time-l1-1-0.dll
0x00000215276f0000 - 0x00000215276f3000 	C:\Users\makod\.openjfx\cache\17.0.1\api-ms-win-crt-utility-l1-1-0.dll
0x00007fffa0a20000 - 0x00007fffa0b1c000 	C:\Users\makod\.openjfx\cache\17.0.1\ucrtbase.dll
0x00007fffa1380000 - 0x00007fffa139a000 	C:\Users\makod\.openjfx\cache\17.0.1\vcruntime140.dll
0x00007fffae480000 - 0x00007fffae48c000 	C:\Users\makod\.openjfx\cache\17.0.1\vcruntime140_1.dll
0x00007fffa0990000 - 0x00007fffa0a1d000 	C:\Users\makod\.openjfx\cache\17.0.1\msvcp140.dll
0x00007fffa12c0000 - 0x00007fffa12ea000 	C:\Users\makod\.openjfx\cache\17.0.1\prism_d3d.dll
0x00007fffa8180000 - 0x00007fffa8326000 	C:\WINDOWS\system32\d3d9.dll
0x00007fffb7b00000 - 0x00007fffb7b2f000 	C:\WINDOWS\SYSTEM32\dwmapi.dll
0x00007fffb7990000 - 0x00007fffb79c8000 	C:\WINDOWS\SYSTEM32\dxcore.dll
0x00007fffb68d0000 - 0x00007fffb697c000 	C:\WINDOWS\system32\uxtheme.dll
0x00007fff591b0000 - 0x00007fff59313000 	C:\WINDOWS\System32\DriverStore\FileRepository\iigd_dch.inf_amd64_a447fbb12ee262cf\igdumdim64.dll
0x00007fffbae10000 - 0x00007fffbafaa000 	C:\WINDOWS\System32\ole32.dll
0x00007fff297d0000 - 0x00007fff2df55000 	C:\WINDOWS\System32\DriverStore\FileRepository\iigd_dch.inf_amd64_a447fbb12ee262cf\igd9dxva64.dll
0x00007fffbb160000 - 0x00007fffbb236000 	C:\WINDOWS\System32\OLEAUT32.dll
0x00007fffbbe40000 - 0x00007fffbc2ac000 	C:\WINDOWS\System32\SETUPAPI.dll
0x00007fffb9ea0000 - 0x00007fffb9eec000 	C:\WINDOWS\SYSTEM32\cfgmgr32.dll
0x00007fffaf980000 - 0x00007fffafc01000 	C:\WINDOWS\System32\DriverStore\FileRepository\iigd_dch.inf_amd64_a447fbb12ee262cf\igdgmm64.dll
0x00007fffb2810000 - 0x00007fffb2854000 	C:\WINDOWS\SYSTEM32\directxdatabasehelper.dll
0x00007fffb7b30000 - 0x00007fffb7b64000 	C:\WINDOWS\SYSTEM32\ntmarta.dll
0x00007fffa03e0000 - 0x00007fffa0422000 	C:\Users\makod\.openjfx\cache\17.0.1\glass.dll
0x00007fffbabf0000 - 0x00007fffbacdc000 	C:\WINDOWS\System32\COMDLG32.dll
0x00007fffbc5f0000 - 0x00007fffbc70e000 	C:\WINDOWS\System32\MSCTF.dll
0x00007fff9f8d0000 - 0x00007fff9f8f7000 	C:\WINDOWS\System32\DriverStore\FileRepository\iigd_dch.inf_amd64_a447fbb12ee262cf\igdinfo64.dll
0x00007fffa9b90000 - 0x00007fffac9d4000 	C:\WINDOWS\System32\DriverStore\FileRepository\iigd_dch.inf_amd64_a447fbb12ee262cf\igc64.dll
0x00007fffa0970000 - 0x00007fffa0984000 	C:\Users\makod\.openjfx\cache\17.0.1\javafx_font.dll
0x00007fffb6fb0000 - 0x00007fffb720f000 	C:\WINDOWS\SYSTEM32\dwrite.dll
0x00007fffbc500000 - 0x00007fffbc5af000 	C:\WINDOWS\System32\clbcatq.dll
0x00007fffb0fa0000 - 0x00007fffb114e000 	C:\WINDOWS\SYSTEM32\WindowsCodecs.dll
0x00007fff7ea60000 - 0x00007fff7eabd000 	C:\WINDOWS\system32\dataexchange.dll
0x00007fffb08a0000 - 0x00007fffb0b06000 	C:\WINDOWS\system32\twinapi.appcore.dll
0x00007fff8cc70000 - 0x00007fff8cca2000 	C:\Program Files\Common Files\Microsoft Shared\Ink\rtscom.dll
0x00007fffa77d0000 - 0x00007fffa78fd000 	C:\WINDOWS\SYSTEM32\textinputframework.dll
0x00007fffb55c0000 - 0x00007fffb56f2000 	C:\WINDOWS\SYSTEM32\CoreMessaging.dll
0x00007fffb1ee0000 - 0x00007fffb224d000 	C:\WINDOWS\SYSTEM32\CoreUIComponents.dll
0x00007fffb9a10000 - 0x00007fffb9a1c000 	C:\WINDOWS\SYSTEM32\CRYPTBASE.DLL

dbghelp: loaded successfully - version: 4.0.5 - missing functions: none
symbol engine: initialized successfully - sym options: 0x614 - pdb path: .;C:\Users\makod\.jdks\openjdk-19\bin;C:\WINDOWS\SYSTEM32;C:\WINDOWS\WinSxS\amd64_microsoft.windows.common-controls_6595b64144ccf1df_6.0.22000.120_none_9d947278b86cc467;C:\Users\makod\.jdks\openjdk-19\bin\server;C:\Program Files\JetBrains\IntelliJ IDEA Community Edition 2021.3.2\bin;C:\Users\makod\.openjfx\cache\17.0.1;C:\WINDOWS\System32\DriverStore\FileRepository\iigd_dch.inf_amd64_a447fbb12ee262cf;C:\Program Files\Common Files\Microsoft Shared\Ink

VM Arguments:
jvm_args: -javaagent:C:\Program Files\JetBrains\IntelliJ IDEA Community Edition 2021.3.2\lib\idea_rt.jar=58961:C:\Program Files\JetBrains\IntelliJ IDEA Community Edition 2021.3.2\bin -Dfile.encoding=UTF-8 --module-path=C:\Users\makod\.m2\repository\org\openjfx\javafx-base\17.0.1\javafx-base-17.0.1-win.jar;C:\Users\makod\.m2\repository\org\openjfx\javafx-controls\17.0.1\javafx-controls-17.0.1-win.jar;C:\Users\makod\IdeaProjects\CourseProject2\target\classes;C:\Users\makod\.m2\repository\org\openjfx\javafx-fxml\17.0.1\javafx-fxml-17.0.1-win.jar;C:\Users\makod\.m2\repository\org\openjfx\javafx-graphics\17.0.1\javafx-graphics-17.0.1-win.jar -Djdk.module.main=sample.courseproject2 
java_command: sample.courseproject2/sample.courseproject2.App
java_class_path (initial): C:\Users\makod\.m2\repository\org\openjfx\javafx-controls\17.0.1\javafx-controls-17.0.1.jar;C:\Users\makod\.m2\repository\org\openjfx\javafx-graphics\17.0.1\javafx-graphics-17.0.1.jar;C:\Users\makod\.m2\repository\org\openjfx\javafx-base\17.0.1\javafx-base-17.0.1.jar;C:\Users\makod\.m2\repository\org\openjfx\javafx-fxml\17.0.1\javafx-fxml-17.0.1.jar;C:\Users\makod\IdeaProjects\CourseProject2\mysql-connector-java-8.0.30.jar
Launcher Type: SUN_STANDARD

[Global flags]
     intx CICompilerCount                          = 4                                         {product} {ergonomic}
     uint ConcGCThreads                            = 2                                         {product} {ergonomic}
     uint G1ConcRefinementThreads                  = 8                                         {product} {ergonomic}
   size_t G1HeapRegionSize                         = 2097152                                   {product} {ergonomic}
    uintx GCDrainStackTargetSize                   = 64                                        {product} {ergonomic}
   size_t InitialHeapSize                          = 266338304                                 {product} {ergonomic}
   size_t MarkStackSize                            = 4194304                                   {product} {ergonomic}
   size_t MaxHeapSize                              = 4240441344                                {product} {ergonomic}
   size_t MaxNewSize                               = 2543845376                                {product} {ergonomic}
   size_t MinHeapDeltaBytes                        = 2097152                                   {product} {ergonomic}
   size_t MinHeapSize                              = 8388608                                   {product} {ergonomic}
    uintx NonNMethodCodeHeapSize                   = 5839372                                {pd product} {ergonomic}
    uintx NonProfiledCodeHeapSize                  = 122909434                              {pd product} {ergonomic}
    uintx ProfiledCodeHeapSize                     = 122909434                              {pd product} {ergonomic}
    uintx ReservedCodeCacheSize                    = 251658240                              {pd product} {ergonomic}
     bool SegmentedCodeCache                       = true                                      {product} {ergonomic}
   size_t SoftMaxHeapSize                          = 4240441344                             {manageable} {ergonomic}
     bool UseCompressedClassPointers               = true                           {product lp64_product} {ergonomic}
     bool UseCompressedOops                        = true                           {product lp64_product} {ergonomic}
     bool UseG1GC                                  = true                                      {product} {ergonomic}
     bool UseLargePagesIndividualAllocation        = false                                  {pd product} {ergonomic}

Logging:
Log output configuration:
 #0: stdout all=off uptime,level,tags foldmultilines=false
 #1: stderr all=off uptime,level,tags foldmultilines=false

Environment Variables:
PATH=C:\Program Files (x86)\Common Files\Oracle\Java\javapath;C:\WINDOWS\system32;C:\WINDOWS;C:\WINDOWS\System32\Wbem;C:\WINDOWS\System32\WindowsPowerShell\v1.0\;C:\WINDOWS\System32\OpenSSH\;C:\Program Files\NVIDIA Corporation\NVIDIA NvDLISR;C:\Program Files (x86)\NVIDIA Corporation\PhysX\Common;C:\Program Files (x86)\dotnet\;C:\Program Files\PuTTY\;C:\Program Files\dotnet\;C:\Program Files\Git\cmd;C:\Users\makod\AppData\Local\Programs\Python\Python310\Scripts\;C:\Users\makod\AppData\Local\Programs\Python\Python310\;C:\Users\makod\AppData\Local\Microsoft\WindowsApps;C:\Program Files\JetBrains\PyCharm Community Edition 2022.1.2\bin;;C:\Users\makod\AppData\Local\GitHubDesktop\bin;C:\Users\makod\.dotnet\tools
USERNAME=makod
OS=Windows_NT
PROCESSOR_IDENTIFIER=Intel64 Family 6 Model 126 Stepping 5, GenuineIntel
TMP=C:\Users\makod\AppData\Local\Temp
TEMP=C:\Users\makod\AppData\Local\Temp



---------------  S Y S T E M  ---------------

OS:
 Windows 11 , 64 bit Build 22000 (10.0.22000.708)
OS uptime: 3 days 5:04 hours

CPU: total 8 (initial active 8) (4 cores per cpu, 2 threads per core) family 6 model 126 stepping 5 microcode 0xa0, cx8, cmov, fxsr, ht, mmx, 3dnowpref, sse, sse2, sse3, ssse3, sse4.1, sse4.2, popcnt, lzcnt, tsc, tscinvbit, avx, avx2, aes, erms, clmul, bmi1, bmi2, adx, avx512f, avx512dq, avx512cd, avx512bw, avx512vl, sha, fma, vzeroupper, avx512_vpopcntdq, avx512_vpclmulqdq, avx512_vaes, avx512_vnni, clflush, clflushopt, avx512_vbmi2, avx512_vbmi, rdtscp, rdpid, fsrm, gfni, avx512_bitalg

Memory: 4k page, system-wide physical 16174M (3992M free)
TotalPageFile size 20686M (AvailPageFile size 3143M)
current process WorkingSet (physical memory assigned to process): 156M, peak: 172M
current process commit charge ("private bytes"): 405M, peak: 423M

vm_info: OpenJDK 64-Bit Server VM (19+36-2238) for windows-amd64 JRE (19+36-2238), built on 2022-08-12T20:29:01Z by "mach5one" with MS VC++ 17.1 (VS2022)

END.
